This file contains any messages produced by compilers while
running configure, to aid debugging if configure makes a mistake.

It was created by iptables configure 1.4.17, which was
generated by GNU Autoconf 2.69.  Invocation command line was

  $ ./configure --host=arm-greenwave-linux-gnueabihf --target=arm-greenwave-linux-gnueabihf --prefix= --sbindir=/sbin --libexecdir=/lib --with-xtlibdir=/lib --enable-libipq --enable-shared --enable-static

## --------- ##
## Platform. ##
## --------- ##

hostname = sbuild2
uname -m = x86_64
uname -r = 3.19.0-31-generic
uname -s = Linux
uname -v = #36~14.04.1-Ubuntu SMP Thu Oct 8 10:21:08 UTC 2015

/usr/bin/uname -p = unknown
/bin/uname -X     = unknown

/bin/arch              = unknown
/usr/bin/arch -k       = unknown
/usr/convex/getsysinfo = unknown
/usr/bin/hostinfo      = unknown
/bin/machine           = unknown
/usr/bin/oslevel       = unknown
/bin/universe          = unknown

PATH: /home/jenkins/slave/workspace/BHR4_Release_Build_FiOS1.3_PROD/output/toolchains/arm-cortex-a9_linaro-gcc47/ccache
PATH: /home/jenkins/slave/workspace/BHR4_Release_Build_FiOS1.3_PROD/output/toolchains/arm-cortex-a9_linaro-gcc47/bin
PATH: /home/jenkins/slave/workspace/BHR4_Release_Build_FiOS1.3_PROD/output/bhr4/host_tools/bin
PATH: /home/jenkins/slave/workspace/BHR4_Release_Build_FiOS1.3_PROD/output/toolchains/arm-cortex-a9_linaro-gcc47/ccache
PATH: /home/jenkins/slave/workspace/BHR4_Release_Build_FiOS1.3_PROD/output/toolchains/arm-cortex-a9_linaro-gcc47/bin
PATH: /home/jenkins/slave/workspace/BHR4_Release_Build_FiOS1.3_PROD/output/bhr4/host_tools/bin
PATH: /home/jenkins/slave/workspace/BHR4_Release_Build_FiOS1.3_PROD/output/toolchains/arm-cortex-a9_linaro-gcc47/ccache
PATH: /home/jenkins/slave/workspace/BHR4_Release_Build_FiOS1.3_PROD/output/toolchains/arm-cortex-a9_linaro-gcc47/bin
PATH: /home/jenkins/slave/workspace/BHR4_Release_Build_FiOS1.3_PROD/output/bhr4/host_tools/bin
PATH: /usr/lib/ccache
PATH: /usr/local/sbin
PATH: /usr/local/bin
PATH: /usr/sbin
PATH: /usr/bin
PATH: /sbin
PATH: /bin
PATH: /usr/games
PATH: /usr/local/games
PATH: /home/jenkins/slave/workspace/BHR4_Release_Build_FiOS1.3_PROD/tools/bin
PATH: /home/jenkins/slave/workspace/BHR4_Release_Build_FiOS1.3_PROD/output/bhr4/host_tools/bin


## ----------- ##
## Core tests. ##
## ----------- ##

configure:2495: checking for a BSD-compatible install
configure:2563: result: /usr/bin/install -c
configure:2576: checking whether build environment is sane
configure:2626: result: yes
configure:2675: checking for arm-greenwave-linux-gnueabihf-strip
configure:2691: found /home/jenkins/slave/workspace/BHR4_Release_Build_FiOS1.3_PROD/output/toolchains/arm-cortex-a9_linaro-gcc47/bin/arm-greenwave-linux-gnueabihf-strip
configure:2702: result: arm-greenwave-linux-gnueabihf-strip
configure:2767: checking for a thread-safe mkdir -p
configure:2806: result: /bin/mkdir -p
configure:2819: checking for gawk
configure:2835: found /usr/bin/gawk
configure:2846: result: gawk
configure:2857: checking whether make sets $(MAKE)
configure:2879: result: yes
configure:2967: checking for arm-greenwave-linux-gnueabihf-gcc
configure:2994: result: arm-greenwave-linux-gnueabihf-gcc
configure:3263: checking for C compiler version
configure:3272: arm-greenwave-linux-gnueabihf-gcc --version >&5
arm-greenwave-linux-gnueabihf-gcc (crosstool-NG 1.19.0 - Linaro gcc 4.7-2013.12) 4.7.4 20131207 (prerelease)
Copyright (C) 2012 Free Software Foundation, Inc.
This is free software; see the source for copying conditions.  There is NO
warranty; not even for MERCHANTABILITY or FITNESS FOR A PARTICULAR PURPOSE.

configure:3283: $? = 0
configure:3272: arm-greenwave-linux-gnueabihf-gcc -v >&5
Using built-in specs.
COLLECT_GCC=/home/jenkins/slave/workspace/BHR4_Release_Build_FiOS1.3_PROD/output/toolchains/arm-cortex-a9_linaro-gcc47/bin/arm-greenwave-linux-gnueabihf-gcc
COLLECT_LTO_WRAPPER=/home/jenkins/slave/workspace/BHR4_Release_Build_FiOS1.3_PROD/output/toolchains/arm-cortex-a9_linaro-gcc47/libexec/gcc/arm-greenwave-linux-gnueabihf/4.7.4/lto-wrapper
Target: arm-greenwave-linux-gnueabihf
Configured with: /home/jenkins/slave/workspace/BHR4_Release_Build_FiOS1.3_PROD/output/toolchains/build/arm-cortex-a9_linaro-gcc47/crosstool-ng-1.19.0/targets/src/gcc-linaro-4.7-2013.12/configure --build=x86_64-build_unknown-linux-gnu --host=x86_64-build_unknown-linux-gnu --target=arm-greenwave-linux-gnueabihf --prefix=/home/jenkins/slave/workspace/BHR4_Release_Build_FiOS1.3_PROD/output/toolchains/arm-cortex-a9_linaro-gcc47 --with-sysroot=/home/jenkins/slave/workspace/BHR4_Release_Build_FiOS1.3_PROD/output/toolchains/arm-cortex-a9_linaro-gcc47/arm-greenwave-linux-gnueabihf/sysroot --enable-languages=c,c++ --with-arch=armv7-a --with-cpu=cortex-a9 --with-tune=cortex-a9 --with-fpu=vfpv3-d16 --with-float=hard --with-pkgversion='crosstool-NG 1.19.0 - Linaro gcc 4.7-2013.12' --with-bugurl=kongen@greenwavereality.com --disable-sjlj-exceptions --enable-__cxa_atexit --disable-libmudflap --disable-libgomp --disable-libssp --disable-libquadmath --disable-libquadmath-support --with-gmp=/home/jenkins/slave/workspace/BHR4_Release_Build_FiOS1.3_PROD/output/toolchains/build/arm-cortex-a9_linaro-gcc47/crosstool-ng-1.19.0/targets/arm-greenwave-linux-gnueabihf/buildtools --with-mpfr=/home/jenkins/slave/workspace/BHR4_Release_Build_FiOS1.3_PROD/output/toolchains/build/arm-cortex-a9_linaro-gcc47/crosstool-ng-1.19.0/targets/arm-greenwave-linux-gnueabihf/buildtools --with-mpc=/home/jenkins/slave/workspace/BHR4_Release_Build_FiOS1.3_PROD/output/toolchains/build/arm-cortex-a9_linaro-gcc47/crosstool-ng-1.19.0/targets/arm-greenwave-linux-gnueabihf/buildtools --with-ppl=no --with-isl=no --with-cloog=no --with-libelf=no --enable-threads=posix --with-long-double-128 --enable-linker-build-id --with-linker-hash-style=gnu --enable-plugin --enable-gold --disable-nls --disable-multilib --with-local-prefix=/home/jenkins/slave/workspace/BHR4_Release_Build_FiOS1.3_PROD/output/toolchains/arm-cortex-a9_linaro-gcc47/arm-greenwave-linux-gnueabihf/sysroot --enable-c99 --enable-long-long --with-mode=thumb
Thread model: posix
gcc version 4.7.4 20131207 (prerelease) (crosstool-NG 1.19.0 - Linaro gcc 4.7-2013.12) 
configure:3283: $? = 0
configure:3272: arm-greenwave-linux-gnueabihf-gcc -V >&5
arm-greenwave-linux-gnueabihf-gcc: error: unrecognized command line option '-V'
arm-greenwave-linux-gnueabihf-gcc: fatal error: no input files
compilation terminated.
configure:3283: $? = 1
configure:3272: arm-greenwave-linux-gnueabihf-gcc -qversion >&5
arm-greenwave-linux-gnueabihf-gcc: error: unrecognized command line option '-qversion'
arm-greenwave-linux-gnueabihf-gcc: fatal error: no input files
compilation terminated.
configure:3283: $? = 1
configure:3303: checking whether the C compiler works
configure:3325: arm-greenwave-linux-gnueabihf-gcc -O2 -g   -I/home/jenkins/slave/workspace/BHR4_Release_Build_FiOS1.3_PROD/output/bhr4/include -isystem /home/jenkins/slave/workspace/BHR4_Release_Build_FiOS1.3_PROD/output/bhr4/thirdparty-include -march=armv7-a -mcpu=cortex-a9 -mtune=cortex-a9 -mfpu=vfpv3-d16 -mfloat-abi=hard   -O2 -g   -I/home/jenkins/slave/workspace/BHR4_Release_Build_FiOS1.3_PROD/output/bhr4/include -isystem /home/jenkins/slave/workspace/BHR4_Release_Build_FiOS1.3_PROD/output/bhr4/thirdparty-include -march=armv7-a -mcpu=cortex-a9 -mtune=cortex-a9 -mfpu=vfpv3-d16 -mfloat-abi=hard   -L/home/jenkins/slave/workspace/BHR4_Release_Build_FiOS1.3_PROD/output/bhr4/lib -Wl,-O1 -Wl,--as-needed  conftest.c -Wl,-rpath-link=/home/jenkins/slave/workspace/BHR4_Release_Build_FiOS1.3_PROD/output/bhr4/lib -Wl,-L/home/jenkins/slave/workspace/BHR4_Release_Build_FiOS1.3_PROD/output/bhr4/lib  >&5
configure:3329: $? = 0
configure:3377: result: yes
configure:3380: checking for C compiler default output file name
configure:3382: result: a.out
configure:3388: checking for suffix of executables
configure:3395: arm-greenwave-linux-gnueabihf-gcc -o conftest -O2 -g   -I/home/jenkins/slave/workspace/BHR4_Release_Build_FiOS1.3_PROD/output/bhr4/include -isystem /home/jenkins/slave/workspace/BHR4_Release_Build_FiOS1.3_PROD/output/bhr4/thirdparty-include -march=armv7-a -mcpu=cortex-a9 -mtune=cortex-a9 -mfpu=vfpv3-d16 -mfloat-abi=hard   -O2 -g   -I/home/jenkins/slave/workspace/BHR4_Release_Build_FiOS1.3_PROD/output/bhr4/include -isystem /home/jenkins/slave/workspace/BHR4_Release_Build_FiOS1.3_PROD/output/bhr4/thirdparty-include -march=armv7-a -mcpu=cortex-a9 -mtune=cortex-a9 -mfpu=vfpv3-d16 -mfloat-abi=hard   -L/home/jenkins/slave/workspace/BHR4_Release_Build_FiOS1.3_PROD/output/bhr4/lib -Wl,-O1 -Wl,--as-needed  conftest.c -Wl,-rpath-link=/home/jenkins/slave/workspace/BHR4_Release_Build_FiOS1.3_PROD/output/bhr4/lib -Wl,-L/home/jenkins/slave/workspace/BHR4_Release_Build_FiOS1.3_PROD/output/bhr4/lib  >&5
configure:3399: $? = 0
configure:3421: result: 
configure:3443: checking whether we are cross compiling
configure:3451: arm-greenwave-linux-gnueabihf-gcc -o conftest -O2 -g   -I/home/jenkins/slave/workspace/BHR4_Release_Build_FiOS1.3_PROD/output/bhr4/include -isystem /home/jenkins/slave/workspace/BHR4_Release_Build_FiOS1.3_PROD/output/bhr4/thirdparty-include -march=armv7-a -mcpu=cortex-a9 -mtune=cortex-a9 -mfpu=vfpv3-d16 -mfloat-abi=hard   -O2 -g   -I/home/jenkins/slave/workspace/BHR4_Release_Build_FiOS1.3_PROD/output/bhr4/include -isystem /home/jenkins/slave/workspace/BHR4_Release_Build_FiOS1.3_PROD/output/bhr4/thirdparty-include -march=armv7-a -mcpu=cortex-a9 -mtune=cortex-a9 -mfpu=vfpv3-d16 -mfloat-abi=hard   -L/home/jenkins/slave/workspace/BHR4_Release_Build_FiOS1.3_PROD/output/bhr4/lib -Wl,-O1 -Wl,--as-needed  conftest.c -Wl,-rpath-link=/home/jenkins/slave/workspace/BHR4_Release_Build_FiOS1.3_PROD/output/bhr4/lib -Wl,-L/home/jenkins/slave/workspace/BHR4_Release_Build_FiOS1.3_PROD/output/bhr4/lib  >&5
configure:3455: $? = 0
configure:3462: ./conftest
./configure: line 3464: ./conftest: cannot execute binary file: Exec format error
configure:3466: $? = 126
configure:3481: result: yes
configure:3486: checking for suffix of object files
configure:3508: arm-greenwave-linux-gnueabihf-gcc -c -O2 -g   -I/home/jenkins/slave/workspace/BHR4_Release_Build_FiOS1.3_PROD/output/bhr4/include -isystem /home/jenkins/slave/workspace/BHR4_Release_Build_FiOS1.3_PROD/output/bhr4/thirdparty-include -march=armv7-a -mcpu=cortex-a9 -mtune=cortex-a9 -mfpu=vfpv3-d16 -mfloat-abi=hard   -O2 -g   -I/home/jenkins/slave/workspace/BHR4_Release_Build_FiOS1.3_PROD/output/bhr4/include -isystem /home/jenkins/slave/workspace/BHR4_Release_Build_FiOS1.3_PROD/output/bhr4/thirdparty-include -march=armv7-a -mcpu=cortex-a9 -mtune=cortex-a9 -mfpu=vfpv3-d16 -mfloat-abi=hard   conftest.c >&5
configure:3512: $? = 0
configure:3533: result: o
configure:3537: checking whether we are using the GNU C compiler
configure:3556: arm-greenwave-linux-gnueabihf-gcc -c -O2 -g   -I/home/jenkins/slave/workspace/BHR4_Release_Build_FiOS1.3_PROD/output/bhr4/include -isystem /home/jenkins/slave/workspace/BHR4_Release_Build_FiOS1.3_PROD/output/bhr4/thirdparty-include -march=armv7-a -mcpu=cortex-a9 -mtune=cortex-a9 -mfpu=vfpv3-d16 -mfloat-abi=hard   -O2 -g   -I/home/jenkins/slave/workspace/BHR4_Release_Build_FiOS1.3_PROD/output/bhr4/include -isystem /home/jenkins/slave/workspace/BHR4_Release_Build_FiOS1.3_PROD/output/bhr4/thirdparty-include -march=armv7-a -mcpu=cortex-a9 -mtune=cortex-a9 -mfpu=vfpv3-d16 -mfloat-abi=hard   conftest.c >&5
configure:3556: $? = 0
configure:3565: result: yes
configure:3574: checking whether arm-greenwave-linux-gnueabihf-gcc accepts -g
configure:3594: arm-greenwave-linux-gnueabihf-gcc -c -g -O2 -g   -I/home/jenkins/slave/workspace/BHR4_Release_Build_FiOS1.3_PROD/output/bhr4/include -isystem /home/jenkins/slave/workspace/BHR4_Release_Build_FiOS1.3_PROD/output/bhr4/thirdparty-include -march=armv7-a -mcpu=cortex-a9 -mtune=cortex-a9 -mfpu=vfpv3-d16 -mfloat-abi=hard   conftest.c >&5
configure:3594: $? = 0
configure:3635: result: yes
configure:3652: checking for arm-greenwave-linux-gnueabihf-gcc option to accept ISO C89
configure:3715: arm-greenwave-linux-gnueabihf-gcc  -c -O2 -g   -I/home/jenkins/slave/workspace/BHR4_Release_Build_FiOS1.3_PROD/output/bhr4/include -isystem /home/jenkins/slave/workspace/BHR4_Release_Build_FiOS1.3_PROD/output/bhr4/thirdparty-include -march=armv7-a -mcpu=cortex-a9 -mtune=cortex-a9 -mfpu=vfpv3-d16 -mfloat-abi=hard   -O2 -g   -I/home/jenkins/slave/workspace/BHR4_Release_Build_FiOS1.3_PROD/output/bhr4/include -isystem /home/jenkins/slave/workspace/BHR4_Release_Build_FiOS1.3_PROD/output/bhr4/thirdparty-include -march=armv7-a -mcpu=cortex-a9 -mtune=cortex-a9 -mfpu=vfpv3-d16 -mfloat-abi=hard   conftest.c >&5
configure:3715: $? = 0
configure:3728: result: none needed
configure:3759: checking for style of include used by make
configure:3787: result: GNU
configure:3813: checking dependency style of arm-greenwave-linux-gnueabihf-gcc
configure:3924: result: gcc3
configure:3940: checking whether arm-greenwave-linux-gnueabihf-gcc and cc understand -c and -o together
configure:3971: arm-greenwave-linux-gnueabihf-gcc -c conftest.c -o conftest2.o >&5
configure:3975: $? = 0
configure:3981: arm-greenwave-linux-gnueabihf-gcc -c conftest.c -o conftest2.o >&5
configure:3985: $? = 0
configure:3996: cc -c conftest.c >&5
configure:4000: $? = 0
configure:4008: cc -c conftest.c -o conftest2.o >&5
configure:4012: $? = 0
configure:4018: cc -c conftest.c -o conftest2.o >&5
configure:4022: $? = 0
configure:4040: result: yes
configure:4102: checking for arm-greenwave-linux-gnueabihf-ar
configure:4118: found /home/jenkins/slave/workspace/BHR4_Release_Build_FiOS1.3_PROD/output/toolchains/arm-cortex-a9_linaro-gcc47/bin/arm-greenwave-linux-gnueabihf-ar
configure:4129: result: arm-greenwave-linux-gnueabihf-ar
configure:4199: checking the archiver (arm-greenwave-linux-gnueabihf-ar) interface
configure:4209: arm-greenwave-linux-gnueabihf-gcc -c -O2 -g   -I/home/jenkins/slave/workspace/BHR4_Release_Build_FiOS1.3_PROD/output/bhr4/include -isystem /home/jenkins/slave/workspace/BHR4_Release_Build_FiOS1.3_PROD/output/bhr4/thirdparty-include -march=armv7-a -mcpu=cortex-a9 -mtune=cortex-a9 -mfpu=vfpv3-d16 -mfloat-abi=hard   -O2 -g   -I/home/jenkins/slave/workspace/BHR4_Release_Build_FiOS1.3_PROD/output/bhr4/include -isystem /home/jenkins/slave/workspace/BHR4_Release_Build_FiOS1.3_PROD/output/bhr4/thirdparty-include -march=armv7-a -mcpu=cortex-a9 -mtune=cortex-a9 -mfpu=vfpv3-d16 -mfloat-abi=hard   conftest.c >&5
configure:4209: $? = 0
configure:4211: arm-greenwave-linux-gnueabihf-ar cru libconftest.a conftest.o >&5
configure:4214: $? = 0
configure:4237: result: ar
configure:4286: checking build system type
configure:4300: result: x86_64-unknown-linux-gnu
configure:4320: checking host system type
configure:4333: result: arm-greenwave-linux-gnueabihf
configure:4374: checking how to print strings
configure:4401: result: printf
configure:4422: checking for a sed that does not truncate output
configure:4486: result: /bin/sed
configure:4504: checking for grep that handles long lines and -e
configure:4562: result: /bin/grep
configure:4567: checking for egrep
configure:4629: result: /bin/grep -E
configure:4634: checking for fgrep
configure:4696: result: /bin/grep -F
configure:4731: checking for ld used by arm-greenwave-linux-gnueabihf-gcc
configure:4798: result: /home/jenkins/slave/workspace/BHR4_Release_Build_FiOS1.3_PROD/output/toolchains/arm-cortex-a9_linaro-gcc47/arm-greenwave-linux-gnueabihf/bin/ld
configure:4805: checking if the linker (/home/jenkins/slave/workspace/BHR4_Release_Build_FiOS1.3_PROD/output/toolchains/arm-cortex-a9_linaro-gcc47/arm-greenwave-linux-gnueabihf/bin/ld) is GNU ld
configure:4820: result: yes
configure:4832: checking for BSD- or MS-compatible name lister (nm)
configure:4881: result: /home/jenkins/slave/workspace/BHR4_Release_Build_FiOS1.3_PROD/output/toolchains/arm-cortex-a9_linaro-gcc47/bin/arm-greenwave-linux-gnueabihf-nm -B
configure:5011: checking the name lister (/home/jenkins/slave/workspace/BHR4_Release_Build_FiOS1.3_PROD/output/toolchains/arm-cortex-a9_linaro-gcc47/bin/arm-greenwave-linux-gnueabihf-nm -B) interface
configure:5018: arm-greenwave-linux-gnueabihf-gcc -c -O2 -g   -I/home/jenkins/slave/workspace/BHR4_Release_Build_FiOS1.3_PROD/output/bhr4/include -isystem /home/jenkins/slave/workspace/BHR4_Release_Build_FiOS1.3_PROD/output/bhr4/thirdparty-include -march=armv7-a -mcpu=cortex-a9 -mtune=cortex-a9 -mfpu=vfpv3-d16 -mfloat-abi=hard   -O2 -g   -I/home/jenkins/slave/workspace/BHR4_Release_Build_FiOS1.3_PROD/output/bhr4/include -isystem /home/jenkins/slave/workspace/BHR4_Release_Build_FiOS1.3_PROD/output/bhr4/thirdparty-include -march=armv7-a -mcpu=cortex-a9 -mtune=cortex-a9 -mfpu=vfpv3-d16 -mfloat-abi=hard   conftest.c >&5
configure:5021: /home/jenkins/slave/workspace/BHR4_Release_Build_FiOS1.3_PROD/output/toolchains/arm-cortex-a9_linaro-gcc47/bin/arm-greenwave-linux-gnueabihf-nm -B "conftest.o"
configure:5024: output
00000000 B some_variable
configure:5031: result: BSD nm
configure:5034: checking whether ln -s works
configure:5038: result: yes
configure:5046: checking the maximum length of command line arguments
configure:5176: result: 3458764513820540925
configure:5193: checking whether the shell understands some XSI constructs
configure:5203: result: yes
configure:5207: checking whether the shell understands "+="
configure:5213: result: yes
configure:5248: checking how to convert x86_64-unknown-linux-gnu file names to arm-greenwave-linux-gnueabihf format
configure:5288: result: func_convert_file_noop
configure:5295: checking how to convert x86_64-unknown-linux-gnu file names to toolchain format
configure:5315: result: func_convert_file_noop
configure:5322: checking for /home/jenkins/slave/workspace/BHR4_Release_Build_FiOS1.3_PROD/output/toolchains/arm-cortex-a9_linaro-gcc47/arm-greenwave-linux-gnueabihf/bin/ld option to reload object files
configure:5329: result: -r
configure:5363: checking for arm-greenwave-linux-gnueabihf-objdump
configure:5379: found /home/jenkins/slave/workspace/BHR4_Release_Build_FiOS1.3_PROD/output/toolchains/arm-cortex-a9_linaro-gcc47/bin/arm-greenwave-linux-gnueabihf-objdump
configure:5390: result: arm-greenwave-linux-gnueabihf-objdump
configure:5462: checking how to recognize dependent libraries
configure:5660: result: pass_all
configure:5705: checking for arm-greenwave-linux-gnueabihf-dlltool
configure:5735: result: no
configure:5745: checking for dlltool
configure:5775: result: no
configure:5805: checking how to associate runtime and link libraries
configure:5832: result: printf %s\n
configure:5848: checking for arm-greenwave-linux-gnueabihf-ar
configure:5875: result: arm-greenwave-linux-gnueabihf-ar
configure:5956: checking for archiver @FILE support
configure:5973: arm-greenwave-linux-gnueabihf-gcc -c -O2 -g   -I/home/jenkins/slave/workspace/BHR4_Release_Build_FiOS1.3_PROD/output/bhr4/include -isystem /home/jenkins/slave/workspace/BHR4_Release_Build_FiOS1.3_PROD/output/bhr4/thirdparty-include -march=armv7-a -mcpu=cortex-a9 -mtune=cortex-a9 -mfpu=vfpv3-d16 -mfloat-abi=hard   -O2 -g   -I/home/jenkins/slave/workspace/BHR4_Release_Build_FiOS1.3_PROD/output/bhr4/include -isystem /home/jenkins/slave/workspace/BHR4_Release_Build_FiOS1.3_PROD/output/bhr4/thirdparty-include -march=armv7-a -mcpu=cortex-a9 -mtune=cortex-a9 -mfpu=vfpv3-d16 -mfloat-abi=hard   conftest.c >&5
configure:5973: $? = 0
configure:5976: arm-greenwave-linux-gnueabihf-ar cru libconftest.a @conftest.lst >&5
configure:5979: $? = 0
configure:5984: arm-greenwave-linux-gnueabihf-ar cru libconftest.a @conftest.lst >&5
arm-greenwave-linux-gnueabihf-ar: conftest.o: No such file or directory
configure:5987: $? = 1
configure:5999: result: @
configure:6017: checking for arm-greenwave-linux-gnueabihf-strip
configure:6044: result: arm-greenwave-linux-gnueabihf-strip
configure:6116: checking for arm-greenwave-linux-gnueabihf-ranlib
configure:6132: found /home/jenkins/slave/workspace/BHR4_Release_Build_FiOS1.3_PROD/output/toolchains/arm-cortex-a9_linaro-gcc47/bin/arm-greenwave-linux-gnueabihf-ranlib
configure:6143: result: arm-greenwave-linux-gnueabihf-ranlib
configure:6285: checking command to parse /home/jenkins/slave/workspace/BHR4_Release_Build_FiOS1.3_PROD/output/toolchains/arm-cortex-a9_linaro-gcc47/bin/arm-greenwave-linux-gnueabihf-nm -B output from arm-greenwave-linux-gnueabihf-gcc object
configure:6405: arm-greenwave-linux-gnueabihf-gcc -c -O2 -g   -I/home/jenkins/slave/workspace/BHR4_Release_Build_FiOS1.3_PROD/output/bhr4/include -isystem /home/jenkins/slave/workspace/BHR4_Release_Build_FiOS1.3_PROD/output/bhr4/thirdparty-include -march=armv7-a -mcpu=cortex-a9 -mtune=cortex-a9 -mfpu=vfpv3-d16 -mfloat-abi=hard   -O2 -g   -I/home/jenkins/slave/workspace/BHR4_Release_Build_FiOS1.3_PROD/output/bhr4/include -isystem /home/jenkins/slave/workspace/BHR4_Release_Build_FiOS1.3_PROD/output/bhr4/thirdparty-include -march=armv7-a -mcpu=cortex-a9 -mtune=cortex-a9 -mfpu=vfpv3-d16 -mfloat-abi=hard   conftest.c >&5
configure:6408: $? = 0
configure:6412: /home/jenkins/slave/workspace/BHR4_Release_Build_FiOS1.3_PROD/output/toolchains/arm-cortex-a9_linaro-gcc47/bin/arm-greenwave-linux-gnueabihf-nm -B conftest.o \| sed -n -e 's/^.*[ ]\([ABCDGIRSTW][ABCDGIRSTW]*\)[ ][ ]*\([_A-Za-z][_A-Za-z0-9]*\)$/\1 \2 \2/p' | sed '/ __gnu_lto/d' \> conftest.nm
configure:6415: $? = 0
configure:6481: arm-greenwave-linux-gnueabihf-gcc -o conftest -O2 -g   -I/home/jenkins/slave/workspace/BHR4_Release_Build_FiOS1.3_PROD/output/bhr4/include -isystem /home/jenkins/slave/workspace/BHR4_Release_Build_FiOS1.3_PROD/output/bhr4/thirdparty-include -march=armv7-a -mcpu=cortex-a9 -mtune=cortex-a9 -mfpu=vfpv3-d16 -mfloat-abi=hard   -O2 -g   -I/home/jenkins/slave/workspace/BHR4_Release_Build_FiOS1.3_PROD/output/bhr4/include -isystem /home/jenkins/slave/workspace/BHR4_Release_Build_FiOS1.3_PROD/output/bhr4/thirdparty-include -march=armv7-a -mcpu=cortex-a9 -mtune=cortex-a9 -mfpu=vfpv3-d16 -mfloat-abi=hard   -L/home/jenkins/slave/workspace/BHR4_Release_Build_FiOS1.3_PROD/output/bhr4/lib -Wl,-O1 -Wl,--as-needed  conftest.c conftstm.o >&5
configure:6484: $? = 0
configure:6522: result: ok
configure:6559: checking for sysroot
configure:6589: result: no
configure:6805: checking for arm-greenwave-linux-gnueabihf-mt
configure:6835: result: no
configure:6845: checking for mt
configure:6861: found /bin/mt
configure:6872: result: mt
configure:6884: WARNING: using cross tools not prefixed with host triplet
configure:6895: checking if mt is a manifest tool
configure:6901: mt '-?'
configure:6909: result: no
configure:7551: checking how to run the C preprocessor
configure:7582: arm-greenwave-linux-gnueabihf-gcc -E -O2 -g   -I/home/jenkins/slave/workspace/BHR4_Release_Build_FiOS1.3_PROD/output/bhr4/include -isystem /home/jenkins/slave/workspace/BHR4_Release_Build_FiOS1.3_PROD/output/bhr4/thirdparty-include -march=armv7-a -mcpu=cortex-a9 -mtune=cortex-a9 -mfpu=vfpv3-d16 -mfloat-abi=hard   conftest.c
configure:7582: $? = 0
configure:7596: arm-greenwave-linux-gnueabihf-gcc -E -O2 -g   -I/home/jenkins/slave/workspace/BHR4_Release_Build_FiOS1.3_PROD/output/bhr4/include -isystem /home/jenkins/slave/workspace/BHR4_Release_Build_FiOS1.3_PROD/output/bhr4/thirdparty-include -march=armv7-a -mcpu=cortex-a9 -mtune=cortex-a9 -mfpu=vfpv3-d16 -mfloat-abi=hard   conftest.c
conftest.c:11:28: fatal error: ac_nonexistent.h: No such file or directory
compilation terminated.
configure:7596: $? = 1
configure: failed program was:
| /* confdefs.h */
| #define PACKAGE_NAME "iptables"
| #define PACKAGE_TARNAME "iptables"
| #define PACKAGE_VERSION "1.4.17"
| #define PACKAGE_STRING "iptables 1.4.17"
| #define PACKAGE_BUGREPORT ""
| #define PACKAGE_URL ""
| #define PACKAGE "iptables"
| #define VERSION "1.4.17"
| /* end confdefs.h.  */
| #include <ac_nonexistent.h>
configure:7621: result: arm-greenwave-linux-gnueabihf-gcc -E
configure:7641: arm-greenwave-linux-gnueabihf-gcc -E -O2 -g   -I/home/jenkins/slave/workspace/BHR4_Release_Build_FiOS1.3_PROD/output/bhr4/include -isystem /home/jenkins/slave/workspace/BHR4_Release_Build_FiOS1.3_PROD/output/bhr4/thirdparty-include -march=armv7-a -mcpu=cortex-a9 -mtune=cortex-a9 -mfpu=vfpv3-d16 -mfloat-abi=hard   conftest.c
configure:7641: $? = 0
configure:7655: arm-greenwave-linux-gnueabihf-gcc -E -O2 -g   -I/home/jenkins/slave/workspace/BHR4_Release_Build_FiOS1.3_PROD/output/bhr4/include -isystem /home/jenkins/slave/workspace/BHR4_Release_Build_FiOS1.3_PROD/output/bhr4/thirdparty-include -march=armv7-a -mcpu=cortex-a9 -mtune=cortex-a9 -mfpu=vfpv3-d16 -mfloat-abi=hard   conftest.c
conftest.c:11:28: fatal error: ac_nonexistent.h: No such file or directory
compilation terminated.
configure:7655: $? = 1
configure: failed program was:
| /* confdefs.h */
| #define PACKAGE_NAME "iptables"
| #define PACKAGE_TARNAME "iptables"
| #define PACKAGE_VERSION "1.4.17"
| #define PACKAGE_STRING "iptables 1.4.17"
| #define PACKAGE_BUGREPORT ""
| #define PACKAGE_URL ""
| #define PACKAGE "iptables"
| #define VERSION "1.4.17"
| /* end confdefs.h.  */
| #include <ac_nonexistent.h>
configure:7684: checking for ANSI C header files
configure:7704: arm-greenwave-linux-gnueabihf-gcc -c -O2 -g   -I/home/jenkins/slave/workspace/BHR4_Release_Build_FiOS1.3_PROD/output/bhr4/include -isystem /home/jenkins/slave/workspace/BHR4_Release_Build_FiOS1.3_PROD/output/bhr4/thirdparty-include -march=armv7-a -mcpu=cortex-a9 -mtune=cortex-a9 -mfpu=vfpv3-d16 -mfloat-abi=hard   -O2 -g   -I/home/jenkins/slave/workspace/BHR4_Release_Build_FiOS1.3_PROD/output/bhr4/include -isystem /home/jenkins/slave/workspace/BHR4_Release_Build_FiOS1.3_PROD/output/bhr4/thirdparty-include -march=armv7-a -mcpu=cortex-a9 -mtune=cortex-a9 -mfpu=vfpv3-d16 -mfloat-abi=hard   conftest.c >&5
configure:7704: $? = 0
configure:7788: result: yes
configure:7801: checking for sys/types.h
configure:7801: arm-greenwave-linux-gnueabihf-gcc -c -O2 -g   -I/home/jenkins/slave/workspace/BHR4_Release_Build_FiOS1.3_PROD/output/bhr4/include -isystem /home/jenkins/slave/workspace/BHR4_Release_Build_FiOS1.3_PROD/output/bhr4/thirdparty-include -march=armv7-a -mcpu=cortex-a9 -mtune=cortex-a9 -mfpu=vfpv3-d16 -mfloat-abi=hard   -O2 -g   -I/home/jenkins/slave/workspace/BHR4_Release_Build_FiOS1.3_PROD/output/bhr4/include -isystem /home/jenkins/slave/workspace/BHR4_Release_Build_FiOS1.3_PROD/output/bhr4/thirdparty-include -march=armv7-a -mcpu=cortex-a9 -mtune=cortex-a9 -mfpu=vfpv3-d16 -mfloat-abi=hard   conftest.c >&5
configure:7801: $? = 0
configure:7801: result: yes
configure:7801: checking for sys/stat.h
configure:7801: arm-greenwave-linux-gnueabihf-gcc -c -O2 -g   -I/home/jenkins/slave/workspace/BHR4_Release_Build_FiOS1.3_PROD/output/bhr4/include -isystem /home/jenkins/slave/workspace/BHR4_Release_Build_FiOS1.3_PROD/output/bhr4/thirdparty-include -march=armv7-a -mcpu=cortex-a9 -mtune=cortex-a9 -mfpu=vfpv3-d16 -mfloat-abi=hard   -O2 -g   -I/home/jenkins/slave/workspace/BHR4_Release_Build_FiOS1.3_PROD/output/bhr4/include -isystem /home/jenkins/slave/workspace/BHR4_Release_Build_FiOS1.3_PROD/output/bhr4/thirdparty-include -march=armv7-a -mcpu=cortex-a9 -mtune=cortex-a9 -mfpu=vfpv3-d16 -mfloat-abi=hard   conftest.c >&5
configure:7801: $? = 0
configure:7801: result: yes
configure:7801: checking for stdlib.h
configure:7801: arm-greenwave-linux-gnueabihf-gcc -c -O2 -g   -I/home/jenkins/slave/workspace/BHR4_Release_Build_FiOS1.3_PROD/output/bhr4/include -isystem /home/jenkins/slave/workspace/BHR4_Release_Build_FiOS1.3_PROD/output/bhr4/thirdparty-include -march=armv7-a -mcpu=cortex-a9 -mtune=cortex-a9 -mfpu=vfpv3-d16 -mfloat-abi=hard   -O2 -g   -I/home/jenkins/slave/workspace/BHR4_Release_Build_FiOS1.3_PROD/output/bhr4/include -isystem /home/jenkins/slave/workspace/BHR4_Release_Build_FiOS1.3_PROD/output/bhr4/thirdparty-include -march=armv7-a -mcpu=cortex-a9 -mtune=cortex-a9 -mfpu=vfpv3-d16 -mfloat-abi=hard   conftest.c >&5
configure:7801: $? = 0
configure:7801: result: yes
configure:7801: checking for string.h
configure:7801: arm-greenwave-linux-gnueabihf-gcc -c -O2 -g   -I/home/jenkins/slave/workspace/BHR4_Release_Build_FiOS1.3_PROD/output/bhr4/include -isystem /home/jenkins/slave/workspace/BHR4_Release_Build_FiOS1.3_PROD/output/bhr4/thirdparty-include -march=armv7-a -mcpu=cortex-a9 -mtune=cortex-a9 -mfpu=vfpv3-d16 -mfloat-abi=hard   -O2 -g   -I/home/jenkins/slave/workspace/BHR4_Release_Build_FiOS1.3_PROD/output/bhr4/include -isystem /home/jenkins/slave/workspace/BHR4_Release_Build_FiOS1.3_PROD/output/bhr4/thirdparty-include -march=armv7-a -mcpu=cortex-a9 -mtune=cortex-a9 -mfpu=vfpv3-d16 -mfloat-abi=hard   conftest.c >&5
configure:7801: $? = 0
configure:7801: result: yes
configure:7801: checking for memory.h
configure:7801: arm-greenwave-linux-gnueabihf-gcc -c -O2 -g   -I/home/jenkins/slave/workspace/BHR4_Release_Build_FiOS1.3_PROD/output/bhr4/include -isystem /home/jenkins/slave/workspace/BHR4_Release_Build_FiOS1.3_PROD/output/bhr4/thirdparty-include -march=armv7-a -mcpu=cortex-a9 -mtune=cortex-a9 -mfpu=vfpv3-d16 -mfloat-abi=hard   -O2 -g   -I/home/jenkins/slave/workspace/BHR4_Release_Build_FiOS1.3_PROD/output/bhr4/include -isystem /home/jenkins/slave/workspace/BHR4_Release_Build_FiOS1.3_PROD/output/bhr4/thirdparty-include -march=armv7-a -mcpu=cortex-a9 -mtune=cortex-a9 -mfpu=vfpv3-d16 -mfloat-abi=hard   conftest.c >&5
configure:7801: $? = 0
configure:7801: result: yes
configure:7801: checking for strings.h
configure:7801: arm-greenwave-linux-gnueabihf-gcc -c -O2 -g   -I/home/jenkins/slave/workspace/BHR4_Release_Build_FiOS1.3_PROD/output/bhr4/include -isystem /home/jenkins/slave/workspace/BHR4_Release_Build_FiOS1.3_PROD/output/bhr4/thirdparty-include -march=armv7-a -mcpu=cortex-a9 -mtune=cortex-a9 -mfpu=vfpv3-d16 -mfloat-abi=hard   -O2 -g   -I/home/jenkins/slave/workspace/BHR4_Release_Build_FiOS1.3_PROD/output/bhr4/include -isystem /home/jenkins/slave/workspace/BHR4_Release_Build_FiOS1.3_PROD/output/bhr4/thirdparty-include -march=armv7-a -mcpu=cortex-a9 -mtune=cortex-a9 -mfpu=vfpv3-d16 -mfloat-abi=hard   conftest.c >&5
configure:7801: $? = 0
configure:7801: result: yes
configure:7801: checking for inttypes.h
configure:7801: arm-greenwave-linux-gnueabihf-gcc -c -O2 -g   -I/home/jenkins/slave/workspace/BHR4_Release_Build_FiOS1.3_PROD/output/bhr4/include -isystem /home/jenkins/slave/workspace/BHR4_Release_Build_FiOS1.3_PROD/output/bhr4/thirdparty-include -march=armv7-a -mcpu=cortex-a9 -mtune=cortex-a9 -mfpu=vfpv3-d16 -mfloat-abi=hard   -O2 -g   -I/home/jenkins/slave/workspace/BHR4_Release_Build_FiOS1.3_PROD/output/bhr4/include -isystem /home/jenkins/slave/workspace/BHR4_Release_Build_FiOS1.3_PROD/output/bhr4/thirdparty-include -march=armv7-a -mcpu=cortex-a9 -mtune=cortex-a9 -mfpu=vfpv3-d16 -mfloat-abi=hard   conftest.c >&5
configure:7801: $? = 0
configure:7801: result: yes
configure:7801: checking for stdint.h
configure:7801: arm-greenwave-linux-gnueabihf-gcc -c -O2 -g   -I/home/jenkins/slave/workspace/BHR4_Release_Build_FiOS1.3_PROD/output/bhr4/include -isystem /home/jenkins/slave/workspace/BHR4_Release_Build_FiOS1.3_PROD/output/bhr4/thirdparty-include -march=armv7-a -mcpu=cortex-a9 -mtune=cortex-a9 -mfpu=vfpv3-d16 -mfloat-abi=hard   -O2 -g   -I/home/jenkins/slave/workspace/BHR4_Release_Build_FiOS1.3_PROD/output/bhr4/include -isystem /home/jenkins/slave/workspace/BHR4_Release_Build_FiOS1.3_PROD/output/bhr4/thirdparty-include -march=armv7-a -mcpu=cortex-a9 -mtune=cortex-a9 -mfpu=vfpv3-d16 -mfloat-abi=hard   conftest.c >&5
configure:7801: $? = 0
configure:7801: result: yes
configure:7801: checking for unistd.h
configure:7801: arm-greenwave-linux-gnueabihf-gcc -c -O2 -g   -I/home/jenkins/slave/workspace/BHR4_Release_Build_FiOS1.3_PROD/output/bhr4/include -isystem /home/jenkins/slave/workspace/BHR4_Release_Build_FiOS1.3_PROD/output/bhr4/thirdparty-include -march=armv7-a -mcpu=cortex-a9 -mtune=cortex-a9 -mfpu=vfpv3-d16 -mfloat-abi=hard   -O2 -g   -I/home/jenkins/slave/workspace/BHR4_Release_Build_FiOS1.3_PROD/output/bhr4/include -isystem /home/jenkins/slave/workspace/BHR4_Release_Build_FiOS1.3_PROD/output/bhr4/thirdparty-include -march=armv7-a -mcpu=cortex-a9 -mtune=cortex-a9 -mfpu=vfpv3-d16 -mfloat-abi=hard   conftest.c >&5
configure:7801: $? = 0
configure:7801: result: yes
configure:7815: checking for dlfcn.h
configure:7815: arm-greenwave-linux-gnueabihf-gcc -c -O2 -g   -I/home/jenkins/slave/workspace/BHR4_Release_Build_FiOS1.3_PROD/output/bhr4/include -isystem /home/jenkins/slave/workspace/BHR4_Release_Build_FiOS1.3_PROD/output/bhr4/thirdparty-include -march=armv7-a -mcpu=cortex-a9 -mtune=cortex-a9 -mfpu=vfpv3-d16 -mfloat-abi=hard   -O2 -g   -I/home/jenkins/slave/workspace/BHR4_Release_Build_FiOS1.3_PROD/output/bhr4/include -isystem /home/jenkins/slave/workspace/BHR4_Release_Build_FiOS1.3_PROD/output/bhr4/thirdparty-include -march=armv7-a -mcpu=cortex-a9 -mtune=cortex-a9 -mfpu=vfpv3-d16 -mfloat-abi=hard   conftest.c >&5
configure:7815: $? = 0
configure:7815: result: yes
configure:7991: checking for objdir
configure:8006: result: .libs
configure:8277: checking if arm-greenwave-linux-gnueabihf-gcc supports -fno-rtti -fno-exceptions
configure:8295: arm-greenwave-linux-gnueabihf-gcc -c -O2 -g   -I/home/jenkins/slave/workspace/BHR4_Release_Build_FiOS1.3_PROD/output/bhr4/include -isystem /home/jenkins/slave/workspace/BHR4_Release_Build_FiOS1.3_PROD/output/bhr4/thirdparty-include -march=armv7-a -mcpu=cortex-a9 -mtune=cortex-a9 -mfpu=vfpv3-d16 -mfloat-abi=hard   -O2 -g   -I/home/jenkins/slave/workspace/BHR4_Release_Build_FiOS1.3_PROD/output/bhr4/include -isystem /home/jenkins/slave/workspace/BHR4_Release_Build_FiOS1.3_PROD/output/bhr4/thirdparty-include -march=armv7-a -mcpu=cortex-a9 -mtune=cortex-a9 -mfpu=vfpv3-d16 -mfloat-abi=hard   -fno-rtti -fno-exceptions conftest.c >&5
cc1: warning: command line option '-fno-rtti' is valid for C++/ObjC++ but not for C [enabled by default]
cc1: warning: command line option '-fno-rtti' is valid for C++/ObjC++ but not for C [enabled by default]
configure:8299: $? = 0
configure:8312: result: no
configure:8639: checking for arm-greenwave-linux-gnueabihf-gcc option to produce PIC
configure:8646: result: -fPIC -DPIC
configure:8654: checking if arm-greenwave-linux-gnueabihf-gcc PIC flag -fPIC -DPIC works
configure:8672: arm-greenwave-linux-gnueabihf-gcc -c -O2 -g   -I/home/jenkins/slave/workspace/BHR4_Release_Build_FiOS1.3_PROD/output/bhr4/include -isystem /home/jenkins/slave/workspace/BHR4_Release_Build_FiOS1.3_PROD/output/bhr4/thirdparty-include -march=armv7-a -mcpu=cortex-a9 -mtune=cortex-a9 -mfpu=vfpv3-d16 -mfloat-abi=hard   -O2 -g   -I/home/jenkins/slave/workspace/BHR4_Release_Build_FiOS1.3_PROD/output/bhr4/include -isystem /home/jenkins/slave/workspace/BHR4_Release_Build_FiOS1.3_PROD/output/bhr4/thirdparty-include -march=armv7-a -mcpu=cortex-a9 -mtune=cortex-a9 -mfpu=vfpv3-d16 -mfloat-abi=hard   -fPIC -DPIC -DPIC conftest.c >&5
configure:8676: $? = 0
configure:8689: result: yes
configure:8718: checking if arm-greenwave-linux-gnueabihf-gcc static flag -static works
configure:8746: result: yes
configure:8761: checking if arm-greenwave-linux-gnueabihf-gcc supports -c -o file.o
configure:8782: arm-greenwave-linux-gnueabihf-gcc -c -O2 -g   -I/home/jenkins/slave/workspace/BHR4_Release_Build_FiOS1.3_PROD/output/bhr4/include -isystem /home/jenkins/slave/workspace/BHR4_Release_Build_FiOS1.3_PROD/output/bhr4/thirdparty-include -march=armv7-a -mcpu=cortex-a9 -mtune=cortex-a9 -mfpu=vfpv3-d16 -mfloat-abi=hard   -O2 -g   -I/home/jenkins/slave/workspace/BHR4_Release_Build_FiOS1.3_PROD/output/bhr4/include -isystem /home/jenkins/slave/workspace/BHR4_Release_Build_FiOS1.3_PROD/output/bhr4/thirdparty-include -march=armv7-a -mcpu=cortex-a9 -mtune=cortex-a9 -mfpu=vfpv3-d16 -mfloat-abi=hard   -o out/conftest2.o conftest.c >&5
configure:8786: $? = 0
configure:8808: result: yes
configure:8816: checking if arm-greenwave-linux-gnueabihf-gcc supports -c -o file.o
configure:8863: result: yes
configure:8896: checking whether the arm-greenwave-linux-gnueabihf-gcc linker (/home/jenkins/slave/workspace/BHR4_Release_Build_FiOS1.3_PROD/output/toolchains/arm-cortex-a9_linaro-gcc47/arm-greenwave-linux-gnueabihf/bin/ld) supports shared libraries
configure:10053: result: yes
configure:10090: checking whether -lc should be explicitly linked in
configure:10098: arm-greenwave-linux-gnueabihf-gcc -c -O2 -g   -I/home/jenkins/slave/workspace/BHR4_Release_Build_FiOS1.3_PROD/output/bhr4/include -isystem /home/jenkins/slave/workspace/BHR4_Release_Build_FiOS1.3_PROD/output/bhr4/thirdparty-include -march=armv7-a -mcpu=cortex-a9 -mtune=cortex-a9 -mfpu=vfpv3-d16 -mfloat-abi=hard   -O2 -g   -I/home/jenkins/slave/workspace/BHR4_Release_Build_FiOS1.3_PROD/output/bhr4/include -isystem /home/jenkins/slave/workspace/BHR4_Release_Build_FiOS1.3_PROD/output/bhr4/thirdparty-include -march=armv7-a -mcpu=cortex-a9 -mtune=cortex-a9 -mfpu=vfpv3-d16 -mfloat-abi=hard   conftest.c >&5
configure:10101: $? = 0
configure:10116: arm-greenwave-linux-gnueabihf-gcc -shared  -fPIC -DPIC conftest.o  -v -Wl,-soname -Wl,conftest -o conftest 2\>\&1 \| /bin/grep  -lc  \>/dev/null 2\>\&1
configure:10119: $? = 0
configure:10133: result: no
configure:10293: checking dynamic linker characteristics
configure:10793: arm-greenwave-linux-gnueabihf-gcc -o conftest -O2 -g   -I/home/jenkins/slave/workspace/BHR4_Release_Build_FiOS1.3_PROD/output/bhr4/include -isystem /home/jenkins/slave/workspace/BHR4_Release_Build_FiOS1.3_PROD/output/bhr4/thirdparty-include -march=armv7-a -mcpu=cortex-a9 -mtune=cortex-a9 -mfpu=vfpv3-d16 -mfloat-abi=hard   -O2 -g   -I/home/jenkins/slave/workspace/BHR4_Release_Build_FiOS1.3_PROD/output/bhr4/include -isystem /home/jenkins/slave/workspace/BHR4_Release_Build_FiOS1.3_PROD/output/bhr4/thirdparty-include -march=armv7-a -mcpu=cortex-a9 -mtune=cortex-a9 -mfpu=vfpv3-d16 -mfloat-abi=hard   -L/home/jenkins/slave/workspace/BHR4_Release_Build_FiOS1.3_PROD/output/bhr4/lib -Wl,-O1 -Wl,--as-needed  -Wl,-rpath -Wl,/foo conftest.c -Wl,-rpath-link=/home/jenkins/slave/workspace/BHR4_Release_Build_FiOS1.3_PROD/output/bhr4/lib -Wl,-L/home/jenkins/slave/workspace/BHR4_Release_Build_FiOS1.3_PROD/output/bhr4/lib  >&5
configure:10793: $? = 0
configure:11027: result: GNU/Linux ld.so
configure:11134: checking how to hardcode library paths into programs
configure:11159: result: immediate
configure:11699: checking whether stripping libraries is possible
configure:11704: result: yes
configure:11739: checking if libtool supports shared libraries
configure:11741: result: yes
configure:11744: checking whether to build shared libraries
configure:11765: result: yes
configure:11768: checking whether to build static libraries
configure:11772: result: yes
configure:11880: checking whether the linker accepts -Wl,--no-as-needed
configure:11899: arm-greenwave-linux-gnueabihf-gcc -o conftest -O2 -g   -I/home/jenkins/slave/workspace/BHR4_Release_Build_FiOS1.3_PROD/output/bhr4/include -isystem /home/jenkins/slave/workspace/BHR4_Release_Build_FiOS1.3_PROD/output/bhr4/thirdparty-include -march=armv7-a -mcpu=cortex-a9 -mtune=cortex-a9 -mfpu=vfpv3-d16 -mfloat-abi=hard   -O2 -g   -I/home/jenkins/slave/workspace/BHR4_Release_Build_FiOS1.3_PROD/output/bhr4/include -isystem /home/jenkins/slave/workspace/BHR4_Release_Build_FiOS1.3_PROD/output/bhr4/thirdparty-include -march=armv7-a -mcpu=cortex-a9 -mtune=cortex-a9 -mfpu=vfpv3-d16 -mfloat-abi=hard   -Wl,--no-as-needed conftest.c -Wl,-rpath-link=/home/jenkins/slave/workspace/BHR4_Release_Build_FiOS1.3_PROD/output/bhr4/lib -Wl,-L/home/jenkins/slave/workspace/BHR4_Release_Build_FiOS1.3_PROD/output/bhr4/lib  >&5
configure:11899: $? = 0
configure:11910: result: yes
configure:11920: checking whether /home/jenkins/slave/workspace/BHR4_Release_Build_FiOS1.3_PROD/output/toolchains/arm-cortex-a9_linaro-gcc47/arm-greenwave-linux-gnueabihf/bin/ld knows -Wl,--no-undefined
configure:11928: arm-greenwave-linux-gnueabihf-gcc -o conftest -O2 -g   -I/home/jenkins/slave/workspace/BHR4_Release_Build_FiOS1.3_PROD/output/bhr4/include -isystem /home/jenkins/slave/workspace/BHR4_Release_Build_FiOS1.3_PROD/output/bhr4/thirdparty-include -march=armv7-a -mcpu=cortex-a9 -mtune=cortex-a9 -mfpu=vfpv3-d16 -mfloat-abi=hard   -O2 -g   -I/home/jenkins/slave/workspace/BHR4_Release_Build_FiOS1.3_PROD/output/bhr4/include -isystem /home/jenkins/slave/workspace/BHR4_Release_Build_FiOS1.3_PROD/output/bhr4/thirdparty-include -march=armv7-a -mcpu=cortex-a9 -mtune=cortex-a9 -mfpu=vfpv3-d16 -mfloat-abi=hard   -Wl,--no-undefined conftest.c -Wl,-rpath-link=/home/jenkins/slave/workspace/BHR4_Release_Build_FiOS1.3_PROD/output/bhr4/lib -Wl,-L/home/jenkins/slave/workspace/BHR4_Release_Build_FiOS1.3_PROD/output/bhr4/lib  >&5
configure:11928: $? = 0
configure:11929: result: yes
configure:11945: checking linux/dccp.h usability
configure:11945: arm-greenwave-linux-gnueabihf-gcc -c -O2 -g   -I/home/jenkins/slave/workspace/BHR4_Release_Build_FiOS1.3_PROD/output/bhr4/include -isystem /home/jenkins/slave/workspace/BHR4_Release_Build_FiOS1.3_PROD/output/bhr4/thirdparty-include -march=armv7-a -mcpu=cortex-a9 -mtune=cortex-a9 -mfpu=vfpv3-d16 -mfloat-abi=hard   -O2 -g   -I/home/jenkins/slave/workspace/BHR4_Release_Build_FiOS1.3_PROD/output/bhr4/include -isystem /home/jenkins/slave/workspace/BHR4_Release_Build_FiOS1.3_PROD/output/bhr4/thirdparty-include -march=armv7-a -mcpu=cortex-a9 -mtune=cortex-a9 -mfpu=vfpv3-d16 -mfloat-abi=hard   conftest.c >&5
configure:11945: $? = 0
configure:11945: result: yes
configure:11945: checking linux/dccp.h presence
configure:11945: arm-greenwave-linux-gnueabihf-gcc -E -O2 -g   -I/home/jenkins/slave/workspace/BHR4_Release_Build_FiOS1.3_PROD/output/bhr4/include -isystem /home/jenkins/slave/workspace/BHR4_Release_Build_FiOS1.3_PROD/output/bhr4/thirdparty-include -march=armv7-a -mcpu=cortex-a9 -mtune=cortex-a9 -mfpu=vfpv3-d16 -mfloat-abi=hard   conftest.c
configure:11945: $? = 0
configure:11945: result: yes
configure:11945: checking for linux/dccp.h
configure:11945: result: yes
configure:11945: checking linux/ip_vs.h usability
configure:11945: arm-greenwave-linux-gnueabihf-gcc -c -O2 -g   -I/home/jenkins/slave/workspace/BHR4_Release_Build_FiOS1.3_PROD/output/bhr4/include -isystem /home/jenkins/slave/workspace/BHR4_Release_Build_FiOS1.3_PROD/output/bhr4/thirdparty-include -march=armv7-a -mcpu=cortex-a9 -mtune=cortex-a9 -mfpu=vfpv3-d16 -mfloat-abi=hard   -O2 -g   -I/home/jenkins/slave/workspace/BHR4_Release_Build_FiOS1.3_PROD/output/bhr4/include -isystem /home/jenkins/slave/workspace/BHR4_Release_Build_FiOS1.3_PROD/output/bhr4/thirdparty-include -march=armv7-a -mcpu=cortex-a9 -mtune=cortex-a9 -mfpu=vfpv3-d16 -mfloat-abi=hard   conftest.c >&5
configure:11945: $? = 0
configure:11945: result: yes
configure:11945: checking linux/ip_vs.h presence
configure:11945: arm-greenwave-linux-gnueabihf-gcc -E -O2 -g   -I/home/jenkins/slave/workspace/BHR4_Release_Build_FiOS1.3_PROD/output/bhr4/include -isystem /home/jenkins/slave/workspace/BHR4_Release_Build_FiOS1.3_PROD/output/bhr4/thirdparty-include -march=armv7-a -mcpu=cortex-a9 -mtune=cortex-a9 -mfpu=vfpv3-d16 -mfloat-abi=hard   conftest.c
configure:11945: $? = 0
configure:11945: result: yes
configure:11945: checking for linux/ip_vs.h
configure:11945: result: yes
configure:11945: checking linux/magic.h usability
configure:11945: arm-greenwave-linux-gnueabihf-gcc -c -O2 -g   -I/home/jenkins/slave/workspace/BHR4_Release_Build_FiOS1.3_PROD/output/bhr4/include -isystem /home/jenkins/slave/workspace/BHR4_Release_Build_FiOS1.3_PROD/output/bhr4/thirdparty-include -march=armv7-a -mcpu=cortex-a9 -mtune=cortex-a9 -mfpu=vfpv3-d16 -mfloat-abi=hard   -O2 -g   -I/home/jenkins/slave/workspace/BHR4_Release_Build_FiOS1.3_PROD/output/bhr4/include -isystem /home/jenkins/slave/workspace/BHR4_Release_Build_FiOS1.3_PROD/output/bhr4/thirdparty-include -march=armv7-a -mcpu=cortex-a9 -mtune=cortex-a9 -mfpu=vfpv3-d16 -mfloat-abi=hard   conftest.c >&5
configure:11945: $? = 0
configure:11945: result: yes
configure:11945: checking linux/magic.h presence
configure:11945: arm-greenwave-linux-gnueabihf-gcc -E -O2 -g   -I/home/jenkins/slave/workspace/BHR4_Release_Build_FiOS1.3_PROD/output/bhr4/include -isystem /home/jenkins/slave/workspace/BHR4_Release_Build_FiOS1.3_PROD/output/bhr4/thirdparty-include -march=armv7-a -mcpu=cortex-a9 -mtune=cortex-a9 -mfpu=vfpv3-d16 -mfloat-abi=hard   conftest.c
configure:11945: $? = 0
configure:11945: result: yes
configure:11945: checking for linux/magic.h
configure:11945: result: yes
configure:11945: checking linux/proc_fs.h usability
configure:11945: arm-greenwave-linux-gnueabihf-gcc -c -O2 -g   -I/home/jenkins/slave/workspace/BHR4_Release_Build_FiOS1.3_PROD/output/bhr4/include -isystem /home/jenkins/slave/workspace/BHR4_Release_Build_FiOS1.3_PROD/output/bhr4/thirdparty-include -march=armv7-a -mcpu=cortex-a9 -mtune=cortex-a9 -mfpu=vfpv3-d16 -mfloat-abi=hard   -O2 -g   -I/home/jenkins/slave/workspace/BHR4_Release_Build_FiOS1.3_PROD/output/bhr4/include -isystem /home/jenkins/slave/workspace/BHR4_Release_Build_FiOS1.3_PROD/output/bhr4/thirdparty-include -march=armv7-a -mcpu=cortex-a9 -mtune=cortex-a9 -mfpu=vfpv3-d16 -mfloat-abi=hard   conftest.c >&5
conftest.c:59:27: fatal error: linux/proc_fs.h: No such file or directory
compilation terminated.
configure:11945: $? = 1
configure: failed program was:
| /* confdefs.h */
| #define PACKAGE_NAME "iptables"
| #define PACKAGE_TARNAME "iptables"
| #define PACKAGE_VERSION "1.4.17"
| #define PACKAGE_STRING "iptables 1.4.17"
| #define PACKAGE_BUGREPORT ""
| #define PACKAGE_URL ""
| #define PACKAGE "iptables"
| #define VERSION "1.4.17"
| #define STDC_HEADERS 1
| #define HAVE_SYS_TYPES_H 1
| #define HAVE_SYS_STAT_H 1
| #define HAVE_STDLIB_H 1
| #define HAVE_STRING_H 1
| #define HAVE_MEMORY_H 1
| #define HAVE_STRINGS_H 1
| #define HAVE_INTTYPES_H 1
| #define HAVE_STDINT_H 1
| #define HAVE_UNISTD_H 1
| #define HAVE_DLFCN_H 1
| #define LT_OBJDIR ".libs/"
| #define HAVE_LINUX_DCCP_H 1
| #define HAVE_LINUX_IP_VS_H 1
| #define HAVE_LINUX_MAGIC_H 1
| /* end confdefs.h.  */
| #include <stdio.h>
| #ifdef HAVE_SYS_TYPES_H
| # include <sys/types.h>
| #endif
| #ifdef HAVE_SYS_STAT_H
| # include <sys/stat.h>
| #endif
| #ifdef STDC_HEADERS
| # include <stdlib.h>
| # include <stddef.h>
| #else
| # ifdef HAVE_STDLIB_H
| #  include <stdlib.h>
| # endif
| #endif
| #ifdef HAVE_STRING_H
| # if !defined STDC_HEADERS && defined HAVE_MEMORY_H
| #  include <memory.h>
| # endif
| # include <string.h>
| #endif
| #ifdef HAVE_STRINGS_H
| # include <strings.h>
| #endif
| #ifdef HAVE_INTTYPES_H
| # include <inttypes.h>
| #endif
| #ifdef HAVE_STDINT_H
| # include <stdint.h>
| #endif
| #ifdef HAVE_UNISTD_H
| # include <unistd.h>
| #endif
| #include <linux/proc_fs.h>
configure:11945: result: no
configure:11945: checking linux/proc_fs.h presence
configure:11945: arm-greenwave-linux-gnueabihf-gcc -E -O2 -g   -I/home/jenkins/slave/workspace/BHR4_Release_Build_FiOS1.3_PROD/output/bhr4/include -isystem /home/jenkins/slave/workspace/BHR4_Release_Build_FiOS1.3_PROD/output/bhr4/thirdparty-include -march=armv7-a -mcpu=cortex-a9 -mtune=cortex-a9 -mfpu=vfpv3-d16 -mfloat-abi=hard   conftest.c
conftest.c:26:27: fatal error: linux/proc_fs.h: No such file or directory
compilation terminated.
configure:11945: $? = 1
configure: failed program was:
| /* confdefs.h */
| #define PACKAGE_NAME "iptables"
| #define PACKAGE_TARNAME "iptables"
| #define PACKAGE_VERSION "1.4.17"
| #define PACKAGE_STRING "iptables 1.4.17"
| #define PACKAGE_BUGREPORT ""
| #define PACKAGE_URL ""
| #define PACKAGE "iptables"
| #define VERSION "1.4.17"
| #define STDC_HEADERS 1
| #define HAVE_SYS_TYPES_H 1
| #define HAVE_SYS_STAT_H 1
| #define HAVE_STDLIB_H 1
| #define HAVE_STRING_H 1
| #define HAVE_MEMORY_H 1
| #define HAVE_STRINGS_H 1
| #define HAVE_INTTYPES_H 1
| #define HAVE_STDINT_H 1
| #define HAVE_UNISTD_H 1
| #define HAVE_DLFCN_H 1
| #define LT_OBJDIR ".libs/"
| #define HAVE_LINUX_DCCP_H 1
| #define HAVE_LINUX_IP_VS_H 1
| #define HAVE_LINUX_MAGIC_H 1
| /* end confdefs.h.  */
| #include <linux/proc_fs.h>
configure:11945: result: no
configure:11945: checking for linux/proc_fs.h
configure:11945: result: no
configure:11967: checking size of struct ip6_hdr
configure:11972: arm-greenwave-linux-gnueabihf-gcc -c -O2 -g   -I/home/jenkins/slave/workspace/BHR4_Release_Build_FiOS1.3_PROD/output/bhr4/include -isystem /home/jenkins/slave/workspace/BHR4_Release_Build_FiOS1.3_PROD/output/bhr4/thirdparty-include -march=armv7-a -mcpu=cortex-a9 -mtune=cortex-a9 -mfpu=vfpv3-d16 -mfloat-abi=hard   -O2 -g   -I/home/jenkins/slave/workspace/BHR4_Release_Build_FiOS1.3_PROD/output/bhr4/include -isystem /home/jenkins/slave/workspace/BHR4_Release_Build_FiOS1.3_PROD/output/bhr4/thirdparty-include -march=armv7-a -mcpu=cortex-a9 -mtune=cortex-a9 -mfpu=vfpv3-d16 -mfloat-abi=hard   conftest.c >&5
configure:11972: $? = 0
configure:11972: arm-greenwave-linux-gnueabihf-gcc -c -O2 -g   -I/home/jenkins/slave/workspace/BHR4_Release_Build_FiOS1.3_PROD/output/bhr4/include -isystem /home/jenkins/slave/workspace/BHR4_Release_Build_FiOS1.3_PROD/output/bhr4/thirdparty-include -march=armv7-a -mcpu=cortex-a9 -mtune=cortex-a9 -mfpu=vfpv3-d16 -mfloat-abi=hard   -O2 -g   -I/home/jenkins/slave/workspace/BHR4_Release_Build_FiOS1.3_PROD/output/bhr4/include -isystem /home/jenkins/slave/workspace/BHR4_Release_Build_FiOS1.3_PROD/output/bhr4/thirdparty-include -march=armv7-a -mcpu=cortex-a9 -mtune=cortex-a9 -mfpu=vfpv3-d16 -mfloat-abi=hard   conftest.c >&5
conftest.c: In function 'main':
conftest.c:31:12: error: size of array 'test_array' is negative
configure:11972: $? = 1
configure: failed program was:
| /* confdefs.h */
| #define PACKAGE_NAME "iptables"
| #define PACKAGE_TARNAME "iptables"
| #define PACKAGE_VERSION "1.4.17"
| #define PACKAGE_STRING "iptables 1.4.17"
| #define PACKAGE_BUGREPORT ""
| #define PACKAGE_URL ""
| #define PACKAGE "iptables"
| #define VERSION "1.4.17"
| #define STDC_HEADERS 1
| #define HAVE_SYS_TYPES_H 1
| #define HAVE_SYS_STAT_H 1
| #define HAVE_STDLIB_H 1
| #define HAVE_STRING_H 1
| #define HAVE_MEMORY_H 1
| #define HAVE_STRINGS_H 1
| #define HAVE_INTTYPES_H 1
| #define HAVE_STDINT_H 1
| #define HAVE_UNISTD_H 1
| #define HAVE_DLFCN_H 1
| #define LT_OBJDIR ".libs/"
| #define HAVE_LINUX_DCCP_H 1
| #define HAVE_LINUX_IP_VS_H 1
| #define HAVE_LINUX_MAGIC_H 1
| /* end confdefs.h.  */
| #include <netinet/ip6.h>
| 
| int
| main ()
| {
| static int test_array [1 - 2 * !(((long int) (sizeof (struct ip6_hdr))) <= 0)];
| test_array [0] = 0;
| return test_array [0];
| 
|   ;
|   return 0;
| }
configure:11972: arm-greenwave-linux-gnueabihf-gcc -c -O2 -g   -I/home/jenkins/slave/workspace/BHR4_Release_Build_FiOS1.3_PROD/output/bhr4/include -isystem /home/jenkins/slave/workspace/BHR4_Release_Build_FiOS1.3_PROD/output/bhr4/thirdparty-include -march=armv7-a -mcpu=cortex-a9 -mtune=cortex-a9 -mfpu=vfpv3-d16 -mfloat-abi=hard   -O2 -g   -I/home/jenkins/slave/workspace/BHR4_Release_Build_FiOS1.3_PROD/output/bhr4/include -isystem /home/jenkins/slave/workspace/BHR4_Release_Build_FiOS1.3_PROD/output/bhr4/thirdparty-include -march=armv7-a -mcpu=cortex-a9 -mtune=cortex-a9 -mfpu=vfpv3-d16 -mfloat-abi=hard   conftest.c >&5
conftest.c: In function 'main':
conftest.c:31:12: error: size of array 'test_array' is negative
configure:11972: $? = 1
configure: failed program was:
| /* confdefs.h */
| #define PACKAGE_NAME "iptables"
| #define PACKAGE_TARNAME "iptables"
| #define PACKAGE_VERSION "1.4.17"
| #define PACKAGE_STRING "iptables 1.4.17"
| #define PACKAGE_BUGREPORT ""
| #define PACKAGE_URL ""
| #define PACKAGE "iptables"
| #define VERSION "1.4.17"
| #define STDC_HEADERS 1
| #define HAVE_SYS_TYPES_H 1
| #define HAVE_SYS_STAT_H 1
| #define HAVE_STDLIB_H 1
| #define HAVE_STRING_H 1
| #define HAVE_MEMORY_H 1
| #define HAVE_STRINGS_H 1
| #define HAVE_INTTYPES_H 1
| #define HAVE_STDINT_H 1
| #define HAVE_UNISTD_H 1
| #define HAVE_DLFCN_H 1
| #define LT_OBJDIR ".libs/"
| #define HAVE_LINUX_DCCP_H 1
| #define HAVE_LINUX_IP_VS_H 1
| #define HAVE_LINUX_MAGIC_H 1
| /* end confdefs.h.  */
| #include <netinet/ip6.h>
| 
| int
| main ()
| {
| static int test_array [1 - 2 * !(((long int) (sizeof (struct ip6_hdr))) <= 1)];
| test_array [0] = 0;
| return test_array [0];
| 
|   ;
|   return 0;
| }
configure:11972: arm-greenwave-linux-gnueabihf-gcc -c -O2 -g   -I/home/jenkins/slave/workspace/BHR4_Release_Build_FiOS1.3_PROD/output/bhr4/include -isystem /home/jenkins/slave/workspace/BHR4_Release_Build_FiOS1.3_PROD/output/bhr4/thirdparty-include -march=armv7-a -mcpu=cortex-a9 -mtune=cortex-a9 -mfpu=vfpv3-d16 -mfloat-abi=hard   -O2 -g   -I/home/jenkins/slave/workspace/BHR4_Release_Build_FiOS1.3_PROD/output/bhr4/include -isystem /home/jenkins/slave/workspace/BHR4_Release_Build_FiOS1.3_PROD/output/bhr4/thirdparty-include -march=armv7-a -mcpu=cortex-a9 -mtune=cortex-a9 -mfpu=vfpv3-d16 -mfloat-abi=hard   conftest.c >&5
conftest.c: In function 'main':
conftest.c:31:12: error: size of array 'test_array' is negative
configure:11972: $? = 1
configure: failed program was:
| /* confdefs.h */
| #define PACKAGE_NAME "iptables"
| #define PACKAGE_TARNAME "iptables"
| #define PACKAGE_VERSION "1.4.17"
| #define PACKAGE_STRING "iptables 1.4.17"
| #define PACKAGE_BUGREPORT ""
| #define PACKAGE_URL ""
| #define PACKAGE "iptables"
| #define VERSION "1.4.17"
| #define STDC_HEADERS 1
| #define HAVE_SYS_TYPES_H 1
| #define HAVE_SYS_STAT_H 1
| #define HAVE_STDLIB_H 1
| #define HAVE_STRING_H 1
| #define HAVE_MEMORY_H 1
| #define HAVE_STRINGS_H 1
| #define HAVE_INTTYPES_H 1
| #define HAVE_STDINT_H 1
| #define HAVE_UNISTD_H 1
| #define HAVE_DLFCN_H 1
| #define LT_OBJDIR ".libs/"
| #define HAVE_LINUX_DCCP_H 1
| #define HAVE_LINUX_IP_VS_H 1
| #define HAVE_LINUX_MAGIC_H 1
| /* end confdefs.h.  */
| #include <netinet/ip6.h>
| 
| int
| main ()
| {
| static int test_array [1 - 2 * !(((long int) (sizeof (struct ip6_hdr))) <= 3)];
| test_array [0] = 0;
| return test_array [0];
| 
|   ;
|   return 0;
| }
configure:11972: arm-greenwave-linux-gnueabihf-gcc -c -O2 -g   -I/home/jenkins/slave/workspace/BHR4_Release_Build_FiOS1.3_PROD/output/bhr4/include -isystem /home/jenkins/slave/workspace/BHR4_Release_Build_FiOS1.3_PROD/output/bhr4/thirdparty-include -march=armv7-a -mcpu=cortex-a9 -mtune=cortex-a9 -mfpu=vfpv3-d16 -mfloat-abi=hard   -O2 -g   -I/home/jenkins/slave/workspace/BHR4_Release_Build_FiOS1.3_PROD/output/bhr4/include -isystem /home/jenkins/slave/workspace/BHR4_Release_Build_FiOS1.3_PROD/output/bhr4/thirdparty-include -march=armv7-a -mcpu=cortex-a9 -mtune=cortex-a9 -mfpu=vfpv3-d16 -mfloat-abi=hard   conftest.c >&5
conftest.c: In function 'main':
conftest.c:31:12: error: size of array 'test_array' is negative
configure:11972: $? = 1
configure: failed program was:
| /* confdefs.h */
| #define PACKAGE_NAME "iptables"
| #define PACKAGE_TARNAME "iptables"
| #define PACKAGE_VERSION "1.4.17"
| #define PACKAGE_STRING "iptables 1.4.17"
| #define PACKAGE_BUGREPORT ""
| #define PACKAGE_URL ""
| #define PACKAGE "iptables"
| #define VERSION "1.4.17"
| #define STDC_HEADERS 1
| #define HAVE_SYS_TYPES_H 1
| #define HAVE_SYS_STAT_H 1
| #define HAVE_STDLIB_H 1
| #define HAVE_STRING_H 1
| #define HAVE_MEMORY_H 1
| #define HAVE_STRINGS_H 1
| #define HAVE_INTTYPES_H 1
| #define HAVE_STDINT_H 1
| #define HAVE_UNISTD_H 1
| #define HAVE_DLFCN_H 1
| #define LT_OBJDIR ".libs/"
| #define HAVE_LINUX_DCCP_H 1
| #define HAVE_LINUX_IP_VS_H 1
| #define HAVE_LINUX_MAGIC_H 1
| /* end confdefs.h.  */
| #include <netinet/ip6.h>
| 
| int
| main ()
| {
| static int test_array [1 - 2 * !(((long int) (sizeof (struct ip6_hdr))) <= 7)];
| test_array [0] = 0;
| return test_array [0];
| 
|   ;
|   return 0;
| }
configure:11972: arm-greenwave-linux-gnueabihf-gcc -c -O2 -g   -I/home/jenkins/slave/workspace/BHR4_Release_Build_FiOS1.3_PROD/output/bhr4/include -isystem /home/jenkins/slave/workspace/BHR4_Release_Build_FiOS1.3_PROD/output/bhr4/thirdparty-include -march=armv7-a -mcpu=cortex-a9 -mtune=cortex-a9 -mfpu=vfpv3-d16 -mfloat-abi=hard   -O2 -g   -I/home/jenkins/slave/workspace/BHR4_Release_Build_FiOS1.3_PROD/output/bhr4/include -isystem /home/jenkins/slave/workspace/BHR4_Release_Build_FiOS1.3_PROD/output/bhr4/thirdparty-include -march=armv7-a -mcpu=cortex-a9 -mtune=cortex-a9 -mfpu=vfpv3-d16 -mfloat-abi=hard   conftest.c >&5
conftest.c: In function 'main':
conftest.c:31:12: error: size of array 'test_array' is negative
configure:11972: $? = 1
configure: failed program was:
| /* confdefs.h */
| #define PACKAGE_NAME "iptables"
| #define PACKAGE_TARNAME "iptables"
| #define PACKAGE_VERSION "1.4.17"
| #define PACKAGE_STRING "iptables 1.4.17"
| #define PACKAGE_BUGREPORT ""
| #define PACKAGE_URL ""
| #define PACKAGE "iptables"
| #define VERSION "1.4.17"
| #define STDC_HEADERS 1
| #define HAVE_SYS_TYPES_H 1
| #define HAVE_SYS_STAT_H 1
| #define HAVE_STDLIB_H 1
| #define HAVE_STRING_H 1
| #define HAVE_MEMORY_H 1
| #define HAVE_STRINGS_H 1
| #define HAVE_INTTYPES_H 1
| #define HAVE_STDINT_H 1
| #define HAVE_UNISTD_H 1
| #define HAVE_DLFCN_H 1
| #define LT_OBJDIR ".libs/"
| #define HAVE_LINUX_DCCP_H 1
| #define HAVE_LINUX_IP_VS_H 1
| #define HAVE_LINUX_MAGIC_H 1
| /* end confdefs.h.  */
| #include <netinet/ip6.h>
| 
| int
| main ()
| {
| static int test_array [1 - 2 * !(((long int) (sizeof (struct ip6_hdr))) <= 15)];
| test_array [0] = 0;
| return test_array [0];
| 
|   ;
|   return 0;
| }
configure:11972: arm-greenwave-linux-gnueabihf-gcc -c -O2 -g   -I/home/jenkins/slave/workspace/BHR4_Release_Build_FiOS1.3_PROD/output/bhr4/include -isystem /home/jenkins/slave/workspace/BHR4_Release_Build_FiOS1.3_PROD/output/bhr4/thirdparty-include -march=armv7-a -mcpu=cortex-a9 -mtune=cortex-a9 -mfpu=vfpv3-d16 -mfloat-abi=hard   -O2 -g   -I/home/jenkins/slave/workspace/BHR4_Release_Build_FiOS1.3_PROD/output/bhr4/include -isystem /home/jenkins/slave/workspace/BHR4_Release_Build_FiOS1.3_PROD/output/bhr4/thirdparty-include -march=armv7-a -mcpu=cortex-a9 -mtune=cortex-a9 -mfpu=vfpv3-d16 -mfloat-abi=hard   conftest.c >&5
conftest.c: In function 'main':
conftest.c:31:12: error: size of array 'test_array' is negative
configure:11972: $? = 1
configure: failed program was:
| /* confdefs.h */
| #define PACKAGE_NAME "iptables"
| #define PACKAGE_TARNAME "iptables"
| #define PACKAGE_VERSION "1.4.17"
| #define PACKAGE_STRING "iptables 1.4.17"
| #define PACKAGE_BUGREPORT ""
| #define PACKAGE_URL ""
| #define PACKAGE "iptables"
| #define VERSION "1.4.17"
| #define STDC_HEADERS 1
| #define HAVE_SYS_TYPES_H 1
| #define HAVE_SYS_STAT_H 1
| #define HAVE_STDLIB_H 1
| #define HAVE_STRING_H 1
| #define HAVE_MEMORY_H 1
| #define HAVE_STRINGS_H 1
| #define HAVE_INTTYPES_H 1
| #define HAVE_STDINT_H 1
| #define HAVE_UNISTD_H 1
| #define HAVE_DLFCN_H 1
| #define LT_OBJDIR ".libs/"
| #define HAVE_LINUX_DCCP_H 1
| #define HAVE_LINUX_IP_VS_H 1
| #define HAVE_LINUX_MAGIC_H 1
| /* end confdefs.h.  */
| #include <netinet/ip6.h>
| 
| int
| main ()
| {
| static int test_array [1 - 2 * !(((long int) (sizeof (struct ip6_hdr))) <= 31)];
| test_array [0] = 0;
| return test_array [0];
| 
|   ;
|   return 0;
| }
configure:11972: arm-greenwave-linux-gnueabihf-gcc -c -O2 -g   -I/home/jenkins/slave/workspace/BHR4_Release_Build_FiOS1.3_PROD/output/bhr4/include -isystem /home/jenkins/slave/workspace/BHR4_Release_Build_FiOS1.3_PROD/output/bhr4/thirdparty-include -march=armv7-a -mcpu=cortex-a9 -mtune=cortex-a9 -mfpu=vfpv3-d16 -mfloat-abi=hard   -O2 -g   -I/home/jenkins/slave/workspace/BHR4_Release_Build_FiOS1.3_PROD/output/bhr4/include -isystem /home/jenkins/slave/workspace/BHR4_Release_Build_FiOS1.3_PROD/output/bhr4/thirdparty-include -march=armv7-a -mcpu=cortex-a9 -mtune=cortex-a9 -mfpu=vfpv3-d16 -mfloat-abi=hard   conftest.c >&5
configure:11972: $? = 0
configure:11972: arm-greenwave-linux-gnueabihf-gcc -c -O2 -g   -I/home/jenkins/slave/workspace/BHR4_Release_Build_FiOS1.3_PROD/output/bhr4/include -isystem /home/jenkins/slave/workspace/BHR4_Release_Build_FiOS1.3_PROD/output/bhr4/thirdparty-include -march=armv7-a -mcpu=cortex-a9 -mtune=cortex-a9 -mfpu=vfpv3-d16 -mfloat-abi=hard   -O2 -g   -I/home/jenkins/slave/workspace/BHR4_Release_Build_FiOS1.3_PROD/output/bhr4/include -isystem /home/jenkins/slave/workspace/BHR4_Release_Build_FiOS1.3_PROD/output/bhr4/thirdparty-include -march=armv7-a -mcpu=cortex-a9 -mtune=cortex-a9 -mfpu=vfpv3-d16 -mfloat-abi=hard   conftest.c >&5
configure:11972: $? = 0
configure:11972: arm-greenwave-linux-gnueabihf-gcc -c -O2 -g   -I/home/jenkins/slave/workspace/BHR4_Release_Build_FiOS1.3_PROD/output/bhr4/include -isystem /home/jenkins/slave/workspace/BHR4_Release_Build_FiOS1.3_PROD/output/bhr4/thirdparty-include -march=armv7-a -mcpu=cortex-a9 -mtune=cortex-a9 -mfpu=vfpv3-d16 -mfloat-abi=hard   -O2 -g   -I/home/jenkins/slave/workspace/BHR4_Release_Build_FiOS1.3_PROD/output/bhr4/include -isystem /home/jenkins/slave/workspace/BHR4_Release_Build_FiOS1.3_PROD/output/bhr4/thirdparty-include -march=armv7-a -mcpu=cortex-a9 -mtune=cortex-a9 -mfpu=vfpv3-d16 -mfloat-abi=hard   conftest.c >&5
conftest.c: In function 'main':
conftest.c:31:12: error: size of array 'test_array' is negative
configure:11972: $? = 1
configure: failed program was:
| /* confdefs.h */
| #define PACKAGE_NAME "iptables"
| #define PACKAGE_TARNAME "iptables"
| #define PACKAGE_VERSION "1.4.17"
| #define PACKAGE_STRING "iptables 1.4.17"
| #define PACKAGE_BUGREPORT ""
| #define PACKAGE_URL ""
| #define PACKAGE "iptables"
| #define VERSION "1.4.17"
| #define STDC_HEADERS 1
| #define HAVE_SYS_TYPES_H 1
| #define HAVE_SYS_STAT_H 1
| #define HAVE_STDLIB_H 1
| #define HAVE_STRING_H 1
| #define HAVE_MEMORY_H 1
| #define HAVE_STRINGS_H 1
| #define HAVE_INTTYPES_H 1
| #define HAVE_STDINT_H 1
| #define HAVE_UNISTD_H 1
| #define HAVE_DLFCN_H 1
| #define LT_OBJDIR ".libs/"
| #define HAVE_LINUX_DCCP_H 1
| #define HAVE_LINUX_IP_VS_H 1
| #define HAVE_LINUX_MAGIC_H 1
| /* end confdefs.h.  */
| #include <netinet/ip6.h>
| 
| int
| main ()
| {
| static int test_array [1 - 2 * !(((long int) (sizeof (struct ip6_hdr))) <= 39)];
| test_array [0] = 0;
| return test_array [0];
| 
|   ;
|   return 0;
| }
configure:11972: arm-greenwave-linux-gnueabihf-gcc -c -O2 -g   -I/home/jenkins/slave/workspace/BHR4_Release_Build_FiOS1.3_PROD/output/bhr4/include -isystem /home/jenkins/slave/workspace/BHR4_Release_Build_FiOS1.3_PROD/output/bhr4/thirdparty-include -march=armv7-a -mcpu=cortex-a9 -mtune=cortex-a9 -mfpu=vfpv3-d16 -mfloat-abi=hard   -O2 -g   -I/home/jenkins/slave/workspace/BHR4_Release_Build_FiOS1.3_PROD/output/bhr4/include -isystem /home/jenkins/slave/workspace/BHR4_Release_Build_FiOS1.3_PROD/output/bhr4/thirdparty-include -march=armv7-a -mcpu=cortex-a9 -mtune=cortex-a9 -mfpu=vfpv3-d16 -mfloat-abi=hard   conftest.c >&5
configure:11972: $? = 0
configure:11972: arm-greenwave-linux-gnueabihf-gcc -c -O2 -g   -I/home/jenkins/slave/workspace/BHR4_Release_Build_FiOS1.3_PROD/output/bhr4/include -isystem /home/jenkins/slave/workspace/BHR4_Release_Build_FiOS1.3_PROD/output/bhr4/thirdparty-include -march=armv7-a -mcpu=cortex-a9 -mtune=cortex-a9 -mfpu=vfpv3-d16 -mfloat-abi=hard   -O2 -g   -I/home/jenkins/slave/workspace/BHR4_Release_Build_FiOS1.3_PROD/output/bhr4/include -isystem /home/jenkins/slave/workspace/BHR4_Release_Build_FiOS1.3_PROD/output/bhr4/thirdparty-include -march=armv7-a -mcpu=cortex-a9 -mtune=cortex-a9 -mfpu=vfpv3-d16 -mfloat-abi=hard   conftest.c >&5
configure:11972: $? = 0
configure:11972: arm-greenwave-linux-gnueabihf-gcc -c -O2 -g   -I/home/jenkins/slave/workspace/BHR4_Release_Build_FiOS1.3_PROD/output/bhr4/include -isystem /home/jenkins/slave/workspace/BHR4_Release_Build_FiOS1.3_PROD/output/bhr4/thirdparty-include -march=armv7-a -mcpu=cortex-a9 -mtune=cortex-a9 -mfpu=vfpv3-d16 -mfloat-abi=hard   -O2 -g   -I/home/jenkins/slave/workspace/BHR4_Release_Build_FiOS1.3_PROD/output/bhr4/include -isystem /home/jenkins/slave/workspace/BHR4_Release_Build_FiOS1.3_PROD/output/bhr4/thirdparty-include -march=armv7-a -mcpu=cortex-a9 -mtune=cortex-a9 -mfpu=vfpv3-d16 -mfloat-abi=hard   conftest.c >&5
configure:11972: $? = 0
configure:11987: result: 40
configure:12066: checking for arm-greenwave-linux-gnueabihf-pkg-config
configure:12099: result: no
configure:12109: checking for pkg-config
configure:12127: found /usr/bin/pkg-config
configure:12139: result: /usr/bin/pkg-config
configure:12164: checking pkg-config is at least version 0.9.0
configure:12167: result: yes
configure:12177: checking for libnfnetlink
configure:12184: $PKG_CONFIG --exists --print-errors "libnfnetlink >= 1.0"
configure:12187: $? = 0
configure:12201: $PKG_CONFIG --exists --print-errors "libnfnetlink >= 1.0"
configure:12204: $? = 0
configure:12242: result: yes
configure:12447: creating ./config.status

## ---------------------- ##
## Running config.status. ##
## ---------------------- ##

This file was extended by iptables config.status 1.4.17, which was
generated by GNU Autoconf 2.69.  Invocation command line was

  CONFIG_FILES    = 
  CONFIG_HEADERS  = 
  CONFIG_LINKS    = 
  CONFIG_COMMANDS = 
  $ ./config.status 

on sbuild2

config.status:1129: creating Makefile
config.status:1129: creating extensions/GNUmakefile
config.status:1129: creating include/Makefile
config.status:1129: creating iptables/Makefile
config.status:1129: creating iptables/xtables.pc
config.status:1129: creating libipq/Makefile
config.status:1129: creating libipq/libipq.pc
config.status:1129: creating libiptc/Makefile
config.status:1129: creating libiptc/libiptc.pc
config.status:1129: creating libiptc/libip4tc.pc
config.status:1129: creating libiptc/libip6tc.pc
config.status:1129: creating libxtables/Makefile
config.status:1129: creating utils/Makefile
config.status:1129: creating include/xtables-version.h
config.status:1129: creating include/iptables/internal.h
config.status:1129: creating config.h
config.status:1358: executing depfiles commands
config.status:1358: executing libtool commands

## ---------------- ##
## Cache variables. ##
## ---------------- ##

ac_cv_build=x86_64-unknown-linux-gnu
ac_cv_c_compiler_gnu=yes
ac_cv_env_CC_set=set
ac_cv_env_CC_value=arm-greenwave-linux-gnueabihf-gcc
ac_cv_env_CFLAGS_set=set
ac_cv_env_CFLAGS_value='-O2 -g   -I/home/jenkins/slave/workspace/BHR4_Release_Build_FiOS1.3_PROD/output/bhr4/include -isystem /home/jenkins/slave/workspace/BHR4_Release_Build_FiOS1.3_PROD/output/bhr4/thirdparty-include -march=armv7-a -mcpu=cortex-a9 -mtune=cortex-a9 -mfpu=vfpv3-d16 -mfloat-abi=hard  '
ac_cv_env_CPPFLAGS_set=set
ac_cv_env_CPPFLAGS_value='-O2 -g   -I/home/jenkins/slave/workspace/BHR4_Release_Build_FiOS1.3_PROD/output/bhr4/include -isystem /home/jenkins/slave/workspace/BHR4_Release_Build_FiOS1.3_PROD/output/bhr4/thirdparty-include -march=armv7-a -mcpu=cortex-a9 -mtune=cortex-a9 -mfpu=vfpv3-d16 -mfloat-abi=hard  '
ac_cv_env_CPP_set=
ac_cv_env_CPP_value=
ac_cv_env_LDFLAGS_set=set
ac_cv_env_LDFLAGS_value='-L/home/jenkins/slave/workspace/BHR4_Release_Build_FiOS1.3_PROD/output/bhr4/lib -Wl,-O1 -Wl,--as-needed '
ac_cv_env_LIBS_set=set
ac_cv_env_LIBS_value='-Wl,-rpath-link=/home/jenkins/slave/workspace/BHR4_Release_Build_FiOS1.3_PROD/output/bhr4/lib -Wl,-L/home/jenkins/slave/workspace/BHR4_Release_Build_FiOS1.3_PROD/output/bhr4/lib '
ac_cv_env_PKG_CONFIG_LIBDIR_set=set
ac_cv_env_PKG_CONFIG_LIBDIR_value=/home/jenkins/slave/workspace/BHR4_Release_Build_FiOS1.3_PROD/output/bhr4/lib/pkgconfig
ac_cv_env_PKG_CONFIG_PATH_set=
ac_cv_env_PKG_CONFIG_PATH_value=
ac_cv_env_PKG_CONFIG_set=
ac_cv_env_PKG_CONFIG_value=
ac_cv_env_build_alias_set=
ac_cv_env_build_alias_value=
ac_cv_env_host_alias_set=set
ac_cv_env_host_alias_value=arm-greenwave-linux-gnueabihf
ac_cv_env_libnfnetlink_CFLAGS_set=
ac_cv_env_libnfnetlink_CFLAGS_value=
ac_cv_env_libnfnetlink_LIBS_set=
ac_cv_env_libnfnetlink_LIBS_value=
ac_cv_env_target_alias_set=set
ac_cv_env_target_alias_value=arm-greenwave-linux-gnueabihf
ac_cv_header_dlfcn_h=yes
ac_cv_header_inttypes_h=yes
ac_cv_header_linux_dccp_h=yes
ac_cv_header_linux_ip_vs_h=yes
ac_cv_header_linux_magic_h=yes
ac_cv_header_linux_proc_fs_h=no
ac_cv_header_memory_h=yes
ac_cv_header_stdc=yes
ac_cv_header_stdint_h=yes
ac_cv_header_stdlib_h=yes
ac_cv_header_string_h=yes
ac_cv_header_strings_h=yes
ac_cv_header_sys_stat_h=yes
ac_cv_header_sys_types_h=yes
ac_cv_header_unistd_h=yes
ac_cv_host=arm-greenwave-linux-gnueabihf
ac_cv_objext=o
ac_cv_path_EGREP='/bin/grep -E'
ac_cv_path_FGREP='/bin/grep -F'
ac_cv_path_GREP=/bin/grep
ac_cv_path_SED=/bin/sed
ac_cv_path_ac_pt_PKG_CONFIG=/usr/bin/pkg-config
ac_cv_path_install='/usr/bin/install -c'
ac_cv_path_mkdir=/bin/mkdir
ac_cv_prog_AR=arm-greenwave-linux-gnueabihf-ar
ac_cv_prog_AWK=gawk
ac_cv_prog_CC=arm-greenwave-linux-gnueabihf-gcc
ac_cv_prog_CPP='arm-greenwave-linux-gnueabihf-gcc -E'
ac_cv_prog_OBJDUMP=arm-greenwave-linux-gnueabihf-objdump
ac_cv_prog_RANLIB=arm-greenwave-linux-gnueabihf-ranlib
ac_cv_prog_STRIP=arm-greenwave-linux-gnueabihf-strip
ac_cv_prog_ac_ct_MANIFEST_TOOL=mt
ac_cv_prog_cc_arm_greenwave_linux_gnueabihf_gcc_c_o=yes
ac_cv_prog_cc_c89=
ac_cv_prog_cc_g=yes
ac_cv_prog_make_make_set=yes
ac_cv_sizeof_struct_ip6_hdr=40
am_cv_CC_dependencies_compiler_type=gcc3
am_cv_ar_interface=ar
ax_cv_linker_flags__Wl___no_as_needed=yes
lt_cv_ar_at_file=@
lt_cv_archive_cmds_need_lc=no
lt_cv_deplibs_check_method=pass_all
lt_cv_file_magic_cmd='$MAGIC_CMD'
lt_cv_file_magic_test_file=
lt_cv_ld_reload_flag=-r
lt_cv_nm_interface='BSD nm'
lt_cv_objdir=.libs
lt_cv_path_LD=/home/jenkins/slave/workspace/BHR4_Release_Build_FiOS1.3_PROD/output/toolchains/arm-cortex-a9_linaro-gcc47/arm-greenwave-linux-gnueabihf/bin/ld
lt_cv_path_NM='/home/jenkins/slave/workspace/BHR4_Release_Build_FiOS1.3_PROD/output/toolchains/arm-cortex-a9_linaro-gcc47/bin/arm-greenwave-linux-gnueabihf-nm -B'
lt_cv_path_mainfest_tool=no
lt_cv_prog_compiler_c_o=yes
lt_cv_prog_compiler_pic='-fPIC -DPIC'
lt_cv_prog_compiler_pic_works=yes
lt_cv_prog_compiler_rtti_exceptions=no
lt_cv_prog_compiler_static_works=yes
lt_cv_prog_gnu_ld=yes
lt_cv_sharedlib_from_linklib_cmd='printf %s\n'
lt_cv_shlibpath_overrides_runpath=no
lt_cv_sys_global_symbol_pipe='sed -n -e '\''s/^.*[	 ]\([ABCDGIRSTW][ABCDGIRSTW]*\)[	 ][	 ]*\([_A-Za-z][_A-Za-z0-9]*\)$/\1 \2 \2/p'\'' | sed '\''/ __gnu_lto/d'\'''
lt_cv_sys_global_symbol_to_c_name_address='sed -n -e '\''s/^: \([^ ]*\)[ ]*$/  {\"\1\", (void *) 0},/p'\'' -e '\''s/^[ABCDGIRSTW]* \([^ ]*\) \([^ ]*\)$/  {"\2", (void *) \&\2},/p'\'''
lt_cv_sys_global_symbol_to_c_name_address_lib_prefix='sed -n -e '\''s/^: \([^ ]*\)[ ]*$/  {\"\1\", (void *) 0},/p'\'' -e '\''s/^[ABCDGIRSTW]* \([^ ]*\) \(lib[^ ]*\)$/  {"\2", (void *) \&\2},/p'\'' -e '\''s/^[ABCDGIRSTW]* \([^ ]*\) \([^ ]*\)$/  {"lib\2", (void *) \&\2},/p'\'''
lt_cv_sys_global_symbol_to_cdecl='sed -n -e '\''s/^T .* \(.*\)$/extern int \1();/p'\'' -e '\''s/^[ABCDGIRSTW]* .* \(.*\)$/extern char \1;/p'\'''
lt_cv_sys_max_cmd_len=3458764513820540925
lt_cv_to_host_file_cmd=func_convert_file_noop
lt_cv_to_tool_file_cmd=func_convert_file_noop
pkg_cv_libnfnetlink_CFLAGS='-I/include  '
pkg_cv_libnfnetlink_LIBS='-lnfnetlink  '

## ----------------- ##
## Output variables. ##
## ----------------- ##

ACLOCAL='${SHELL} /home/jenkins/slave/workspace/BHR4_Release_Build_FiOS1.3_PROD/output/bhr4/iptables-1.4.17/build-aux/missing --run aclocal-1.11'
AMDEPBACKSLASH='\'
AMDEP_FALSE='#'
AMDEP_TRUE=''
AMTAR='$${TAR-tar}'
AR='arm-greenwave-linux-gnueabihf-ar'
AUTOCONF='${SHELL} /home/jenkins/slave/workspace/BHR4_Release_Build_FiOS1.3_PROD/output/bhr4/iptables-1.4.17/build-aux/missing --run autoconf'
AUTOHEADER='${SHELL} /home/jenkins/slave/workspace/BHR4_Release_Build_FiOS1.3_PROD/output/bhr4/iptables-1.4.17/build-aux/missing --run autoheader'
AUTOMAKE='${SHELL} /home/jenkins/slave/workspace/BHR4_Release_Build_FiOS1.3_PROD/output/bhr4/iptables-1.4.17/build-aux/missing --run automake-1.11'
AWK='gawk'
CC='arm-greenwave-linux-gnueabihf-gcc'
CCDEPMODE='depmode=gcc3'
CFLAGS='-O2 -g   -I/home/jenkins/slave/workspace/BHR4_Release_Build_FiOS1.3_PROD/output/bhr4/include -isystem /home/jenkins/slave/workspace/BHR4_Release_Build_FiOS1.3_PROD/output/bhr4/thirdparty-include -march=armv7-a -mcpu=cortex-a9 -mtune=cortex-a9 -mfpu=vfpv3-d16 -mfloat-abi=hard  '
CPP='arm-greenwave-linux-gnueabihf-gcc -E'
CPPFLAGS='-O2 -g   -I/home/jenkins/slave/workspace/BHR4_Release_Build_FiOS1.3_PROD/output/bhr4/include -isystem /home/jenkins/slave/workspace/BHR4_Release_Build_FiOS1.3_PROD/output/bhr4/thirdparty-include -march=armv7-a -mcpu=cortex-a9 -mtune=cortex-a9 -mfpu=vfpv3-d16 -mfloat-abi=hard  '
CYGPATH_W='echo'
DEFS='-DHAVE_CONFIG_H'
DEPDIR='.deps'
DLLTOOL='false'
DSYMUTIL=''
DUMPBIN=''
ECHO_C=''
ECHO_N='-n'
ECHO_T=''
EGREP='/bin/grep -E'
ENABLE_DEVEL_FALSE='#'
ENABLE_DEVEL_TRUE=''
ENABLE_IPV4_FALSE='#'
ENABLE_IPV4_TRUE=''
ENABLE_IPV6_FALSE='#'
ENABLE_IPV6_TRUE=''
ENABLE_LARGEFILE_FALSE='#'
ENABLE_LARGEFILE_TRUE=''
ENABLE_LIBIPQ_FALSE='#'
ENABLE_LIBIPQ_TRUE=''
ENABLE_SHARED_FALSE='#'
ENABLE_SHARED_TRUE=''
ENABLE_STATIC_FALSE='#'
ENABLE_STATIC_TRUE=''
EXEEXT=''
FGREP='/bin/grep -F'
GREP='/bin/grep'
HAVE_LIBNFNETLINK_FALSE='#'
HAVE_LIBNFNETLINK_TRUE=''
INSTALL_DATA='${INSTALL} -m 644'
INSTALL_PROGRAM='${INSTALL}'
INSTALL_SCRIPT='${INSTALL}'
INSTALL_STRIP_PROGRAM='$(install_sh) -c -s'
LD='/home/jenkins/slave/workspace/BHR4_Release_Build_FiOS1.3_PROD/output/toolchains/arm-cortex-a9_linaro-gcc47/arm-greenwave-linux-gnueabihf/bin/ld'
LDFLAGS='-L/home/jenkins/slave/workspace/BHR4_Release_Build_FiOS1.3_PROD/output/bhr4/lib -Wl,-O1 -Wl,--as-needed '
LIBOBJS=''
LIBS='-Wl,-rpath-link=/home/jenkins/slave/workspace/BHR4_Release_Build_FiOS1.3_PROD/output/bhr4/lib -Wl,-L/home/jenkins/slave/workspace/BHR4_Release_Build_FiOS1.3_PROD/output/bhr4/lib '
LIBTOOL='$(SHELL) $(top_builddir)/libtool'
LIPO=''
LN_S='ln -s'
LTLIBOBJS=''
MAKEINFO='${SHELL} /home/jenkins/slave/workspace/BHR4_Release_Build_FiOS1.3_PROD/output/bhr4/iptables-1.4.17/build-aux/missing --run makeinfo'
MANIFEST_TOOL=':'
MKDIR_P='/bin/mkdir -p'
NM='/home/jenkins/slave/workspace/BHR4_Release_Build_FiOS1.3_PROD/output/toolchains/arm-cortex-a9_linaro-gcc47/bin/arm-greenwave-linux-gnueabihf-nm -B'
NMEDIT=''
OBJDUMP='arm-greenwave-linux-gnueabihf-objdump'
OBJEXT='o'
OTOOL64=''
OTOOL=''
PACKAGE='iptables'
PACKAGE_BUGREPORT=''
PACKAGE_NAME='iptables'
PACKAGE_STRING='iptables 1.4.17'
PACKAGE_TARNAME='iptables'
PACKAGE_URL=''
PACKAGE_VERSION='1.4.17'
PATH_SEPARATOR=':'
PKG_CONFIG='/usr/bin/pkg-config'
PKG_CONFIG_LIBDIR='/home/jenkins/slave/workspace/BHR4_Release_Build_FiOS1.3_PROD/output/bhr4/lib/pkgconfig'
PKG_CONFIG_PATH=''
RANLIB='arm-greenwave-linux-gnueabihf-ranlib'
SED='/bin/sed'
SET_MAKE=''
SHELL='/bin/bash'
STRIP='arm-greenwave-linux-gnueabihf-strip'
VERSION='1.4.17'
ac_ct_AR=''
ac_ct_CC=''
ac_ct_DUMPBIN=''
am__EXEEXT_FALSE=''
am__EXEEXT_TRUE='#'
am__fastdepCC_FALSE='#'
am__fastdepCC_TRUE=''
am__include='include'
am__isrc=''
am__leading_dot='.'
am__nodep='_no'
am__quote=''
am__tar='$${TAR-tar} chof - "$$tardir"'
am__untar='$${TAR-tar} xf -'
bindir='${exec_prefix}/bin'
blacklist_modules=''
build='x86_64-unknown-linux-gnu'
build_alias=''
build_cpu='x86_64'
build_os='linux-gnu'
build_vendor='unknown'
datadir='${datarootdir}'
datarootdir='${prefix}/share'
docdir='${datarootdir}/doc/${PACKAGE_TARNAME}'
dvidir='${docdir}'
exec_prefix='${prefix}'
host='arm-greenwave-linux-gnueabihf'
host_alias='arm-greenwave-linux-gnueabihf'
host_cpu='arm'
host_os='linux-gnueabihf'
host_vendor='greenwave'
htmldir='${docdir}'
includedir='${prefix}/include'
infodir='${datarootdir}/info'
install_sh='${SHELL} /home/jenkins/slave/workspace/BHR4_Release_Build_FiOS1.3_PROD/output/bhr4/iptables-1.4.17/build-aux/install-sh'
kbuilddir=''
kinclude_CPPFLAGS=''
ksourcedir=''
libdir='${exec_prefix}/lib'
libexecdir='/lib'
libiptc_LDFLAGS2='-Wl,--no-as-needed'
libnfnetlink_CFLAGS='-I/include  '
libnfnetlink_LIBS='-lnfnetlink  '
libxtables_vage='0'
libxtables_vcurrent='9'
libxtables_vmajor='9'
localedir='${datarootdir}/locale'
localstatedir='${prefix}/var'
mandir='${datarootdir}/man'
mkdir_p='/bin/mkdir -p'
noundef_LDFLAGS='-Wl,--no-undefined'
oldincludedir='/usr/include'
pdfdir='${docdir}'
pkgconfigdir='${libdir}/pkgconfig'
pkgdatadir='${datadir}/xtables'
prefix=''
program_transform_name='s,x,x,'
psdir='${docdir}'
regular_CFLAGS='-Wall -Waggregate-return -Wmissing-declarations 	-Wmissing-prototypes -Wredundant-decls -Wshadow -Wstrict-prototypes 	-Winline -pipe'
regular_CPPFLAGS='-D_LARGEFILE_SOURCE=1 -D_LARGE_FILES -D_FILE_OFFSET_BITS=64 -D_REENTRANT 	-DXTABLES_LIBDIR=\"${xtlibdir}\" -DXTABLES_INTERNAL'
sbindir='/sbin'
sharedstatedir='${prefix}/com'
sysconfdir='${prefix}/etc'
target_alias='arm-greenwave-linux-gnueabihf'
xtlibdir='/lib'

## ----------- ##
## confdefs.h. ##
## ----------- ##

/* confdefs.h */
#define PACKAGE_NAME "iptables"
#define PACKAGE_TARNAME "iptables"
#define PACKAGE_VERSION "1.4.17"
#define PACKAGE_STRING "iptables 1.4.17"
#define PACKAGE_BUGREPORT ""
#define PACKAGE_URL ""
#define PACKAGE "iptables"
#define VERSION "1.4.17"
#define STDC_HEADERS 1
#define HAVE_SYS_TYPES_H 1
#define HAVE_SYS_STAT_H 1
#define HAVE_STDLIB_H 1
#define HAVE_STRING_H 1
#define HAVE_MEMORY_H 1
#define HAVE_STRINGS_H 1
#define HAVE_INTTYPES_H 1
#define HAVE_STDINT_H 1
#define HAVE_UNISTD_H 1
#define HAVE_DLFCN_H 1
#define LT_OBJDIR ".libs/"
#define HAVE_LINUX_DCCP_H 1
#define HAVE_LINUX_IP_VS_H 1
#define HAVE_LINUX_MAGIC_H 1
#define SIZEOF_STRUCT_IP6_HDR 40

configure: exit 0
