This file contains any messages produced by compilers while
running configure, to aid debugging if configure makes a mistake.

It was created by bridge-utils configure 1.5, which was
generated by GNU Autoconf 2.69.  Invocation command line was

  $ ./configure --host=arm-greenwave-linux-gnueabihf --target=arm-greenwave-linux-gnueabihf --prefix= --with-linux-headers=/home/jenkins/slave/workspace/BHR4_Release_Build_FiOS1.3_PROD/output/bhr4/linux-3.4.104

## --------- ##
## Platform. ##
## --------- ##

hostname = sbuild2
uname -m = x86_64
uname -r = 3.19.0-31-generic
uname -s = Linux
uname -v = #36~14.04.1-Ubuntu SMP Thu Oct 8 10:21:08 UTC 2015

/usr/bin/uname -p = unknown
/bin/uname -X     = unknown

/bin/arch              = unknown
/usr/bin/arch -k       = unknown
/usr/convex/getsysinfo = unknown
/usr/bin/hostinfo      = unknown
/bin/machine           = unknown
/usr/bin/oslevel       = unknown
/bin/universe          = unknown

PATH: /home/jenkins/slave/workspace/BHR4_Release_Build_FiOS1.3_PROD/output/toolchains/arm-cortex-a9_linaro-gcc47/ccache
PATH: /home/jenkins/slave/workspace/BHR4_Release_Build_FiOS1.3_PROD/output/toolchains/arm-cortex-a9_linaro-gcc47/bin
PATH: /home/jenkins/slave/workspace/BHR4_Release_Build_FiOS1.3_PROD/output/bhr4/host_tools/bin
PATH: /home/jenkins/slave/workspace/BHR4_Release_Build_FiOS1.3_PROD/output/toolchains/arm-cortex-a9_linaro-gcc47/ccache
PATH: /home/jenkins/slave/workspace/BHR4_Release_Build_FiOS1.3_PROD/output/toolchains/arm-cortex-a9_linaro-gcc47/bin
PATH: /home/jenkins/slave/workspace/BHR4_Release_Build_FiOS1.3_PROD/output/bhr4/host_tools/bin
PATH: /home/jenkins/slave/workspace/BHR4_Release_Build_FiOS1.3_PROD/output/toolchains/arm-cortex-a9_linaro-gcc47/ccache
PATH: /home/jenkins/slave/workspace/BHR4_Release_Build_FiOS1.3_PROD/output/toolchains/arm-cortex-a9_linaro-gcc47/bin
PATH: /home/jenkins/slave/workspace/BHR4_Release_Build_FiOS1.3_PROD/output/bhr4/host_tools/bin
PATH: /usr/lib/ccache
PATH: /usr/local/sbin
PATH: /usr/local/bin
PATH: /usr/sbin
PATH: /usr/bin
PATH: /sbin
PATH: /bin
PATH: /usr/games
PATH: /usr/local/games
PATH: /home/jenkins/slave/workspace/BHR4_Release_Build_FiOS1.3_PROD/tools/bin
PATH: /home/jenkins/slave/workspace/BHR4_Release_Build_FiOS1.3_PROD/output/bhr4/host_tools/bin


## ----------- ##
## Core tests. ##
## ----------- ##

configure:2110: checking for arm-greenwave-linux-gnueabihf-gcc
configure:2137: result: arm-greenwave-linux-gnueabihf-gcc
configure:2406: checking for C compiler version
configure:2415: arm-greenwave-linux-gnueabihf-gcc --version >&5
arm-greenwave-linux-gnueabihf-gcc (crosstool-NG 1.19.0 - Linaro gcc 4.7-2013.12) 4.7.4 20131207 (prerelease)
Copyright (C) 2012 Free Software Foundation, Inc.
This is free software; see the source for copying conditions.  There is NO
warranty; not even for MERCHANTABILITY or FITNESS FOR A PARTICULAR PURPOSE.

configure:2426: $? = 0
configure:2415: arm-greenwave-linux-gnueabihf-gcc -v >&5
Using built-in specs.
COLLECT_GCC=/home/jenkins/slave/workspace/BHR4_Release_Build_FiOS1.3_PROD/output/toolchains/arm-cortex-a9_linaro-gcc47/bin/arm-greenwave-linux-gnueabihf-gcc
COLLECT_LTO_WRAPPER=/home/jenkins/slave/workspace/BHR4_Release_Build_FiOS1.3_PROD/output/toolchains/arm-cortex-a9_linaro-gcc47/libexec/gcc/arm-greenwave-linux-gnueabihf/4.7.4/lto-wrapper
Target: arm-greenwave-linux-gnueabihf
Configured with: /home/jenkins/slave/workspace/BHR4_Release_Build_FiOS1.3_PROD/output/toolchains/build/arm-cortex-a9_linaro-gcc47/crosstool-ng-1.19.0/targets/src/gcc-linaro-4.7-2013.12/configure --build=x86_64-build_unknown-linux-gnu --host=x86_64-build_unknown-linux-gnu --target=arm-greenwave-linux-gnueabihf --prefix=/home/jenkins/slave/workspace/BHR4_Release_Build_FiOS1.3_PROD/output/toolchains/arm-cortex-a9_linaro-gcc47 --with-sysroot=/home/jenkins/slave/workspace/BHR4_Release_Build_FiOS1.3_PROD/output/toolchains/arm-cortex-a9_linaro-gcc47/arm-greenwave-linux-gnueabihf/sysroot --enable-languages=c,c++ --with-arch=armv7-a --with-cpu=cortex-a9 --with-tune=cortex-a9 --with-fpu=vfpv3-d16 --with-float=hard --with-pkgversion='crosstool-NG 1.19.0 - Linaro gcc 4.7-2013.12' --with-bugurl=kongen@greenwavereality.com --disable-sjlj-exceptions --enable-__cxa_atexit --disable-libmudflap --disable-libgomp --disable-libssp --disable-libquadmath --disable-libquadmath-support --with-gmp=/home/jenkins/slave/workspace/BHR4_Release_Build_FiOS1.3_PROD/output/toolchains/build/arm-cortex-a9_linaro-gcc47/crosstool-ng-1.19.0/targets/arm-greenwave-linux-gnueabihf/buildtools --with-mpfr=/home/jenkins/slave/workspace/BHR4_Release_Build_FiOS1.3_PROD/output/toolchains/build/arm-cortex-a9_linaro-gcc47/crosstool-ng-1.19.0/targets/arm-greenwave-linux-gnueabihf/buildtools --with-mpc=/home/jenkins/slave/workspace/BHR4_Release_Build_FiOS1.3_PROD/output/toolchains/build/arm-cortex-a9_linaro-gcc47/crosstool-ng-1.19.0/targets/arm-greenwave-linux-gnueabihf/buildtools --with-ppl=no --with-isl=no --with-cloog=no --with-libelf=no --enable-threads=posix --with-long-double-128 --enable-linker-build-id --with-linker-hash-style=gnu --enable-plugin --enable-gold --disable-nls --disable-multilib --with-local-prefix=/home/jenkins/slave/workspace/BHR4_Release_Build_FiOS1.3_PROD/output/toolchains/arm-cortex-a9_linaro-gcc47/arm-greenwave-linux-gnueabihf/sysroot --enable-c99 --enable-long-long --with-mode=thumb
Thread model: posix
gcc version 4.7.4 20131207 (prerelease) (crosstool-NG 1.19.0 - Linaro gcc 4.7-2013.12) 
configure:2426: $? = 0
configure:2415: arm-greenwave-linux-gnueabihf-gcc -V >&5
arm-greenwave-linux-gnueabihf-gcc: error: unrecognized command line option '-V'
arm-greenwave-linux-gnueabihf-gcc: fatal error: no input files
compilation terminated.
configure:2426: $? = 1
configure:2415: arm-greenwave-linux-gnueabihf-gcc -qversion >&5
arm-greenwave-linux-gnueabihf-gcc: error: unrecognized command line option '-qversion'
arm-greenwave-linux-gnueabihf-gcc: fatal error: no input files
compilation terminated.
configure:2426: $? = 1
configure:2446: checking whether the C compiler works
configure:2468: arm-greenwave-linux-gnueabihf-gcc -O2 -g   -I/home/jenkins/slave/workspace/BHR4_Release_Build_FiOS1.3_PROD/output/bhr4/include -isystem /home/jenkins/slave/workspace/BHR4_Release_Build_FiOS1.3_PROD/output/bhr4/thirdparty-include -march=armv7-a -mcpu=cortex-a9 -mtune=cortex-a9 -mfpu=vfpv3-d16 -mfloat-abi=hard   -O2 -g   -I/home/jenkins/slave/workspace/BHR4_Release_Build_FiOS1.3_PROD/output/bhr4/include -isystem /home/jenkins/slave/workspace/BHR4_Release_Build_FiOS1.3_PROD/output/bhr4/thirdparty-include -march=armv7-a -mcpu=cortex-a9 -mtune=cortex-a9 -mfpu=vfpv3-d16 -mfloat-abi=hard   -L/home/jenkins/slave/workspace/BHR4_Release_Build_FiOS1.3_PROD/output/bhr4/lib -Wl,-O1 -Wl,--as-needed  conftest.c -Wl,-rpath-link=/home/jenkins/slave/workspace/BHR4_Release_Build_FiOS1.3_PROD/output/bhr4/lib -Wl,-L/home/jenkins/slave/workspace/BHR4_Release_Build_FiOS1.3_PROD/output/bhr4/lib  >&5
configure:2472: $? = 0
configure:2520: result: yes
configure:2523: checking for C compiler default output file name
configure:2525: result: a.out
configure:2531: checking for suffix of executables
configure:2538: arm-greenwave-linux-gnueabihf-gcc -o conftest -O2 -g   -I/home/jenkins/slave/workspace/BHR4_Release_Build_FiOS1.3_PROD/output/bhr4/include -isystem /home/jenkins/slave/workspace/BHR4_Release_Build_FiOS1.3_PROD/output/bhr4/thirdparty-include -march=armv7-a -mcpu=cortex-a9 -mtune=cortex-a9 -mfpu=vfpv3-d16 -mfloat-abi=hard   -O2 -g   -I/home/jenkins/slave/workspace/BHR4_Release_Build_FiOS1.3_PROD/output/bhr4/include -isystem /home/jenkins/slave/workspace/BHR4_Release_Build_FiOS1.3_PROD/output/bhr4/thirdparty-include -march=armv7-a -mcpu=cortex-a9 -mtune=cortex-a9 -mfpu=vfpv3-d16 -mfloat-abi=hard   -L/home/jenkins/slave/workspace/BHR4_Release_Build_FiOS1.3_PROD/output/bhr4/lib -Wl,-O1 -Wl,--as-needed  conftest.c -Wl,-rpath-link=/home/jenkins/slave/workspace/BHR4_Release_Build_FiOS1.3_PROD/output/bhr4/lib -Wl,-L/home/jenkins/slave/workspace/BHR4_Release_Build_FiOS1.3_PROD/output/bhr4/lib  >&5
configure:2542: $? = 0
configure:2564: result: 
configure:2586: checking whether we are cross compiling
configure:2594: arm-greenwave-linux-gnueabihf-gcc -o conftest -O2 -g   -I/home/jenkins/slave/workspace/BHR4_Release_Build_FiOS1.3_PROD/output/bhr4/include -isystem /home/jenkins/slave/workspace/BHR4_Release_Build_FiOS1.3_PROD/output/bhr4/thirdparty-include -march=armv7-a -mcpu=cortex-a9 -mtune=cortex-a9 -mfpu=vfpv3-d16 -mfloat-abi=hard   -O2 -g   -I/home/jenkins/slave/workspace/BHR4_Release_Build_FiOS1.3_PROD/output/bhr4/include -isystem /home/jenkins/slave/workspace/BHR4_Release_Build_FiOS1.3_PROD/output/bhr4/thirdparty-include -march=armv7-a -mcpu=cortex-a9 -mtune=cortex-a9 -mfpu=vfpv3-d16 -mfloat-abi=hard   -L/home/jenkins/slave/workspace/BHR4_Release_Build_FiOS1.3_PROD/output/bhr4/lib -Wl,-O1 -Wl,--as-needed  conftest.c -Wl,-rpath-link=/home/jenkins/slave/workspace/BHR4_Release_Build_FiOS1.3_PROD/output/bhr4/lib -Wl,-L/home/jenkins/slave/workspace/BHR4_Release_Build_FiOS1.3_PROD/output/bhr4/lib  >&5
configure:2598: $? = 0
configure:2605: ./conftest
./configure: line 2607: ./conftest: cannot execute binary file: Exec format error
configure:2609: $? = 126
configure:2624: result: yes
configure:2629: checking for suffix of object files
configure:2651: arm-greenwave-linux-gnueabihf-gcc -c -O2 -g   -I/home/jenkins/slave/workspace/BHR4_Release_Build_FiOS1.3_PROD/output/bhr4/include -isystem /home/jenkins/slave/workspace/BHR4_Release_Build_FiOS1.3_PROD/output/bhr4/thirdparty-include -march=armv7-a -mcpu=cortex-a9 -mtune=cortex-a9 -mfpu=vfpv3-d16 -mfloat-abi=hard   -O2 -g   -I/home/jenkins/slave/workspace/BHR4_Release_Build_FiOS1.3_PROD/output/bhr4/include -isystem /home/jenkins/slave/workspace/BHR4_Release_Build_FiOS1.3_PROD/output/bhr4/thirdparty-include -march=armv7-a -mcpu=cortex-a9 -mtune=cortex-a9 -mfpu=vfpv3-d16 -mfloat-abi=hard   conftest.c >&5
configure:2655: $? = 0
configure:2676: result: o
configure:2680: checking whether we are using the GNU C compiler
configure:2699: arm-greenwave-linux-gnueabihf-gcc -c -O2 -g   -I/home/jenkins/slave/workspace/BHR4_Release_Build_FiOS1.3_PROD/output/bhr4/include -isystem /home/jenkins/slave/workspace/BHR4_Release_Build_FiOS1.3_PROD/output/bhr4/thirdparty-include -march=armv7-a -mcpu=cortex-a9 -mtune=cortex-a9 -mfpu=vfpv3-d16 -mfloat-abi=hard   -O2 -g   -I/home/jenkins/slave/workspace/BHR4_Release_Build_FiOS1.3_PROD/output/bhr4/include -isystem /home/jenkins/slave/workspace/BHR4_Release_Build_FiOS1.3_PROD/output/bhr4/thirdparty-include -march=armv7-a -mcpu=cortex-a9 -mtune=cortex-a9 -mfpu=vfpv3-d16 -mfloat-abi=hard   conftest.c >&5
configure:2699: $? = 0
configure:2708: result: yes
configure:2717: checking whether arm-greenwave-linux-gnueabihf-gcc accepts -g
configure:2737: arm-greenwave-linux-gnueabihf-gcc -c -g -O2 -g   -I/home/jenkins/slave/workspace/BHR4_Release_Build_FiOS1.3_PROD/output/bhr4/include -isystem /home/jenkins/slave/workspace/BHR4_Release_Build_FiOS1.3_PROD/output/bhr4/thirdparty-include -march=armv7-a -mcpu=cortex-a9 -mtune=cortex-a9 -mfpu=vfpv3-d16 -mfloat-abi=hard   conftest.c >&5
configure:2737: $? = 0
configure:2778: result: yes
configure:2795: checking for arm-greenwave-linux-gnueabihf-gcc option to accept ISO C89
configure:2858: arm-greenwave-linux-gnueabihf-gcc  -c -O2 -g   -I/home/jenkins/slave/workspace/BHR4_Release_Build_FiOS1.3_PROD/output/bhr4/include -isystem /home/jenkins/slave/workspace/BHR4_Release_Build_FiOS1.3_PROD/output/bhr4/thirdparty-include -march=armv7-a -mcpu=cortex-a9 -mtune=cortex-a9 -mfpu=vfpv3-d16 -mfloat-abi=hard   -O2 -g   -I/home/jenkins/slave/workspace/BHR4_Release_Build_FiOS1.3_PROD/output/bhr4/include -isystem /home/jenkins/slave/workspace/BHR4_Release_Build_FiOS1.3_PROD/output/bhr4/thirdparty-include -march=armv7-a -mcpu=cortex-a9 -mtune=cortex-a9 -mfpu=vfpv3-d16 -mfloat-abi=hard   conftest.c >&5
configure:2858: $? = 0
configure:2871: result: none needed
configure:2934: checking for a BSD-compatible install
configure:3002: result: /usr/bin/install -c
configure:3016: checking for arm-greenwave-linux-gnueabihf-ranlib
configure:3032: found /home/jenkins/slave/workspace/BHR4_Release_Build_FiOS1.3_PROD/output/toolchains/arm-cortex-a9_linaro-gcc47/bin/arm-greenwave-linux-gnueabihf-ranlib
configure:3043: result: arm-greenwave-linux-gnueabihf-ranlib
configure:3112: checking how to run the C preprocessor
configure:3143: arm-greenwave-linux-gnueabihf-gcc -E -O2 -g   -I/home/jenkins/slave/workspace/BHR4_Release_Build_FiOS1.3_PROD/output/bhr4/include -isystem /home/jenkins/slave/workspace/BHR4_Release_Build_FiOS1.3_PROD/output/bhr4/thirdparty-include -march=armv7-a -mcpu=cortex-a9 -mtune=cortex-a9 -mfpu=vfpv3-d16 -mfloat-abi=hard   conftest.c
configure:3143: $? = 0
configure:3157: arm-greenwave-linux-gnueabihf-gcc -E -O2 -g   -I/home/jenkins/slave/workspace/BHR4_Release_Build_FiOS1.3_PROD/output/bhr4/include -isystem /home/jenkins/slave/workspace/BHR4_Release_Build_FiOS1.3_PROD/output/bhr4/thirdparty-include -march=armv7-a -mcpu=cortex-a9 -mtune=cortex-a9 -mfpu=vfpv3-d16 -mfloat-abi=hard   conftest.c
conftest.c:9:28: fatal error: ac_nonexistent.h: No such file or directory
compilation terminated.
configure:3157: $? = 1
configure: failed program was:
| /* confdefs.h */
| #define PACKAGE_NAME "bridge-utils"
| #define PACKAGE_TARNAME "bridge-utils"
| #define PACKAGE_VERSION "1.5"
| #define PACKAGE_STRING "bridge-utils 1.5"
| #define PACKAGE_BUGREPORT ""
| #define PACKAGE_URL ""
| /* end confdefs.h.  */
| #include <ac_nonexistent.h>
configure:3182: result: arm-greenwave-linux-gnueabihf-gcc -E
configure:3202: arm-greenwave-linux-gnueabihf-gcc -E -O2 -g   -I/home/jenkins/slave/workspace/BHR4_Release_Build_FiOS1.3_PROD/output/bhr4/include -isystem /home/jenkins/slave/workspace/BHR4_Release_Build_FiOS1.3_PROD/output/bhr4/thirdparty-include -march=armv7-a -mcpu=cortex-a9 -mtune=cortex-a9 -mfpu=vfpv3-d16 -mfloat-abi=hard   conftest.c
configure:3202: $? = 0
configure:3216: arm-greenwave-linux-gnueabihf-gcc -E -O2 -g   -I/home/jenkins/slave/workspace/BHR4_Release_Build_FiOS1.3_PROD/output/bhr4/include -isystem /home/jenkins/slave/workspace/BHR4_Release_Build_FiOS1.3_PROD/output/bhr4/thirdparty-include -march=armv7-a -mcpu=cortex-a9 -mtune=cortex-a9 -mfpu=vfpv3-d16 -mfloat-abi=hard   conftest.c
conftest.c:9:28: fatal error: ac_nonexistent.h: No such file or directory
compilation terminated.
configure:3216: $? = 1
configure: failed program was:
| /* confdefs.h */
| #define PACKAGE_NAME "bridge-utils"
| #define PACKAGE_TARNAME "bridge-utils"
| #define PACKAGE_VERSION "1.5"
| #define PACKAGE_STRING "bridge-utils 1.5"
| #define PACKAGE_BUGREPORT ""
| #define PACKAGE_URL ""
| /* end confdefs.h.  */
| #include <ac_nonexistent.h>
configure:3245: checking for grep that handles long lines and -e
configure:3303: result: /bin/grep
configure:3308: checking for egrep
configure:3370: result: /bin/grep -E
configure:3375: checking for ANSI C header files
configure:3395: arm-greenwave-linux-gnueabihf-gcc -c -O2 -g   -I/home/jenkins/slave/workspace/BHR4_Release_Build_FiOS1.3_PROD/output/bhr4/include -isystem /home/jenkins/slave/workspace/BHR4_Release_Build_FiOS1.3_PROD/output/bhr4/thirdparty-include -march=armv7-a -mcpu=cortex-a9 -mtune=cortex-a9 -mfpu=vfpv3-d16 -mfloat-abi=hard   -O2 -g   -I/home/jenkins/slave/workspace/BHR4_Release_Build_FiOS1.3_PROD/output/bhr4/include -isystem /home/jenkins/slave/workspace/BHR4_Release_Build_FiOS1.3_PROD/output/bhr4/thirdparty-include -march=armv7-a -mcpu=cortex-a9 -mtune=cortex-a9 -mfpu=vfpv3-d16 -mfloat-abi=hard   conftest.c >&5
configure:3395: $? = 0
configure:3479: result: yes
configure:3492: checking for sys/types.h
configure:3492: arm-greenwave-linux-gnueabihf-gcc -c -O2 -g   -I/home/jenkins/slave/workspace/BHR4_Release_Build_FiOS1.3_PROD/output/bhr4/include -isystem /home/jenkins/slave/workspace/BHR4_Release_Build_FiOS1.3_PROD/output/bhr4/thirdparty-include -march=armv7-a -mcpu=cortex-a9 -mtune=cortex-a9 -mfpu=vfpv3-d16 -mfloat-abi=hard   -O2 -g   -I/home/jenkins/slave/workspace/BHR4_Release_Build_FiOS1.3_PROD/output/bhr4/include -isystem /home/jenkins/slave/workspace/BHR4_Release_Build_FiOS1.3_PROD/output/bhr4/thirdparty-include -march=armv7-a -mcpu=cortex-a9 -mtune=cortex-a9 -mfpu=vfpv3-d16 -mfloat-abi=hard   conftest.c >&5
configure:3492: $? = 0
configure:3492: result: yes
configure:3492: checking for sys/stat.h
configure:3492: arm-greenwave-linux-gnueabihf-gcc -c -O2 -g   -I/home/jenkins/slave/workspace/BHR4_Release_Build_FiOS1.3_PROD/output/bhr4/include -isystem /home/jenkins/slave/workspace/BHR4_Release_Build_FiOS1.3_PROD/output/bhr4/thirdparty-include -march=armv7-a -mcpu=cortex-a9 -mtune=cortex-a9 -mfpu=vfpv3-d16 -mfloat-abi=hard   -O2 -g   -I/home/jenkins/slave/workspace/BHR4_Release_Build_FiOS1.3_PROD/output/bhr4/include -isystem /home/jenkins/slave/workspace/BHR4_Release_Build_FiOS1.3_PROD/output/bhr4/thirdparty-include -march=armv7-a -mcpu=cortex-a9 -mtune=cortex-a9 -mfpu=vfpv3-d16 -mfloat-abi=hard   conftest.c >&5
configure:3492: $? = 0
configure:3492: result: yes
configure:3492: checking for stdlib.h
configure:3492: arm-greenwave-linux-gnueabihf-gcc -c -O2 -g   -I/home/jenkins/slave/workspace/BHR4_Release_Build_FiOS1.3_PROD/output/bhr4/include -isystem /home/jenkins/slave/workspace/BHR4_Release_Build_FiOS1.3_PROD/output/bhr4/thirdparty-include -march=armv7-a -mcpu=cortex-a9 -mtune=cortex-a9 -mfpu=vfpv3-d16 -mfloat-abi=hard   -O2 -g   -I/home/jenkins/slave/workspace/BHR4_Release_Build_FiOS1.3_PROD/output/bhr4/include -isystem /home/jenkins/slave/workspace/BHR4_Release_Build_FiOS1.3_PROD/output/bhr4/thirdparty-include -march=armv7-a -mcpu=cortex-a9 -mtune=cortex-a9 -mfpu=vfpv3-d16 -mfloat-abi=hard   conftest.c >&5
configure:3492: $? = 0
configure:3492: result: yes
configure:3492: checking for string.h
configure:3492: arm-greenwave-linux-gnueabihf-gcc -c -O2 -g   -I/home/jenkins/slave/workspace/BHR4_Release_Build_FiOS1.3_PROD/output/bhr4/include -isystem /home/jenkins/slave/workspace/BHR4_Release_Build_FiOS1.3_PROD/output/bhr4/thirdparty-include -march=armv7-a -mcpu=cortex-a9 -mtune=cortex-a9 -mfpu=vfpv3-d16 -mfloat-abi=hard   -O2 -g   -I/home/jenkins/slave/workspace/BHR4_Release_Build_FiOS1.3_PROD/output/bhr4/include -isystem /home/jenkins/slave/workspace/BHR4_Release_Build_FiOS1.3_PROD/output/bhr4/thirdparty-include -march=armv7-a -mcpu=cortex-a9 -mtune=cortex-a9 -mfpu=vfpv3-d16 -mfloat-abi=hard   conftest.c >&5
configure:3492: $? = 0
configure:3492: result: yes
configure:3492: checking for memory.h
configure:3492: arm-greenwave-linux-gnueabihf-gcc -c -O2 -g   -I/home/jenkins/slave/workspace/BHR4_Release_Build_FiOS1.3_PROD/output/bhr4/include -isystem /home/jenkins/slave/workspace/BHR4_Release_Build_FiOS1.3_PROD/output/bhr4/thirdparty-include -march=armv7-a -mcpu=cortex-a9 -mtune=cortex-a9 -mfpu=vfpv3-d16 -mfloat-abi=hard   -O2 -g   -I/home/jenkins/slave/workspace/BHR4_Release_Build_FiOS1.3_PROD/output/bhr4/include -isystem /home/jenkins/slave/workspace/BHR4_Release_Build_FiOS1.3_PROD/output/bhr4/thirdparty-include -march=armv7-a -mcpu=cortex-a9 -mtune=cortex-a9 -mfpu=vfpv3-d16 -mfloat-abi=hard   conftest.c >&5
configure:3492: $? = 0
configure:3492: result: yes
configure:3492: checking for strings.h
configure:3492: arm-greenwave-linux-gnueabihf-gcc -c -O2 -g   -I/home/jenkins/slave/workspace/BHR4_Release_Build_FiOS1.3_PROD/output/bhr4/include -isystem /home/jenkins/slave/workspace/BHR4_Release_Build_FiOS1.3_PROD/output/bhr4/thirdparty-include -march=armv7-a -mcpu=cortex-a9 -mtune=cortex-a9 -mfpu=vfpv3-d16 -mfloat-abi=hard   -O2 -g   -I/home/jenkins/slave/workspace/BHR4_Release_Build_FiOS1.3_PROD/output/bhr4/include -isystem /home/jenkins/slave/workspace/BHR4_Release_Build_FiOS1.3_PROD/output/bhr4/thirdparty-include -march=armv7-a -mcpu=cortex-a9 -mtune=cortex-a9 -mfpu=vfpv3-d16 -mfloat-abi=hard   conftest.c >&5
configure:3492: $? = 0
configure:3492: result: yes
configure:3492: checking for inttypes.h
configure:3492: arm-greenwave-linux-gnueabihf-gcc -c -O2 -g   -I/home/jenkins/slave/workspace/BHR4_Release_Build_FiOS1.3_PROD/output/bhr4/include -isystem /home/jenkins/slave/workspace/BHR4_Release_Build_FiOS1.3_PROD/output/bhr4/thirdparty-include -march=armv7-a -mcpu=cortex-a9 -mtune=cortex-a9 -mfpu=vfpv3-d16 -mfloat-abi=hard   -O2 -g   -I/home/jenkins/slave/workspace/BHR4_Release_Build_FiOS1.3_PROD/output/bhr4/include -isystem /home/jenkins/slave/workspace/BHR4_Release_Build_FiOS1.3_PROD/output/bhr4/thirdparty-include -march=armv7-a -mcpu=cortex-a9 -mtune=cortex-a9 -mfpu=vfpv3-d16 -mfloat-abi=hard   conftest.c >&5
configure:3492: $? = 0
configure:3492: result: yes
configure:3492: checking for stdint.h
configure:3492: arm-greenwave-linux-gnueabihf-gcc -c -O2 -g   -I/home/jenkins/slave/workspace/BHR4_Release_Build_FiOS1.3_PROD/output/bhr4/include -isystem /home/jenkins/slave/workspace/BHR4_Release_Build_FiOS1.3_PROD/output/bhr4/thirdparty-include -march=armv7-a -mcpu=cortex-a9 -mtune=cortex-a9 -mfpu=vfpv3-d16 -mfloat-abi=hard   -O2 -g   -I/home/jenkins/slave/workspace/BHR4_Release_Build_FiOS1.3_PROD/output/bhr4/include -isystem /home/jenkins/slave/workspace/BHR4_Release_Build_FiOS1.3_PROD/output/bhr4/thirdparty-include -march=armv7-a -mcpu=cortex-a9 -mtune=cortex-a9 -mfpu=vfpv3-d16 -mfloat-abi=hard   conftest.c >&5
configure:3492: $? = 0
configure:3492: result: yes
configure:3492: checking for unistd.h
configure:3492: arm-greenwave-linux-gnueabihf-gcc -c -O2 -g   -I/home/jenkins/slave/workspace/BHR4_Release_Build_FiOS1.3_PROD/output/bhr4/include -isystem /home/jenkins/slave/workspace/BHR4_Release_Build_FiOS1.3_PROD/output/bhr4/thirdparty-include -march=armv7-a -mcpu=cortex-a9 -mtune=cortex-a9 -mfpu=vfpv3-d16 -mfloat-abi=hard   -O2 -g   -I/home/jenkins/slave/workspace/BHR4_Release_Build_FiOS1.3_PROD/output/bhr4/include -isystem /home/jenkins/slave/workspace/BHR4_Release_Build_FiOS1.3_PROD/output/bhr4/thirdparty-include -march=armv7-a -mcpu=cortex-a9 -mtune=cortex-a9 -mfpu=vfpv3-d16 -mfloat-abi=hard   conftest.c >&5
configure:3492: $? = 0
configure:3492: result: yes
configure:3507: checking sys/ioctl.h usability
configure:3507: arm-greenwave-linux-gnueabihf-gcc -c -O2 -g   -I/home/jenkins/slave/workspace/BHR4_Release_Build_FiOS1.3_PROD/output/bhr4/include -isystem /home/jenkins/slave/workspace/BHR4_Release_Build_FiOS1.3_PROD/output/bhr4/thirdparty-include -march=armv7-a -mcpu=cortex-a9 -mtune=cortex-a9 -mfpu=vfpv3-d16 -mfloat-abi=hard   -O2 -g   -I/home/jenkins/slave/workspace/BHR4_Release_Build_FiOS1.3_PROD/output/bhr4/include -isystem /home/jenkins/slave/workspace/BHR4_Release_Build_FiOS1.3_PROD/output/bhr4/thirdparty-include -march=armv7-a -mcpu=cortex-a9 -mtune=cortex-a9 -mfpu=vfpv3-d16 -mfloat-abi=hard   conftest.c >&5
configure:3507: $? = 0
configure:3507: result: yes
configure:3507: checking sys/ioctl.h presence
configure:3507: arm-greenwave-linux-gnueabihf-gcc -E -O2 -g   -I/home/jenkins/slave/workspace/BHR4_Release_Build_FiOS1.3_PROD/output/bhr4/include -isystem /home/jenkins/slave/workspace/BHR4_Release_Build_FiOS1.3_PROD/output/bhr4/thirdparty-include -march=armv7-a -mcpu=cortex-a9 -mtune=cortex-a9 -mfpu=vfpv3-d16 -mfloat-abi=hard   conftest.c
configure:3507: $? = 0
configure:3507: result: yes
configure:3507: checking for sys/ioctl.h
configure:3507: result: yes
configure:3507: checking sys/time.h usability
configure:3507: arm-greenwave-linux-gnueabihf-gcc -c -O2 -g   -I/home/jenkins/slave/workspace/BHR4_Release_Build_FiOS1.3_PROD/output/bhr4/include -isystem /home/jenkins/slave/workspace/BHR4_Release_Build_FiOS1.3_PROD/output/bhr4/thirdparty-include -march=armv7-a -mcpu=cortex-a9 -mtune=cortex-a9 -mfpu=vfpv3-d16 -mfloat-abi=hard   -O2 -g   -I/home/jenkins/slave/workspace/BHR4_Release_Build_FiOS1.3_PROD/output/bhr4/include -isystem /home/jenkins/slave/workspace/BHR4_Release_Build_FiOS1.3_PROD/output/bhr4/thirdparty-include -march=armv7-a -mcpu=cortex-a9 -mtune=cortex-a9 -mfpu=vfpv3-d16 -mfloat-abi=hard   conftest.c >&5
configure:3507: $? = 0
configure:3507: result: yes
configure:3507: checking sys/time.h presence
configure:3507: arm-greenwave-linux-gnueabihf-gcc -E -O2 -g   -I/home/jenkins/slave/workspace/BHR4_Release_Build_FiOS1.3_PROD/output/bhr4/include -isystem /home/jenkins/slave/workspace/BHR4_Release_Build_FiOS1.3_PROD/output/bhr4/thirdparty-include -march=armv7-a -mcpu=cortex-a9 -mtune=cortex-a9 -mfpu=vfpv3-d16 -mfloat-abi=hard   conftest.c
configure:3507: $? = 0
configure:3507: result: yes
configure:3507: checking for sys/time.h
configure:3507: result: yes
configure:3518: checking for an ANSI C-conforming const
configure:3584: arm-greenwave-linux-gnueabihf-gcc -c -O2 -g   -I/home/jenkins/slave/workspace/BHR4_Release_Build_FiOS1.3_PROD/output/bhr4/include -isystem /home/jenkins/slave/workspace/BHR4_Release_Build_FiOS1.3_PROD/output/bhr4/thirdparty-include -march=armv7-a -mcpu=cortex-a9 -mtune=cortex-a9 -mfpu=vfpv3-d16 -mfloat-abi=hard   -O2 -g   -I/home/jenkins/slave/workspace/BHR4_Release_Build_FiOS1.3_PROD/output/bhr4/include -isystem /home/jenkins/slave/workspace/BHR4_Release_Build_FiOS1.3_PROD/output/bhr4/thirdparty-include -march=armv7-a -mcpu=cortex-a9 -mtune=cortex-a9 -mfpu=vfpv3-d16 -mfloat-abi=hard   conftest.c >&5
configure:3584: $? = 0
configure:3591: result: yes
configure:3599: checking whether time.h and sys/time.h may both be included
configure:3619: arm-greenwave-linux-gnueabihf-gcc -c -O2 -g   -I/home/jenkins/slave/workspace/BHR4_Release_Build_FiOS1.3_PROD/output/bhr4/include -isystem /home/jenkins/slave/workspace/BHR4_Release_Build_FiOS1.3_PROD/output/bhr4/thirdparty-include -march=armv7-a -mcpu=cortex-a9 -mtune=cortex-a9 -mfpu=vfpv3-d16 -mfloat-abi=hard   -O2 -g   -I/home/jenkins/slave/workspace/BHR4_Release_Build_FiOS1.3_PROD/output/bhr4/include -isystem /home/jenkins/slave/workspace/BHR4_Release_Build_FiOS1.3_PROD/output/bhr4/thirdparty-include -march=armv7-a -mcpu=cortex-a9 -mtune=cortex-a9 -mfpu=vfpv3-d16 -mfloat-abi=hard   conftest.c >&5
configure:3619: $? = 0
configure:3626: result: yes
configure:3638: checking for gethostname
configure:3638: arm-greenwave-linux-gnueabihf-gcc -o conftest -O2 -g   -I/home/jenkins/slave/workspace/BHR4_Release_Build_FiOS1.3_PROD/output/bhr4/include -isystem /home/jenkins/slave/workspace/BHR4_Release_Build_FiOS1.3_PROD/output/bhr4/thirdparty-include -march=armv7-a -mcpu=cortex-a9 -mtune=cortex-a9 -mfpu=vfpv3-d16 -mfloat-abi=hard   -O2 -g   -I/home/jenkins/slave/workspace/BHR4_Release_Build_FiOS1.3_PROD/output/bhr4/include -isystem /home/jenkins/slave/workspace/BHR4_Release_Build_FiOS1.3_PROD/output/bhr4/thirdparty-include -march=armv7-a -mcpu=cortex-a9 -mtune=cortex-a9 -mfpu=vfpv3-d16 -mfloat-abi=hard   -L/home/jenkins/slave/workspace/BHR4_Release_Build_FiOS1.3_PROD/output/bhr4/lib -Wl,-O1 -Wl,--as-needed  conftest.c -Wl,-rpath-link=/home/jenkins/slave/workspace/BHR4_Release_Build_FiOS1.3_PROD/output/bhr4/lib -Wl,-L/home/jenkins/slave/workspace/BHR4_Release_Build_FiOS1.3_PROD/output/bhr4/lib  >&5
configure:3638: $? = 0
configure:3638: result: yes
configure:3638: checking for socket
configure:3638: arm-greenwave-linux-gnueabihf-gcc -o conftest -O2 -g   -I/home/jenkins/slave/workspace/BHR4_Release_Build_FiOS1.3_PROD/output/bhr4/include -isystem /home/jenkins/slave/workspace/BHR4_Release_Build_FiOS1.3_PROD/output/bhr4/thirdparty-include -march=armv7-a -mcpu=cortex-a9 -mtune=cortex-a9 -mfpu=vfpv3-d16 -mfloat-abi=hard   -O2 -g   -I/home/jenkins/slave/workspace/BHR4_Release_Build_FiOS1.3_PROD/output/bhr4/include -isystem /home/jenkins/slave/workspace/BHR4_Release_Build_FiOS1.3_PROD/output/bhr4/thirdparty-include -march=armv7-a -mcpu=cortex-a9 -mtune=cortex-a9 -mfpu=vfpv3-d16 -mfloat-abi=hard   -L/home/jenkins/slave/workspace/BHR4_Release_Build_FiOS1.3_PROD/output/bhr4/lib -Wl,-O1 -Wl,--as-needed  conftest.c -Wl,-rpath-link=/home/jenkins/slave/workspace/BHR4_Release_Build_FiOS1.3_PROD/output/bhr4/lib -Wl,-L/home/jenkins/slave/workspace/BHR4_Release_Build_FiOS1.3_PROD/output/bhr4/lib  >&5
configure:3638: $? = 0
configure:3638: result: yes
configure:3638: checking for strdup
configure:3638: arm-greenwave-linux-gnueabihf-gcc -o conftest -O2 -g   -I/home/jenkins/slave/workspace/BHR4_Release_Build_FiOS1.3_PROD/output/bhr4/include -isystem /home/jenkins/slave/workspace/BHR4_Release_Build_FiOS1.3_PROD/output/bhr4/thirdparty-include -march=armv7-a -mcpu=cortex-a9 -mtune=cortex-a9 -mfpu=vfpv3-d16 -mfloat-abi=hard   -O2 -g   -I/home/jenkins/slave/workspace/BHR4_Release_Build_FiOS1.3_PROD/output/bhr4/include -isystem /home/jenkins/slave/workspace/BHR4_Release_Build_FiOS1.3_PROD/output/bhr4/thirdparty-include -march=armv7-a -mcpu=cortex-a9 -mtune=cortex-a9 -mfpu=vfpv3-d16 -mfloat-abi=hard   -L/home/jenkins/slave/workspace/BHR4_Release_Build_FiOS1.3_PROD/output/bhr4/lib -Wl,-O1 -Wl,--as-needed  conftest.c -Wl,-rpath-link=/home/jenkins/slave/workspace/BHR4_Release_Build_FiOS1.3_PROD/output/bhr4/lib -Wl,-L/home/jenkins/slave/workspace/BHR4_Release_Build_FiOS1.3_PROD/output/bhr4/lib  >&5
conftest.c:47:6: warning: conflicting types for built-in function 'strdup' [enabled by default]
configure:3638: $? = 0
configure:3638: result: yes
configure:3638: checking for uname
configure:3638: arm-greenwave-linux-gnueabihf-gcc -o conftest -O2 -g   -I/home/jenkins/slave/workspace/BHR4_Release_Build_FiOS1.3_PROD/output/bhr4/include -isystem /home/jenkins/slave/workspace/BHR4_Release_Build_FiOS1.3_PROD/output/bhr4/thirdparty-include -march=armv7-a -mcpu=cortex-a9 -mtune=cortex-a9 -mfpu=vfpv3-d16 -mfloat-abi=hard   -O2 -g   -I/home/jenkins/slave/workspace/BHR4_Release_Build_FiOS1.3_PROD/output/bhr4/include -isystem /home/jenkins/slave/workspace/BHR4_Release_Build_FiOS1.3_PROD/output/bhr4/thirdparty-include -march=armv7-a -mcpu=cortex-a9 -mtune=cortex-a9 -mfpu=vfpv3-d16 -mfloat-abi=hard   -L/home/jenkins/slave/workspace/BHR4_Release_Build_FiOS1.3_PROD/output/bhr4/lib -Wl,-O1 -Wl,--as-needed  conftest.c -Wl,-rpath-link=/home/jenkins/slave/workspace/BHR4_Release_Build_FiOS1.3_PROD/output/bhr4/lib -Wl,-L/home/jenkins/slave/workspace/BHR4_Release_Build_FiOS1.3_PROD/output/bhr4/lib  >&5
configure:3638: $? = 0
configure:3638: result: yes
configure:3650: checking for if_nametoindex
configure:3650: arm-greenwave-linux-gnueabihf-gcc -o conftest -O2 -g   -I/home/jenkins/slave/workspace/BHR4_Release_Build_FiOS1.3_PROD/output/bhr4/include -isystem /home/jenkins/slave/workspace/BHR4_Release_Build_FiOS1.3_PROD/output/bhr4/thirdparty-include -march=armv7-a -mcpu=cortex-a9 -mtune=cortex-a9 -mfpu=vfpv3-d16 -mfloat-abi=hard   -O2 -g   -I/home/jenkins/slave/workspace/BHR4_Release_Build_FiOS1.3_PROD/output/bhr4/include -isystem /home/jenkins/slave/workspace/BHR4_Release_Build_FiOS1.3_PROD/output/bhr4/thirdparty-include -march=armv7-a -mcpu=cortex-a9 -mtune=cortex-a9 -mfpu=vfpv3-d16 -mfloat-abi=hard   -L/home/jenkins/slave/workspace/BHR4_Release_Build_FiOS1.3_PROD/output/bhr4/lib -Wl,-O1 -Wl,--as-needed  conftest.c -Wl,-rpath-link=/home/jenkins/slave/workspace/BHR4_Release_Build_FiOS1.3_PROD/output/bhr4/lib -Wl,-L/home/jenkins/slave/workspace/BHR4_Release_Build_FiOS1.3_PROD/output/bhr4/lib  >&5
configure:3650: $? = 0
configure:3650: result: yes
configure:3650: checking for if_indextoname
configure:3650: arm-greenwave-linux-gnueabihf-gcc -o conftest -O2 -g   -I/home/jenkins/slave/workspace/BHR4_Release_Build_FiOS1.3_PROD/output/bhr4/include -isystem /home/jenkins/slave/workspace/BHR4_Release_Build_FiOS1.3_PROD/output/bhr4/thirdparty-include -march=armv7-a -mcpu=cortex-a9 -mtune=cortex-a9 -mfpu=vfpv3-d16 -mfloat-abi=hard   -O2 -g   -I/home/jenkins/slave/workspace/BHR4_Release_Build_FiOS1.3_PROD/output/bhr4/include -isystem /home/jenkins/slave/workspace/BHR4_Release_Build_FiOS1.3_PROD/output/bhr4/thirdparty-include -march=armv7-a -mcpu=cortex-a9 -mtune=cortex-a9 -mfpu=vfpv3-d16 -mfloat-abi=hard   -L/home/jenkins/slave/workspace/BHR4_Release_Build_FiOS1.3_PROD/output/bhr4/lib -Wl,-O1 -Wl,--as-needed  conftest.c -Wl,-rpath-link=/home/jenkins/slave/workspace/BHR4_Release_Build_FiOS1.3_PROD/output/bhr4/lib -Wl,-L/home/jenkins/slave/workspace/BHR4_Release_Build_FiOS1.3_PROD/output/bhr4/lib  >&5
configure:3650: $? = 0
configure:3650: result: yes
configure:3779: creating ./config.status

## ---------------------- ##
## Running config.status. ##
## ---------------------- ##

This file was extended by bridge-utils config.status 1.5, which was
generated by GNU Autoconf 2.69.  Invocation command line was

  CONFIG_FILES    = 
  CONFIG_HEADERS  = 
  CONFIG_LINKS    = 
  CONFIG_COMMANDS = 
  $ ./config.status 

on sbuild2

config.status:820: creating doc/Makefile
config.status:923: WARNING:  'doc/Makefile.in' seems to ignore the --datarootdir setting
config.status:820: creating libbridge/Makefile
config.status:820: creating brctl/Makefile
config.status:923: WARNING:  'brctl/Makefile.in' seems to ignore the --datarootdir setting
config.status:820: creating Makefile
config.status:923: WARNING:  'Makefile.in' seems to ignore the --datarootdir setting
config.status:820: creating bridge-utils.spec
config.status:820: creating libbridge/config.h

## ---------------- ##
## Cache variables. ##
## ---------------- ##

ac_cv_c_compiler_gnu=yes
ac_cv_c_const=yes
ac_cv_env_CC_set=set
ac_cv_env_CC_value=arm-greenwave-linux-gnueabihf-gcc
ac_cv_env_CFLAGS_set=set
ac_cv_env_CFLAGS_value='-O2 -g   -I/home/jenkins/slave/workspace/BHR4_Release_Build_FiOS1.3_PROD/output/bhr4/include -isystem /home/jenkins/slave/workspace/BHR4_Release_Build_FiOS1.3_PROD/output/bhr4/thirdparty-include -march=armv7-a -mcpu=cortex-a9 -mtune=cortex-a9 -mfpu=vfpv3-d16 -mfloat-abi=hard  '
ac_cv_env_CPPFLAGS_set=set
ac_cv_env_CPPFLAGS_value='-O2 -g   -I/home/jenkins/slave/workspace/BHR4_Release_Build_FiOS1.3_PROD/output/bhr4/include -isystem /home/jenkins/slave/workspace/BHR4_Release_Build_FiOS1.3_PROD/output/bhr4/thirdparty-include -march=armv7-a -mcpu=cortex-a9 -mtune=cortex-a9 -mfpu=vfpv3-d16 -mfloat-abi=hard  '
ac_cv_env_CPP_set=
ac_cv_env_CPP_value=
ac_cv_env_LDFLAGS_set=set
ac_cv_env_LDFLAGS_value='-L/home/jenkins/slave/workspace/BHR4_Release_Build_FiOS1.3_PROD/output/bhr4/lib -Wl,-O1 -Wl,--as-needed '
ac_cv_env_LIBS_set=set
ac_cv_env_LIBS_value='-Wl,-rpath-link=/home/jenkins/slave/workspace/BHR4_Release_Build_FiOS1.3_PROD/output/bhr4/lib -Wl,-L/home/jenkins/slave/workspace/BHR4_Release_Build_FiOS1.3_PROD/output/bhr4/lib '
ac_cv_env_build_alias_set=
ac_cv_env_build_alias_value=
ac_cv_env_host_alias_set=set
ac_cv_env_host_alias_value=arm-greenwave-linux-gnueabihf
ac_cv_env_target_alias_set=set
ac_cv_env_target_alias_value=arm-greenwave-linux-gnueabihf
ac_cv_func_gethostname=yes
ac_cv_func_if_indextoname=yes
ac_cv_func_if_nametoindex=yes
ac_cv_func_socket=yes
ac_cv_func_strdup=yes
ac_cv_func_uname=yes
ac_cv_header_inttypes_h=yes
ac_cv_header_memory_h=yes
ac_cv_header_stdc=yes
ac_cv_header_stdint_h=yes
ac_cv_header_stdlib_h=yes
ac_cv_header_string_h=yes
ac_cv_header_strings_h=yes
ac_cv_header_sys_ioctl_h=yes
ac_cv_header_sys_stat_h=yes
ac_cv_header_sys_time_h=yes
ac_cv_header_sys_types_h=yes
ac_cv_header_time=yes
ac_cv_header_unistd_h=yes
ac_cv_objext=o
ac_cv_path_EGREP='/bin/grep -E'
ac_cv_path_GREP=/bin/grep
ac_cv_path_install='/usr/bin/install -c'
ac_cv_prog_CC=arm-greenwave-linux-gnueabihf-gcc
ac_cv_prog_CPP='arm-greenwave-linux-gnueabihf-gcc -E'
ac_cv_prog_RANLIB=arm-greenwave-linux-gnueabihf-ranlib
ac_cv_prog_cc_c89=
ac_cv_prog_cc_g=yes

## ----------------- ##
## Output variables. ##
## ----------------- ##

AR='arm-greenwave-linux-gnueabihf-ar'
CC='arm-greenwave-linux-gnueabihf-gcc'
CFLAGS='-O2 -g   -I/home/jenkins/slave/workspace/BHR4_Release_Build_FiOS1.3_PROD/output/bhr4/include -isystem /home/jenkins/slave/workspace/BHR4_Release_Build_FiOS1.3_PROD/output/bhr4/thirdparty-include -march=armv7-a -mcpu=cortex-a9 -mtune=cortex-a9 -mfpu=vfpv3-d16 -mfloat-abi=hard  '
CPP='arm-greenwave-linux-gnueabihf-gcc -E'
CPPFLAGS='-O2 -g   -I/home/jenkins/slave/workspace/BHR4_Release_Build_FiOS1.3_PROD/output/bhr4/include -isystem /home/jenkins/slave/workspace/BHR4_Release_Build_FiOS1.3_PROD/output/bhr4/thirdparty-include -march=armv7-a -mcpu=cortex-a9 -mtune=cortex-a9 -mfpu=vfpv3-d16 -mfloat-abi=hard  '
DEFS='-DHAVE_CONFIG_H'
ECHO_C=''
ECHO_N='-n'
ECHO_T=''
EGREP='/bin/grep -E'
EXEEXT=''
GREP='/bin/grep'
INSTALL_DATA='${INSTALL} -m 644'
INSTALL_PROGRAM='${INSTALL}'
INSTALL_SCRIPT='${INSTALL}'
KERNEL_HEADERS='/home/jenkins/slave/workspace/BHR4_Release_Build_FiOS1.3_PROD/output/bhr4/linux-3.4.104'
LDFLAGS='-L/home/jenkins/slave/workspace/BHR4_Release_Build_FiOS1.3_PROD/output/bhr4/lib -Wl,-O1 -Wl,--as-needed '
LIBOBJS=''
LIBS='-Wl,-rpath-link=/home/jenkins/slave/workspace/BHR4_Release_Build_FiOS1.3_PROD/output/bhr4/lib -Wl,-L/home/jenkins/slave/workspace/BHR4_Release_Build_FiOS1.3_PROD/output/bhr4/lib '
LTLIBOBJS=''
OBJEXT='o'
PACKAGE_BUGREPORT=''
PACKAGE_NAME='bridge-utils'
PACKAGE_STRING='bridge-utils 1.5'
PACKAGE_TARNAME='bridge-utils'
PACKAGE_URL=''
PACKAGE_VERSION='1.5'
PATH_SEPARATOR=':'
RANLIB='arm-greenwave-linux-gnueabihf-ranlib'
SHELL='/bin/bash'
ac_ct_CC=''
bindir='${exec_prefix}/bin'
build_alias=''
datadir='${datarootdir}'
datarootdir='${prefix}/share'
docdir='${datarootdir}/doc/${PACKAGE_TARNAME}'
dvidir='${docdir}'
exec_prefix='${prefix}'
host_alias='arm-greenwave-linux-gnueabihf'
htmldir='${docdir}'
includedir='${prefix}/include'
infodir='${datarootdir}/info'
libdir='${exec_prefix}/lib'
libexecdir='${exec_prefix}/libexec'
localedir='${datarootdir}/locale'
localstatedir='${prefix}/var'
mandir='${datarootdir}/man'
oldincludedir='/usr/include'
pdfdir='${docdir}'
prefix=''
program_transform_name='s,x,x,'
psdir='${docdir}'
sbindir='${exec_prefix}/sbin'
sharedstatedir='${prefix}/com'
sysconfdir='${prefix}/etc'
target_alias='arm-greenwave-linux-gnueabihf'

## ----------- ##
## confdefs.h. ##
## ----------- ##

/* confdefs.h */
#define PACKAGE_NAME "bridge-utils"
#define PACKAGE_TARNAME "bridge-utils"
#define PACKAGE_VERSION "1.5"
#define PACKAGE_STRING "bridge-utils 1.5"
#define PACKAGE_BUGREPORT ""
#define PACKAGE_URL ""
#define STDC_HEADERS 1
#define HAVE_SYS_TYPES_H 1
#define HAVE_SYS_STAT_H 1
#define HAVE_STDLIB_H 1
#define HAVE_STRING_H 1
#define HAVE_MEMORY_H 1
#define HAVE_STRINGS_H 1
#define HAVE_INTTYPES_H 1
#define HAVE_STDINT_H 1
#define HAVE_UNISTD_H 1
#define HAVE_SYS_IOCTL_H 1
#define HAVE_SYS_TIME_H 1
#define TIME_WITH_SYS_TIME 1
#define HAVE_GETHOSTNAME 1
#define HAVE_SOCKET 1
#define HAVE_STRDUP 1
#define HAVE_UNAME 1
#define HAVE_IF_NAMETOINDEX 1
#define HAVE_IF_INDEXTONAME 1

configure: exit 0
