This file contains any messages produced by compilers while
running configure, to aid debugging if configure makes a mistake.

It was created by libmnl configure 1.0.3, which was
generated by GNU Autoconf 2.69.  Invocation command line was

  $ ./configure --host=arm-greenwave-linux-gnueabihf --target=arm-greenwave-linux-gnueabihf --prefix=

## --------- ##
## Platform. ##
## --------- ##

hostname = sbuild2
uname -m = x86_64
uname -r = 3.19.0-31-generic
uname -s = Linux
uname -v = #36~14.04.1-Ubuntu SMP Thu Oct 8 10:21:08 UTC 2015

/usr/bin/uname -p = unknown
/bin/uname -X     = unknown

/bin/arch              = unknown
/usr/bin/arch -k       = unknown
/usr/convex/getsysinfo = unknown
/usr/bin/hostinfo      = unknown
/bin/machine           = unknown
/usr/bin/oslevel       = unknown
/bin/universe          = unknown

PATH: /home/jenkins/slave/workspace/BHR4_Release_Build_FiOS1.3_PROD/output/toolchains/arm-cortex-a9_linaro-gcc47/ccache
PATH: /home/jenkins/slave/workspace/BHR4_Release_Build_FiOS1.3_PROD/output/toolchains/arm-cortex-a9_linaro-gcc47/bin
PATH: /home/jenkins/slave/workspace/BHR4_Release_Build_FiOS1.3_PROD/output/bhr4/host_tools/bin
PATH: /home/jenkins/slave/workspace/BHR4_Release_Build_FiOS1.3_PROD/output/toolchains/arm-cortex-a9_linaro-gcc47/ccache
PATH: /home/jenkins/slave/workspace/BHR4_Release_Build_FiOS1.3_PROD/output/toolchains/arm-cortex-a9_linaro-gcc47/bin
PATH: /home/jenkins/slave/workspace/BHR4_Release_Build_FiOS1.3_PROD/output/bhr4/host_tools/bin
PATH: /home/jenkins/slave/workspace/BHR4_Release_Build_FiOS1.3_PROD/output/toolchains/arm-cortex-a9_linaro-gcc47/ccache
PATH: /home/jenkins/slave/workspace/BHR4_Release_Build_FiOS1.3_PROD/output/toolchains/arm-cortex-a9_linaro-gcc47/bin
PATH: /home/jenkins/slave/workspace/BHR4_Release_Build_FiOS1.3_PROD/output/bhr4/host_tools/bin
PATH: /usr/lib/ccache
PATH: /usr/local/sbin
PATH: /usr/local/bin
PATH: /usr/sbin
PATH: /usr/bin
PATH: /sbin
PATH: /bin
PATH: /usr/games
PATH: /usr/local/games
PATH: /home/jenkins/slave/workspace/BHR4_Release_Build_FiOS1.3_PROD/tools/bin
PATH: /home/jenkins/slave/workspace/BHR4_Release_Build_FiOS1.3_PROD/output/bhr4/host_tools/bin


## ----------- ##
## Core tests. ##
## ----------- ##

configure:2144: checking build system type
configure:2158: result: x86_64-unknown-linux-gnu
configure:2178: checking host system type
configure:2191: result: arm-greenwave-linux-gnueabihf
configure:2230: checking for a BSD-compatible install
configure:2298: result: /usr/bin/install -c
configure:2309: checking whether build environment is sane
configure:2359: result: yes
configure:2408: checking for arm-greenwave-linux-gnueabihf-strip
configure:2424: found /home/jenkins/slave/workspace/BHR4_Release_Build_FiOS1.3_PROD/output/toolchains/arm-cortex-a9_linaro-gcc47/bin/arm-greenwave-linux-gnueabihf-strip
configure:2435: result: arm-greenwave-linux-gnueabihf-strip
configure:2500: checking for a thread-safe mkdir -p
configure:2539: result: /bin/mkdir -p
configure:2552: checking for gawk
configure:2568: found /usr/bin/gawk
configure:2579: result: gawk
configure:2590: checking whether make sets $(MAKE)
configure:2612: result: yes
configure:2687: checking how to create a pax tar archive
configure:2700: tar --version
tar (GNU tar) 1.27.1
Copyright (C) 2013 Free Software Foundation, Inc.
License GPLv3+: GNU GPL version 3 or later <http://gnu.org/licenses/gpl.html>.
This is free software: you are free to change and redistribute it.
There is NO WARRANTY, to the extent permitted by law.

Written by John Gilmore and Jay Fenlason.
configure:2703: $? = 0
configure:2743: tardir=conftest.dir && eval tar --format=posix -chf - "$tardir" >conftest.tar
configure:2746: $? = 0
configure:2750: tar -xf - <conftest.tar
configure:2753: $? = 0
configure:2766: result: gnutar
configure:2785: checking whether make supports nested variables
configure:2802: result: yes
configure:2822: checking for arm-greenwave-linux-gnueabihf-gcc
configure:2849: result: arm-greenwave-linux-gnueabihf-gcc
configure:3118: checking for C compiler version
configure:3127: arm-greenwave-linux-gnueabihf-gcc --version >&5
arm-greenwave-linux-gnueabihf-gcc (crosstool-NG 1.19.0 - Linaro gcc 4.7-2013.12) 4.7.4 20131207 (prerelease)
Copyright (C) 2012 Free Software Foundation, Inc.
This is free software; see the source for copying conditions.  There is NO
warranty; not even for MERCHANTABILITY or FITNESS FOR A PARTICULAR PURPOSE.

configure:3138: $? = 0
configure:3127: arm-greenwave-linux-gnueabihf-gcc -v >&5
Using built-in specs.
COLLECT_GCC=/home/jenkins/slave/workspace/BHR4_Release_Build_FiOS1.3_PROD/output/toolchains/arm-cortex-a9_linaro-gcc47/bin/arm-greenwave-linux-gnueabihf-gcc
COLLECT_LTO_WRAPPER=/home/jenkins/slave/workspace/BHR4_Release_Build_FiOS1.3_PROD/output/toolchains/arm-cortex-a9_linaro-gcc47/libexec/gcc/arm-greenwave-linux-gnueabihf/4.7.4/lto-wrapper
Target: arm-greenwave-linux-gnueabihf
Configured with: /home/jenkins/slave/workspace/BHR4_Release_Build_FiOS1.3_PROD/output/toolchains/build/arm-cortex-a9_linaro-gcc47/crosstool-ng-1.19.0/targets/src/gcc-linaro-4.7-2013.12/configure --build=x86_64-build_unknown-linux-gnu --host=x86_64-build_unknown-linux-gnu --target=arm-greenwave-linux-gnueabihf --prefix=/home/jenkins/slave/workspace/BHR4_Release_Build_FiOS1.3_PROD/output/toolchains/arm-cortex-a9_linaro-gcc47 --with-sysroot=/home/jenkins/slave/workspace/BHR4_Release_Build_FiOS1.3_PROD/output/toolchains/arm-cortex-a9_linaro-gcc47/arm-greenwave-linux-gnueabihf/sysroot --enable-languages=c,c++ --with-arch=armv7-a --with-cpu=cortex-a9 --with-tune=cortex-a9 --with-fpu=vfpv3-d16 --with-float=hard --with-pkgversion='crosstool-NG 1.19.0 - Linaro gcc 4.7-2013.12' --with-bugurl=kongen@greenwavereality.com --disable-sjlj-exceptions --enable-__cxa_atexit --disable-libmudflap --disable-libgomp --disable-libssp --disable-libquadmath --disable-libquadmath-support --with-gmp=/home/jenkins/slave/workspace/BHR4_Release_Build_FiOS1.3_PROD/output/toolchains/build/arm-cortex-a9_linaro-gcc47/crosstool-ng-1.19.0/targets/arm-greenwave-linux-gnueabihf/buildtools --with-mpfr=/home/jenkins/slave/workspace/BHR4_Release_Build_FiOS1.3_PROD/output/toolchains/build/arm-cortex-a9_linaro-gcc47/crosstool-ng-1.19.0/targets/arm-greenwave-linux-gnueabihf/buildtools --with-mpc=/home/jenkins/slave/workspace/BHR4_Release_Build_FiOS1.3_PROD/output/toolchains/build/arm-cortex-a9_linaro-gcc47/crosstool-ng-1.19.0/targets/arm-greenwave-linux-gnueabihf/buildtools --with-ppl=no --with-isl=no --with-cloog=no --with-libelf=no --enable-threads=posix --with-long-double-128 --enable-linker-build-id --with-linker-hash-style=gnu --enable-plugin --enable-gold --disable-nls --disable-multilib --with-local-prefix=/home/jenkins/slave/workspace/BHR4_Release_Build_FiOS1.3_PROD/output/toolchains/arm-cortex-a9_linaro-gcc47/arm-greenwave-linux-gnueabihf/sysroot --enable-c99 --enable-long-long --with-mode=thumb
Thread model: posix
gcc version 4.7.4 20131207 (prerelease) (crosstool-NG 1.19.0 - Linaro gcc 4.7-2013.12) 
configure:3138: $? = 0
configure:3127: arm-greenwave-linux-gnueabihf-gcc -V >&5
arm-greenwave-linux-gnueabihf-gcc: error: unrecognized command line option '-V'
arm-greenwave-linux-gnueabihf-gcc: fatal error: no input files
compilation terminated.
configure:3138: $? = 1
configure:3127: arm-greenwave-linux-gnueabihf-gcc -qversion >&5
arm-greenwave-linux-gnueabihf-gcc: error: unrecognized command line option '-qversion'
arm-greenwave-linux-gnueabihf-gcc: fatal error: no input files
compilation terminated.
configure:3138: $? = 1
configure:3158: checking whether the C compiler works
configure:3180: arm-greenwave-linux-gnueabihf-gcc -O2 -g   -I/home/jenkins/slave/workspace/BHR4_Release_Build_FiOS1.3_PROD/output/bhr4/include -isystem /home/jenkins/slave/workspace/BHR4_Release_Build_FiOS1.3_PROD/output/bhr4/thirdparty-include -march=armv7-a -mcpu=cortex-a9 -mtune=cortex-a9 -mfpu=vfpv3-d16 -mfloat-abi=hard   -O2 -g   -I/home/jenkins/slave/workspace/BHR4_Release_Build_FiOS1.3_PROD/output/bhr4/include -isystem /home/jenkins/slave/workspace/BHR4_Release_Build_FiOS1.3_PROD/output/bhr4/thirdparty-include -march=armv7-a -mcpu=cortex-a9 -mtune=cortex-a9 -mfpu=vfpv3-d16 -mfloat-abi=hard   -L/home/jenkins/slave/workspace/BHR4_Release_Build_FiOS1.3_PROD/output/bhr4/lib -Wl,-O1 -Wl,--as-needed  conftest.c -Wl,-rpath-link=/home/jenkins/slave/workspace/BHR4_Release_Build_FiOS1.3_PROD/output/bhr4/lib -Wl,-L/home/jenkins/slave/workspace/BHR4_Release_Build_FiOS1.3_PROD/output/bhr4/lib  >&5
configure:3184: $? = 0
configure:3232: result: yes
configure:3235: checking for C compiler default output file name
configure:3237: result: a.out
configure:3243: checking for suffix of executables
configure:3250: arm-greenwave-linux-gnueabihf-gcc -o conftest -O2 -g   -I/home/jenkins/slave/workspace/BHR4_Release_Build_FiOS1.3_PROD/output/bhr4/include -isystem /home/jenkins/slave/workspace/BHR4_Release_Build_FiOS1.3_PROD/output/bhr4/thirdparty-include -march=armv7-a -mcpu=cortex-a9 -mtune=cortex-a9 -mfpu=vfpv3-d16 -mfloat-abi=hard   -O2 -g   -I/home/jenkins/slave/workspace/BHR4_Release_Build_FiOS1.3_PROD/output/bhr4/include -isystem /home/jenkins/slave/workspace/BHR4_Release_Build_FiOS1.3_PROD/output/bhr4/thirdparty-include -march=armv7-a -mcpu=cortex-a9 -mtune=cortex-a9 -mfpu=vfpv3-d16 -mfloat-abi=hard   -L/home/jenkins/slave/workspace/BHR4_Release_Build_FiOS1.3_PROD/output/bhr4/lib -Wl,-O1 -Wl,--as-needed  conftest.c -Wl,-rpath-link=/home/jenkins/slave/workspace/BHR4_Release_Build_FiOS1.3_PROD/output/bhr4/lib -Wl,-L/home/jenkins/slave/workspace/BHR4_Release_Build_FiOS1.3_PROD/output/bhr4/lib  >&5
configure:3254: $? = 0
configure:3276: result: 
configure:3298: checking whether we are cross compiling
configure:3306: arm-greenwave-linux-gnueabihf-gcc -o conftest -O2 -g   -I/home/jenkins/slave/workspace/BHR4_Release_Build_FiOS1.3_PROD/output/bhr4/include -isystem /home/jenkins/slave/workspace/BHR4_Release_Build_FiOS1.3_PROD/output/bhr4/thirdparty-include -march=armv7-a -mcpu=cortex-a9 -mtune=cortex-a9 -mfpu=vfpv3-d16 -mfloat-abi=hard   -O2 -g   -I/home/jenkins/slave/workspace/BHR4_Release_Build_FiOS1.3_PROD/output/bhr4/include -isystem /home/jenkins/slave/workspace/BHR4_Release_Build_FiOS1.3_PROD/output/bhr4/thirdparty-include -march=armv7-a -mcpu=cortex-a9 -mtune=cortex-a9 -mfpu=vfpv3-d16 -mfloat-abi=hard   -L/home/jenkins/slave/workspace/BHR4_Release_Build_FiOS1.3_PROD/output/bhr4/lib -Wl,-O1 -Wl,--as-needed  conftest.c -Wl,-rpath-link=/home/jenkins/slave/workspace/BHR4_Release_Build_FiOS1.3_PROD/output/bhr4/lib -Wl,-L/home/jenkins/slave/workspace/BHR4_Release_Build_FiOS1.3_PROD/output/bhr4/lib  >&5
configure:3310: $? = 0
configure:3317: ./conftest
./configure: line 3319: ./conftest: cannot execute binary file: Exec format error
configure:3321: $? = 126
configure:3336: result: yes
configure:3341: checking for suffix of object files
configure:3363: arm-greenwave-linux-gnueabihf-gcc -c -O2 -g   -I/home/jenkins/slave/workspace/BHR4_Release_Build_FiOS1.3_PROD/output/bhr4/include -isystem /home/jenkins/slave/workspace/BHR4_Release_Build_FiOS1.3_PROD/output/bhr4/thirdparty-include -march=armv7-a -mcpu=cortex-a9 -mtune=cortex-a9 -mfpu=vfpv3-d16 -mfloat-abi=hard   -O2 -g   -I/home/jenkins/slave/workspace/BHR4_Release_Build_FiOS1.3_PROD/output/bhr4/include -isystem /home/jenkins/slave/workspace/BHR4_Release_Build_FiOS1.3_PROD/output/bhr4/thirdparty-include -march=armv7-a -mcpu=cortex-a9 -mtune=cortex-a9 -mfpu=vfpv3-d16 -mfloat-abi=hard   conftest.c >&5
configure:3367: $? = 0
configure:3388: result: o
configure:3392: checking whether we are using the GNU C compiler
configure:3411: arm-greenwave-linux-gnueabihf-gcc -c -O2 -g   -I/home/jenkins/slave/workspace/BHR4_Release_Build_FiOS1.3_PROD/output/bhr4/include -isystem /home/jenkins/slave/workspace/BHR4_Release_Build_FiOS1.3_PROD/output/bhr4/thirdparty-include -march=armv7-a -mcpu=cortex-a9 -mtune=cortex-a9 -mfpu=vfpv3-d16 -mfloat-abi=hard   -O2 -g   -I/home/jenkins/slave/workspace/BHR4_Release_Build_FiOS1.3_PROD/output/bhr4/include -isystem /home/jenkins/slave/workspace/BHR4_Release_Build_FiOS1.3_PROD/output/bhr4/thirdparty-include -march=armv7-a -mcpu=cortex-a9 -mtune=cortex-a9 -mfpu=vfpv3-d16 -mfloat-abi=hard   conftest.c >&5
configure:3411: $? = 0
configure:3420: result: yes
configure:3429: checking whether arm-greenwave-linux-gnueabihf-gcc accepts -g
configure:3449: arm-greenwave-linux-gnueabihf-gcc -c -g -O2 -g   -I/home/jenkins/slave/workspace/BHR4_Release_Build_FiOS1.3_PROD/output/bhr4/include -isystem /home/jenkins/slave/workspace/BHR4_Release_Build_FiOS1.3_PROD/output/bhr4/thirdparty-include -march=armv7-a -mcpu=cortex-a9 -mtune=cortex-a9 -mfpu=vfpv3-d16 -mfloat-abi=hard   conftest.c >&5
configure:3449: $? = 0
configure:3490: result: yes
configure:3507: checking for arm-greenwave-linux-gnueabihf-gcc option to accept ISO C89
configure:3570: arm-greenwave-linux-gnueabihf-gcc  -c -O2 -g   -I/home/jenkins/slave/workspace/BHR4_Release_Build_FiOS1.3_PROD/output/bhr4/include -isystem /home/jenkins/slave/workspace/BHR4_Release_Build_FiOS1.3_PROD/output/bhr4/thirdparty-include -march=armv7-a -mcpu=cortex-a9 -mtune=cortex-a9 -mfpu=vfpv3-d16 -mfloat-abi=hard   -O2 -g   -I/home/jenkins/slave/workspace/BHR4_Release_Build_FiOS1.3_PROD/output/bhr4/include -isystem /home/jenkins/slave/workspace/BHR4_Release_Build_FiOS1.3_PROD/output/bhr4/thirdparty-include -march=armv7-a -mcpu=cortex-a9 -mtune=cortex-a9 -mfpu=vfpv3-d16 -mfloat-abi=hard   conftest.c >&5
configure:3570: $? = 0
configure:3583: result: none needed
configure:3614: checking for style of include used by make
configure:3642: result: GNU
configure:3668: checking dependency style of arm-greenwave-linux-gnueabihf-gcc
configure:3779: result: gcc3
configure:3795: checking whether arm-greenwave-linux-gnueabihf-gcc and cc understand -c and -o together
configure:3826: arm-greenwave-linux-gnueabihf-gcc -c conftest.c -o conftest2.o >&5
configure:3830: $? = 0
configure:3836: arm-greenwave-linux-gnueabihf-gcc -c conftest.c -o conftest2.o >&5
configure:3840: $? = 0
configure:3851: cc -c conftest.c >&5
configure:3855: $? = 0
configure:3863: cc -c conftest.c -o conftest2.o >&5
configure:3867: $? = 0
configure:3873: cc -c conftest.c -o conftest2.o >&5
configure:3877: $? = 0
configure:3895: result: yes
configure:3998: checking how to print strings
configure:4025: result: printf
configure:4046: checking for a sed that does not truncate output
configure:4110: result: /bin/sed
configure:4128: checking for grep that handles long lines and -e
configure:4186: result: /bin/grep
configure:4191: checking for egrep
configure:4253: result: /bin/grep -E
configure:4258: checking for fgrep
configure:4320: result: /bin/grep -F
configure:4355: checking for ld used by arm-greenwave-linux-gnueabihf-gcc
configure:4422: result: /home/jenkins/slave/workspace/BHR4_Release_Build_FiOS1.3_PROD/output/toolchains/arm-cortex-a9_linaro-gcc47/arm-greenwave-linux-gnueabihf/bin/ld
configure:4429: checking if the linker (/home/jenkins/slave/workspace/BHR4_Release_Build_FiOS1.3_PROD/output/toolchains/arm-cortex-a9_linaro-gcc47/arm-greenwave-linux-gnueabihf/bin/ld) is GNU ld
configure:4444: result: yes
configure:4456: checking for BSD- or MS-compatible name lister (nm)
configure:4505: result: /home/jenkins/slave/workspace/BHR4_Release_Build_FiOS1.3_PROD/output/toolchains/arm-cortex-a9_linaro-gcc47/bin/arm-greenwave-linux-gnueabihf-nm -B
configure:4635: checking the name lister (/home/jenkins/slave/workspace/BHR4_Release_Build_FiOS1.3_PROD/output/toolchains/arm-cortex-a9_linaro-gcc47/bin/arm-greenwave-linux-gnueabihf-nm -B) interface
configure:4642: arm-greenwave-linux-gnueabihf-gcc -c -O2 -g   -I/home/jenkins/slave/workspace/BHR4_Release_Build_FiOS1.3_PROD/output/bhr4/include -isystem /home/jenkins/slave/workspace/BHR4_Release_Build_FiOS1.3_PROD/output/bhr4/thirdparty-include -march=armv7-a -mcpu=cortex-a9 -mtune=cortex-a9 -mfpu=vfpv3-d16 -mfloat-abi=hard   -O2 -g   -I/home/jenkins/slave/workspace/BHR4_Release_Build_FiOS1.3_PROD/output/bhr4/include -isystem /home/jenkins/slave/workspace/BHR4_Release_Build_FiOS1.3_PROD/output/bhr4/thirdparty-include -march=armv7-a -mcpu=cortex-a9 -mtune=cortex-a9 -mfpu=vfpv3-d16 -mfloat-abi=hard   conftest.c >&5
configure:4645: /home/jenkins/slave/workspace/BHR4_Release_Build_FiOS1.3_PROD/output/toolchains/arm-cortex-a9_linaro-gcc47/bin/arm-greenwave-linux-gnueabihf-nm -B "conftest.o"
configure:4648: output
00000000 B some_variable
configure:4655: result: BSD nm
configure:4658: checking whether ln -s works
configure:4662: result: yes
configure:4670: checking the maximum length of command line arguments
configure:4801: result: 3458764513820540925
configure:4818: checking whether the shell understands some XSI constructs
configure:4828: result: yes
configure:4832: checking whether the shell understands "+="
configure:4838: result: yes
configure:4873: checking how to convert x86_64-unknown-linux-gnu file names to arm-greenwave-linux-gnueabihf format
configure:4913: result: func_convert_file_noop
configure:4920: checking how to convert x86_64-unknown-linux-gnu file names to toolchain format
configure:4940: result: func_convert_file_noop
configure:4947: checking for /home/jenkins/slave/workspace/BHR4_Release_Build_FiOS1.3_PROD/output/toolchains/arm-cortex-a9_linaro-gcc47/arm-greenwave-linux-gnueabihf/bin/ld option to reload object files
configure:4954: result: -r
configure:4988: checking for arm-greenwave-linux-gnueabihf-objdump
configure:5004: found /home/jenkins/slave/workspace/BHR4_Release_Build_FiOS1.3_PROD/output/toolchains/arm-cortex-a9_linaro-gcc47/bin/arm-greenwave-linux-gnueabihf-objdump
configure:5015: result: arm-greenwave-linux-gnueabihf-objdump
configure:5087: checking how to recognize dependent libraries
configure:5285: result: pass_all
configure:5330: checking for arm-greenwave-linux-gnueabihf-dlltool
configure:5360: result: no
configure:5370: checking for dlltool
configure:5400: result: no
configure:5430: checking how to associate runtime and link libraries
configure:5457: result: printf %s\n
configure:5474: checking for arm-greenwave-linux-gnueabihf-ar
configure:5490: found /home/jenkins/slave/workspace/BHR4_Release_Build_FiOS1.3_PROD/output/toolchains/arm-cortex-a9_linaro-gcc47/bin/arm-greenwave-linux-gnueabihf-ar
configure:5501: result: arm-greenwave-linux-gnueabihf-ar
configure:5582: checking for archiver @FILE support
configure:5599: arm-greenwave-linux-gnueabihf-gcc -c -O2 -g   -I/home/jenkins/slave/workspace/BHR4_Release_Build_FiOS1.3_PROD/output/bhr4/include -isystem /home/jenkins/slave/workspace/BHR4_Release_Build_FiOS1.3_PROD/output/bhr4/thirdparty-include -march=armv7-a -mcpu=cortex-a9 -mtune=cortex-a9 -mfpu=vfpv3-d16 -mfloat-abi=hard   -O2 -g   -I/home/jenkins/slave/workspace/BHR4_Release_Build_FiOS1.3_PROD/output/bhr4/include -isystem /home/jenkins/slave/workspace/BHR4_Release_Build_FiOS1.3_PROD/output/bhr4/thirdparty-include -march=armv7-a -mcpu=cortex-a9 -mtune=cortex-a9 -mfpu=vfpv3-d16 -mfloat-abi=hard   conftest.c >&5
configure:5599: $? = 0
configure:5602: arm-greenwave-linux-gnueabihf-ar cru libconftest.a @conftest.lst >&5
configure:5605: $? = 0
configure:5610: arm-greenwave-linux-gnueabihf-ar cru libconftest.a @conftest.lst >&5
arm-greenwave-linux-gnueabihf-ar: conftest.o: No such file or directory
configure:5613: $? = 1
configure:5625: result: @
configure:5643: checking for arm-greenwave-linux-gnueabihf-strip
configure:5670: result: arm-greenwave-linux-gnueabihf-strip
configure:5742: checking for arm-greenwave-linux-gnueabihf-ranlib
configure:5758: found /home/jenkins/slave/workspace/BHR4_Release_Build_FiOS1.3_PROD/output/toolchains/arm-cortex-a9_linaro-gcc47/bin/arm-greenwave-linux-gnueabihf-ranlib
configure:5769: result: arm-greenwave-linux-gnueabihf-ranlib
configure:5911: checking command to parse /home/jenkins/slave/workspace/BHR4_Release_Build_FiOS1.3_PROD/output/toolchains/arm-cortex-a9_linaro-gcc47/bin/arm-greenwave-linux-gnueabihf-nm -B output from arm-greenwave-linux-gnueabihf-gcc object
configure:6031: arm-greenwave-linux-gnueabihf-gcc -c -O2 -g   -I/home/jenkins/slave/workspace/BHR4_Release_Build_FiOS1.3_PROD/output/bhr4/include -isystem /home/jenkins/slave/workspace/BHR4_Release_Build_FiOS1.3_PROD/output/bhr4/thirdparty-include -march=armv7-a -mcpu=cortex-a9 -mtune=cortex-a9 -mfpu=vfpv3-d16 -mfloat-abi=hard   -O2 -g   -I/home/jenkins/slave/workspace/BHR4_Release_Build_FiOS1.3_PROD/output/bhr4/include -isystem /home/jenkins/slave/workspace/BHR4_Release_Build_FiOS1.3_PROD/output/bhr4/thirdparty-include -march=armv7-a -mcpu=cortex-a9 -mtune=cortex-a9 -mfpu=vfpv3-d16 -mfloat-abi=hard   conftest.c >&5
configure:6034: $? = 0
configure:6038: /home/jenkins/slave/workspace/BHR4_Release_Build_FiOS1.3_PROD/output/toolchains/arm-cortex-a9_linaro-gcc47/bin/arm-greenwave-linux-gnueabihf-nm -B conftest.o \| sed -n -e 's/^.*[ ]\([ABCDGIRSTW][ABCDGIRSTW]*\)[ ][ ]*\([_A-Za-z][_A-Za-z0-9]*\)$/\1 \2 \2/p' | sed '/ __gnu_lto/d' \> conftest.nm
configure:6041: $? = 0
configure:6107: arm-greenwave-linux-gnueabihf-gcc -o conftest -O2 -g   -I/home/jenkins/slave/workspace/BHR4_Release_Build_FiOS1.3_PROD/output/bhr4/include -isystem /home/jenkins/slave/workspace/BHR4_Release_Build_FiOS1.3_PROD/output/bhr4/thirdparty-include -march=armv7-a -mcpu=cortex-a9 -mtune=cortex-a9 -mfpu=vfpv3-d16 -mfloat-abi=hard   -O2 -g   -I/home/jenkins/slave/workspace/BHR4_Release_Build_FiOS1.3_PROD/output/bhr4/include -isystem /home/jenkins/slave/workspace/BHR4_Release_Build_FiOS1.3_PROD/output/bhr4/thirdparty-include -march=armv7-a -mcpu=cortex-a9 -mtune=cortex-a9 -mfpu=vfpv3-d16 -mfloat-abi=hard   -L/home/jenkins/slave/workspace/BHR4_Release_Build_FiOS1.3_PROD/output/bhr4/lib -Wl,-O1 -Wl,--as-needed  conftest.c conftstm.o >&5
configure:6110: $? = 0
configure:6148: result: ok
configure:6185: checking for sysroot
configure:6215: result: no
configure:6438: checking for arm-greenwave-linux-gnueabihf-mt
configure:6468: result: no
configure:6478: checking for mt
configure:6494: found /bin/mt
configure:6505: result: mt
configure:6517: WARNING: using cross tools not prefixed with host triplet
configure:6528: checking if mt is a manifest tool
configure:6534: mt '-?'
configure:6542: result: no
configure:7184: checking how to run the C preprocessor
configure:7215: arm-greenwave-linux-gnueabihf-gcc -E -O2 -g   -I/home/jenkins/slave/workspace/BHR4_Release_Build_FiOS1.3_PROD/output/bhr4/include -isystem /home/jenkins/slave/workspace/BHR4_Release_Build_FiOS1.3_PROD/output/bhr4/thirdparty-include -march=armv7-a -mcpu=cortex-a9 -mtune=cortex-a9 -mfpu=vfpv3-d16 -mfloat-abi=hard   conftest.c
configure:7215: $? = 0
configure:7229: arm-greenwave-linux-gnueabihf-gcc -E -O2 -g   -I/home/jenkins/slave/workspace/BHR4_Release_Build_FiOS1.3_PROD/output/bhr4/include -isystem /home/jenkins/slave/workspace/BHR4_Release_Build_FiOS1.3_PROD/output/bhr4/thirdparty-include -march=armv7-a -mcpu=cortex-a9 -mtune=cortex-a9 -mfpu=vfpv3-d16 -mfloat-abi=hard   conftest.c
conftest.c:11:28: fatal error: ac_nonexistent.h: No such file or directory
compilation terminated.
configure:7229: $? = 1
configure: failed program was:
| /* confdefs.h */
| #define PACKAGE_NAME "libmnl"
| #define PACKAGE_TARNAME "libmnl"
| #define PACKAGE_VERSION "1.0.3"
| #define PACKAGE_STRING "libmnl 1.0.3"
| #define PACKAGE_BUGREPORT ""
| #define PACKAGE_URL ""
| #define PACKAGE "libmnl"
| #define VERSION "1.0.3"
| /* end confdefs.h.  */
| #include <ac_nonexistent.h>
configure:7254: result: arm-greenwave-linux-gnueabihf-gcc -E
configure:7274: arm-greenwave-linux-gnueabihf-gcc -E -O2 -g   -I/home/jenkins/slave/workspace/BHR4_Release_Build_FiOS1.3_PROD/output/bhr4/include -isystem /home/jenkins/slave/workspace/BHR4_Release_Build_FiOS1.3_PROD/output/bhr4/thirdparty-include -march=armv7-a -mcpu=cortex-a9 -mtune=cortex-a9 -mfpu=vfpv3-d16 -mfloat-abi=hard   conftest.c
configure:7274: $? = 0
configure:7288: arm-greenwave-linux-gnueabihf-gcc -E -O2 -g   -I/home/jenkins/slave/workspace/BHR4_Release_Build_FiOS1.3_PROD/output/bhr4/include -isystem /home/jenkins/slave/workspace/BHR4_Release_Build_FiOS1.3_PROD/output/bhr4/thirdparty-include -march=armv7-a -mcpu=cortex-a9 -mtune=cortex-a9 -mfpu=vfpv3-d16 -mfloat-abi=hard   conftest.c
conftest.c:11:28: fatal error: ac_nonexistent.h: No such file or directory
compilation terminated.
configure:7288: $? = 1
configure: failed program was:
| /* confdefs.h */
| #define PACKAGE_NAME "libmnl"
| #define PACKAGE_TARNAME "libmnl"
| #define PACKAGE_VERSION "1.0.3"
| #define PACKAGE_STRING "libmnl 1.0.3"
| #define PACKAGE_BUGREPORT ""
| #define PACKAGE_URL ""
| #define PACKAGE "libmnl"
| #define VERSION "1.0.3"
| /* end confdefs.h.  */
| #include <ac_nonexistent.h>
configure:7317: checking for ANSI C header files
configure:7337: arm-greenwave-linux-gnueabihf-gcc -c -O2 -g   -I/home/jenkins/slave/workspace/BHR4_Release_Build_FiOS1.3_PROD/output/bhr4/include -isystem /home/jenkins/slave/workspace/BHR4_Release_Build_FiOS1.3_PROD/output/bhr4/thirdparty-include -march=armv7-a -mcpu=cortex-a9 -mtune=cortex-a9 -mfpu=vfpv3-d16 -mfloat-abi=hard   -O2 -g   -I/home/jenkins/slave/workspace/BHR4_Release_Build_FiOS1.3_PROD/output/bhr4/include -isystem /home/jenkins/slave/workspace/BHR4_Release_Build_FiOS1.3_PROD/output/bhr4/thirdparty-include -march=armv7-a -mcpu=cortex-a9 -mtune=cortex-a9 -mfpu=vfpv3-d16 -mfloat-abi=hard   conftest.c >&5
configure:7337: $? = 0
configure:7421: result: yes
configure:7434: checking for sys/types.h
configure:7434: arm-greenwave-linux-gnueabihf-gcc -c -O2 -g   -I/home/jenkins/slave/workspace/BHR4_Release_Build_FiOS1.3_PROD/output/bhr4/include -isystem /home/jenkins/slave/workspace/BHR4_Release_Build_FiOS1.3_PROD/output/bhr4/thirdparty-include -march=armv7-a -mcpu=cortex-a9 -mtune=cortex-a9 -mfpu=vfpv3-d16 -mfloat-abi=hard   -O2 -g   -I/home/jenkins/slave/workspace/BHR4_Release_Build_FiOS1.3_PROD/output/bhr4/include -isystem /home/jenkins/slave/workspace/BHR4_Release_Build_FiOS1.3_PROD/output/bhr4/thirdparty-include -march=armv7-a -mcpu=cortex-a9 -mtune=cortex-a9 -mfpu=vfpv3-d16 -mfloat-abi=hard   conftest.c >&5
configure:7434: $? = 0
configure:7434: result: yes
configure:7434: checking for sys/stat.h
configure:7434: arm-greenwave-linux-gnueabihf-gcc -c -O2 -g   -I/home/jenkins/slave/workspace/BHR4_Release_Build_FiOS1.3_PROD/output/bhr4/include -isystem /home/jenkins/slave/workspace/BHR4_Release_Build_FiOS1.3_PROD/output/bhr4/thirdparty-include -march=armv7-a -mcpu=cortex-a9 -mtune=cortex-a9 -mfpu=vfpv3-d16 -mfloat-abi=hard   -O2 -g   -I/home/jenkins/slave/workspace/BHR4_Release_Build_FiOS1.3_PROD/output/bhr4/include -isystem /home/jenkins/slave/workspace/BHR4_Release_Build_FiOS1.3_PROD/output/bhr4/thirdparty-include -march=armv7-a -mcpu=cortex-a9 -mtune=cortex-a9 -mfpu=vfpv3-d16 -mfloat-abi=hard   conftest.c >&5
configure:7434: $? = 0
configure:7434: result: yes
configure:7434: checking for stdlib.h
configure:7434: arm-greenwave-linux-gnueabihf-gcc -c -O2 -g   -I/home/jenkins/slave/workspace/BHR4_Release_Build_FiOS1.3_PROD/output/bhr4/include -isystem /home/jenkins/slave/workspace/BHR4_Release_Build_FiOS1.3_PROD/output/bhr4/thirdparty-include -march=armv7-a -mcpu=cortex-a9 -mtune=cortex-a9 -mfpu=vfpv3-d16 -mfloat-abi=hard   -O2 -g   -I/home/jenkins/slave/workspace/BHR4_Release_Build_FiOS1.3_PROD/output/bhr4/include -isystem /home/jenkins/slave/workspace/BHR4_Release_Build_FiOS1.3_PROD/output/bhr4/thirdparty-include -march=armv7-a -mcpu=cortex-a9 -mtune=cortex-a9 -mfpu=vfpv3-d16 -mfloat-abi=hard   conftest.c >&5
configure:7434: $? = 0
configure:7434: result: yes
configure:7434: checking for string.h
configure:7434: arm-greenwave-linux-gnueabihf-gcc -c -O2 -g   -I/home/jenkins/slave/workspace/BHR4_Release_Build_FiOS1.3_PROD/output/bhr4/include -isystem /home/jenkins/slave/workspace/BHR4_Release_Build_FiOS1.3_PROD/output/bhr4/thirdparty-include -march=armv7-a -mcpu=cortex-a9 -mtune=cortex-a9 -mfpu=vfpv3-d16 -mfloat-abi=hard   -O2 -g   -I/home/jenkins/slave/workspace/BHR4_Release_Build_FiOS1.3_PROD/output/bhr4/include -isystem /home/jenkins/slave/workspace/BHR4_Release_Build_FiOS1.3_PROD/output/bhr4/thirdparty-include -march=armv7-a -mcpu=cortex-a9 -mtune=cortex-a9 -mfpu=vfpv3-d16 -mfloat-abi=hard   conftest.c >&5
configure:7434: $? = 0
configure:7434: result: yes
configure:7434: checking for memory.h
configure:7434: arm-greenwave-linux-gnueabihf-gcc -c -O2 -g   -I/home/jenkins/slave/workspace/BHR4_Release_Build_FiOS1.3_PROD/output/bhr4/include -isystem /home/jenkins/slave/workspace/BHR4_Release_Build_FiOS1.3_PROD/output/bhr4/thirdparty-include -march=armv7-a -mcpu=cortex-a9 -mtune=cortex-a9 -mfpu=vfpv3-d16 -mfloat-abi=hard   -O2 -g   -I/home/jenkins/slave/workspace/BHR4_Release_Build_FiOS1.3_PROD/output/bhr4/include -isystem /home/jenkins/slave/workspace/BHR4_Release_Build_FiOS1.3_PROD/output/bhr4/thirdparty-include -march=armv7-a -mcpu=cortex-a9 -mtune=cortex-a9 -mfpu=vfpv3-d16 -mfloat-abi=hard   conftest.c >&5
configure:7434: $? = 0
configure:7434: result: yes
configure:7434: checking for strings.h
configure:7434: arm-greenwave-linux-gnueabihf-gcc -c -O2 -g   -I/home/jenkins/slave/workspace/BHR4_Release_Build_FiOS1.3_PROD/output/bhr4/include -isystem /home/jenkins/slave/workspace/BHR4_Release_Build_FiOS1.3_PROD/output/bhr4/thirdparty-include -march=armv7-a -mcpu=cortex-a9 -mtune=cortex-a9 -mfpu=vfpv3-d16 -mfloat-abi=hard   -O2 -g   -I/home/jenkins/slave/workspace/BHR4_Release_Build_FiOS1.3_PROD/output/bhr4/include -isystem /home/jenkins/slave/workspace/BHR4_Release_Build_FiOS1.3_PROD/output/bhr4/thirdparty-include -march=armv7-a -mcpu=cortex-a9 -mtune=cortex-a9 -mfpu=vfpv3-d16 -mfloat-abi=hard   conftest.c >&5
configure:7434: $? = 0
configure:7434: result: yes
configure:7434: checking for inttypes.h
configure:7434: arm-greenwave-linux-gnueabihf-gcc -c -O2 -g   -I/home/jenkins/slave/workspace/BHR4_Release_Build_FiOS1.3_PROD/output/bhr4/include -isystem /home/jenkins/slave/workspace/BHR4_Release_Build_FiOS1.3_PROD/output/bhr4/thirdparty-include -march=armv7-a -mcpu=cortex-a9 -mtune=cortex-a9 -mfpu=vfpv3-d16 -mfloat-abi=hard   -O2 -g   -I/home/jenkins/slave/workspace/BHR4_Release_Build_FiOS1.3_PROD/output/bhr4/include -isystem /home/jenkins/slave/workspace/BHR4_Release_Build_FiOS1.3_PROD/output/bhr4/thirdparty-include -march=armv7-a -mcpu=cortex-a9 -mtune=cortex-a9 -mfpu=vfpv3-d16 -mfloat-abi=hard   conftest.c >&5
configure:7434: $? = 0
configure:7434: result: yes
configure:7434: checking for stdint.h
configure:7434: arm-greenwave-linux-gnueabihf-gcc -c -O2 -g   -I/home/jenkins/slave/workspace/BHR4_Release_Build_FiOS1.3_PROD/output/bhr4/include -isystem /home/jenkins/slave/workspace/BHR4_Release_Build_FiOS1.3_PROD/output/bhr4/thirdparty-include -march=armv7-a -mcpu=cortex-a9 -mtune=cortex-a9 -mfpu=vfpv3-d16 -mfloat-abi=hard   -O2 -g   -I/home/jenkins/slave/workspace/BHR4_Release_Build_FiOS1.3_PROD/output/bhr4/include -isystem /home/jenkins/slave/workspace/BHR4_Release_Build_FiOS1.3_PROD/output/bhr4/thirdparty-include -march=armv7-a -mcpu=cortex-a9 -mtune=cortex-a9 -mfpu=vfpv3-d16 -mfloat-abi=hard   conftest.c >&5
configure:7434: $? = 0
configure:7434: result: yes
configure:7434: checking for unistd.h
configure:7434: arm-greenwave-linux-gnueabihf-gcc -c -O2 -g   -I/home/jenkins/slave/workspace/BHR4_Release_Build_FiOS1.3_PROD/output/bhr4/include -isystem /home/jenkins/slave/workspace/BHR4_Release_Build_FiOS1.3_PROD/output/bhr4/thirdparty-include -march=armv7-a -mcpu=cortex-a9 -mtune=cortex-a9 -mfpu=vfpv3-d16 -mfloat-abi=hard   -O2 -g   -I/home/jenkins/slave/workspace/BHR4_Release_Build_FiOS1.3_PROD/output/bhr4/include -isystem /home/jenkins/slave/workspace/BHR4_Release_Build_FiOS1.3_PROD/output/bhr4/thirdparty-include -march=armv7-a -mcpu=cortex-a9 -mtune=cortex-a9 -mfpu=vfpv3-d16 -mfloat-abi=hard   conftest.c >&5
configure:7434: $? = 0
configure:7434: result: yes
configure:7448: checking for dlfcn.h
configure:7448: arm-greenwave-linux-gnueabihf-gcc -c -O2 -g   -I/home/jenkins/slave/workspace/BHR4_Release_Build_FiOS1.3_PROD/output/bhr4/include -isystem /home/jenkins/slave/workspace/BHR4_Release_Build_FiOS1.3_PROD/output/bhr4/thirdparty-include -march=armv7-a -mcpu=cortex-a9 -mtune=cortex-a9 -mfpu=vfpv3-d16 -mfloat-abi=hard   -O2 -g   -I/home/jenkins/slave/workspace/BHR4_Release_Build_FiOS1.3_PROD/output/bhr4/include -isystem /home/jenkins/slave/workspace/BHR4_Release_Build_FiOS1.3_PROD/output/bhr4/thirdparty-include -march=armv7-a -mcpu=cortex-a9 -mtune=cortex-a9 -mfpu=vfpv3-d16 -mfloat-abi=hard   conftest.c >&5
configure:7448: $? = 0
configure:7448: result: yes
configure:7624: checking for objdir
configure:7639: result: .libs
configure:7910: checking if arm-greenwave-linux-gnueabihf-gcc supports -fno-rtti -fno-exceptions
configure:7928: arm-greenwave-linux-gnueabihf-gcc -c -O2 -g   -I/home/jenkins/slave/workspace/BHR4_Release_Build_FiOS1.3_PROD/output/bhr4/include -isystem /home/jenkins/slave/workspace/BHR4_Release_Build_FiOS1.3_PROD/output/bhr4/thirdparty-include -march=armv7-a -mcpu=cortex-a9 -mtune=cortex-a9 -mfpu=vfpv3-d16 -mfloat-abi=hard   -O2 -g   -I/home/jenkins/slave/workspace/BHR4_Release_Build_FiOS1.3_PROD/output/bhr4/include -isystem /home/jenkins/slave/workspace/BHR4_Release_Build_FiOS1.3_PROD/output/bhr4/thirdparty-include -march=armv7-a -mcpu=cortex-a9 -mtune=cortex-a9 -mfpu=vfpv3-d16 -mfloat-abi=hard   -fno-rtti -fno-exceptions conftest.c >&5
cc1: warning: command line option '-fno-rtti' is valid for C++/ObjC++ but not for C [enabled by default]
cc1: warning: command line option '-fno-rtti' is valid for C++/ObjC++ but not for C [enabled by default]
configure:7932: $? = 0
configure:7945: result: no
configure:8272: checking for arm-greenwave-linux-gnueabihf-gcc option to produce PIC
configure:8279: result: -fPIC -DPIC
configure:8287: checking if arm-greenwave-linux-gnueabihf-gcc PIC flag -fPIC -DPIC works
configure:8305: arm-greenwave-linux-gnueabihf-gcc -c -O2 -g   -I/home/jenkins/slave/workspace/BHR4_Release_Build_FiOS1.3_PROD/output/bhr4/include -isystem /home/jenkins/slave/workspace/BHR4_Release_Build_FiOS1.3_PROD/output/bhr4/thirdparty-include -march=armv7-a -mcpu=cortex-a9 -mtune=cortex-a9 -mfpu=vfpv3-d16 -mfloat-abi=hard   -O2 -g   -I/home/jenkins/slave/workspace/BHR4_Release_Build_FiOS1.3_PROD/output/bhr4/include -isystem /home/jenkins/slave/workspace/BHR4_Release_Build_FiOS1.3_PROD/output/bhr4/thirdparty-include -march=armv7-a -mcpu=cortex-a9 -mtune=cortex-a9 -mfpu=vfpv3-d16 -mfloat-abi=hard   -fPIC -DPIC -DPIC conftest.c >&5
configure:8309: $? = 0
configure:8322: result: yes
configure:8351: checking if arm-greenwave-linux-gnueabihf-gcc static flag -static works
configure:8379: result: yes
configure:8394: checking if arm-greenwave-linux-gnueabihf-gcc supports -c -o file.o
configure:8415: arm-greenwave-linux-gnueabihf-gcc -c -O2 -g   -I/home/jenkins/slave/workspace/BHR4_Release_Build_FiOS1.3_PROD/output/bhr4/include -isystem /home/jenkins/slave/workspace/BHR4_Release_Build_FiOS1.3_PROD/output/bhr4/thirdparty-include -march=armv7-a -mcpu=cortex-a9 -mtune=cortex-a9 -mfpu=vfpv3-d16 -mfloat-abi=hard   -O2 -g   -I/home/jenkins/slave/workspace/BHR4_Release_Build_FiOS1.3_PROD/output/bhr4/include -isystem /home/jenkins/slave/workspace/BHR4_Release_Build_FiOS1.3_PROD/output/bhr4/thirdparty-include -march=armv7-a -mcpu=cortex-a9 -mtune=cortex-a9 -mfpu=vfpv3-d16 -mfloat-abi=hard   -o out/conftest2.o conftest.c >&5
configure:8419: $? = 0
configure:8441: result: yes
configure:8449: checking if arm-greenwave-linux-gnueabihf-gcc supports -c -o file.o
configure:8496: result: yes
configure:8529: checking whether the arm-greenwave-linux-gnueabihf-gcc linker (/home/jenkins/slave/workspace/BHR4_Release_Build_FiOS1.3_PROD/output/toolchains/arm-cortex-a9_linaro-gcc47/arm-greenwave-linux-gnueabihf/bin/ld) supports shared libraries
configure:9686: result: yes
configure:9723: checking whether -lc should be explicitly linked in
configure:9731: arm-greenwave-linux-gnueabihf-gcc -c -O2 -g   -I/home/jenkins/slave/workspace/BHR4_Release_Build_FiOS1.3_PROD/output/bhr4/include -isystem /home/jenkins/slave/workspace/BHR4_Release_Build_FiOS1.3_PROD/output/bhr4/thirdparty-include -march=armv7-a -mcpu=cortex-a9 -mtune=cortex-a9 -mfpu=vfpv3-d16 -mfloat-abi=hard   -O2 -g   -I/home/jenkins/slave/workspace/BHR4_Release_Build_FiOS1.3_PROD/output/bhr4/include -isystem /home/jenkins/slave/workspace/BHR4_Release_Build_FiOS1.3_PROD/output/bhr4/thirdparty-include -march=armv7-a -mcpu=cortex-a9 -mtune=cortex-a9 -mfpu=vfpv3-d16 -mfloat-abi=hard   conftest.c >&5
configure:9734: $? = 0
configure:9749: arm-greenwave-linux-gnueabihf-gcc -shared  -fPIC -DPIC conftest.o  -v -Wl,-soname -Wl,conftest -o conftest 2\>\&1 \| /bin/grep  -lc  \>/dev/null 2\>\&1
configure:9752: $? = 0
configure:9766: result: no
configure:9926: checking dynamic linker characteristics
configure:10426: arm-greenwave-linux-gnueabihf-gcc -o conftest -O2 -g   -I/home/jenkins/slave/workspace/BHR4_Release_Build_FiOS1.3_PROD/output/bhr4/include -isystem /home/jenkins/slave/workspace/BHR4_Release_Build_FiOS1.3_PROD/output/bhr4/thirdparty-include -march=armv7-a -mcpu=cortex-a9 -mtune=cortex-a9 -mfpu=vfpv3-d16 -mfloat-abi=hard   -O2 -g   -I/home/jenkins/slave/workspace/BHR4_Release_Build_FiOS1.3_PROD/output/bhr4/include -isystem /home/jenkins/slave/workspace/BHR4_Release_Build_FiOS1.3_PROD/output/bhr4/thirdparty-include -march=armv7-a -mcpu=cortex-a9 -mtune=cortex-a9 -mfpu=vfpv3-d16 -mfloat-abi=hard   -L/home/jenkins/slave/workspace/BHR4_Release_Build_FiOS1.3_PROD/output/bhr4/lib -Wl,-O1 -Wl,--as-needed  -Wl,-rpath -Wl,/foo conftest.c -Wl,-rpath-link=/home/jenkins/slave/workspace/BHR4_Release_Build_FiOS1.3_PROD/output/bhr4/lib -Wl,-L/home/jenkins/slave/workspace/BHR4_Release_Build_FiOS1.3_PROD/output/bhr4/lib  >&5
configure:10426: $? = 0
configure:10660: result: GNU/Linux ld.so
configure:10767: checking how to hardcode library paths into programs
configure:10792: result: immediate
configure:11332: checking whether stripping libraries is possible
configure:11337: result: yes
configure:11372: checking if libtool supports shared libraries
configure:11374: result: yes
configure:11377: checking whether to build shared libraries
configure:11398: result: yes
configure:11401: checking whether to build static libraries
configure:11405: result: no
configure:11451: checking whether compiler accepts -fvisibility=hidden
configure:11460: arm-greenwave-linux-gnueabihf-gcc -c -O2 -g   -I/home/jenkins/slave/workspace/BHR4_Release_Build_FiOS1.3_PROD/output/bhr4/include -isystem /home/jenkins/slave/workspace/BHR4_Release_Build_FiOS1.3_PROD/output/bhr4/thirdparty-include -march=armv7-a -mcpu=cortex-a9 -mtune=cortex-a9 -mfpu=vfpv3-d16 -mfloat-abi=hard   -fvisibility=hidden -O2 -g   -I/home/jenkins/slave/workspace/BHR4_Release_Build_FiOS1.3_PROD/output/bhr4/include -isystem /home/jenkins/slave/workspace/BHR4_Release_Build_FiOS1.3_PROD/output/bhr4/thirdparty-include -march=armv7-a -mcpu=cortex-a9 -mtune=cortex-a9 -mfpu=vfpv3-d16 -mfloat-abi=hard   conftest.c >&5
configure:11460: $? = 0
configure:11468: result: yes
configure:11628: creating ./config.status

## ---------------------- ##
## Running config.status. ##
## ---------------------- ##

This file was extended by libmnl config.status 1.0.3, which was
generated by GNU Autoconf 2.69.  Invocation command line was

  CONFIG_FILES    = 
  CONFIG_HEADERS  = 
  CONFIG_LINKS    = 
  CONFIG_COMMANDS = 
  $ ./config.status 

on sbuild2

config.status:1094: creating Makefile
config.status:1094: creating src/Makefile
config.status:1094: creating include/Makefile
config.status:1094: creating include/libmnl/Makefile
config.status:1094: creating include/linux/Makefile
config.status:1094: creating examples/Makefile
config.status:1094: creating examples/genl/Makefile
config.status:1094: creating examples/netfilter/Makefile
config.status:1094: creating examples/rtnl/Makefile
config.status:1094: creating libmnl.pc
config.status:1094: creating doxygen.cfg
config.status:1094: creating config.h
config.status:1323: executing depfiles commands
config.status:1323: executing libtool commands

## ---------------- ##
## Cache variables. ##
## ---------------- ##

ac_cv_build=x86_64-unknown-linux-gnu
ac_cv_c_compiler_gnu=yes
ac_cv_env_CC_set=set
ac_cv_env_CC_value=arm-greenwave-linux-gnueabihf-gcc
ac_cv_env_CFLAGS_set=set
ac_cv_env_CFLAGS_value='-O2 -g   -I/home/jenkins/slave/workspace/BHR4_Release_Build_FiOS1.3_PROD/output/bhr4/include -isystem /home/jenkins/slave/workspace/BHR4_Release_Build_FiOS1.3_PROD/output/bhr4/thirdparty-include -march=armv7-a -mcpu=cortex-a9 -mtune=cortex-a9 -mfpu=vfpv3-d16 -mfloat-abi=hard  '
ac_cv_env_CPPFLAGS_set=set
ac_cv_env_CPPFLAGS_value='-O2 -g   -I/home/jenkins/slave/workspace/BHR4_Release_Build_FiOS1.3_PROD/output/bhr4/include -isystem /home/jenkins/slave/workspace/BHR4_Release_Build_FiOS1.3_PROD/output/bhr4/thirdparty-include -march=armv7-a -mcpu=cortex-a9 -mtune=cortex-a9 -mfpu=vfpv3-d16 -mfloat-abi=hard  '
ac_cv_env_CPP_set=
ac_cv_env_CPP_value=
ac_cv_env_LDFLAGS_set=set
ac_cv_env_LDFLAGS_value='-L/home/jenkins/slave/workspace/BHR4_Release_Build_FiOS1.3_PROD/output/bhr4/lib -Wl,-O1 -Wl,--as-needed '
ac_cv_env_LIBS_set=set
ac_cv_env_LIBS_value='-Wl,-rpath-link=/home/jenkins/slave/workspace/BHR4_Release_Build_FiOS1.3_PROD/output/bhr4/lib -Wl,-L/home/jenkins/slave/workspace/BHR4_Release_Build_FiOS1.3_PROD/output/bhr4/lib '
ac_cv_env_build_alias_set=
ac_cv_env_build_alias_value=
ac_cv_env_host_alias_set=set
ac_cv_env_host_alias_value=arm-greenwave-linux-gnueabihf
ac_cv_env_target_alias_set=set
ac_cv_env_target_alias_value=arm-greenwave-linux-gnueabihf
ac_cv_fvisibility_hidden=yes
ac_cv_header_dlfcn_h=yes
ac_cv_header_inttypes_h=yes
ac_cv_header_memory_h=yes
ac_cv_header_stdc=yes
ac_cv_header_stdint_h=yes
ac_cv_header_stdlib_h=yes
ac_cv_header_string_h=yes
ac_cv_header_strings_h=yes
ac_cv_header_sys_stat_h=yes
ac_cv_header_sys_types_h=yes
ac_cv_header_unistd_h=yes
ac_cv_host=arm-greenwave-linux-gnueabihf
ac_cv_objext=o
ac_cv_path_EGREP='/bin/grep -E'
ac_cv_path_FGREP='/bin/grep -F'
ac_cv_path_GREP=/bin/grep
ac_cv_path_SED=/bin/sed
ac_cv_path_install='/usr/bin/install -c'
ac_cv_path_mkdir=/bin/mkdir
ac_cv_prog_AR=arm-greenwave-linux-gnueabihf-ar
ac_cv_prog_AWK=gawk
ac_cv_prog_CC=arm-greenwave-linux-gnueabihf-gcc
ac_cv_prog_CPP='arm-greenwave-linux-gnueabihf-gcc -E'
ac_cv_prog_OBJDUMP=arm-greenwave-linux-gnueabihf-objdump
ac_cv_prog_RANLIB=arm-greenwave-linux-gnueabihf-ranlib
ac_cv_prog_STRIP=arm-greenwave-linux-gnueabihf-strip
ac_cv_prog_ac_ct_MANIFEST_TOOL=mt
ac_cv_prog_cc_arm_greenwave_linux_gnueabihf_gcc_c_o=yes
ac_cv_prog_cc_c89=
ac_cv_prog_cc_g=yes
ac_cv_prog_make_make_set=yes
am_cv_CC_dependencies_compiler_type=gcc3
am_cv_make_support_nested_variables=yes
am_cv_prog_tar_pax=gnutar
lt_cv_ar_at_file=@
lt_cv_archive_cmds_need_lc=no
lt_cv_deplibs_check_method=pass_all
lt_cv_file_magic_cmd='$MAGIC_CMD'
lt_cv_file_magic_test_file=
lt_cv_ld_reload_flag=-r
lt_cv_nm_interface='BSD nm'
lt_cv_objdir=.libs
lt_cv_path_LD=/home/jenkins/slave/workspace/BHR4_Release_Build_FiOS1.3_PROD/output/toolchains/arm-cortex-a9_linaro-gcc47/arm-greenwave-linux-gnueabihf/bin/ld
lt_cv_path_NM='/home/jenkins/slave/workspace/BHR4_Release_Build_FiOS1.3_PROD/output/toolchains/arm-cortex-a9_linaro-gcc47/bin/arm-greenwave-linux-gnueabihf-nm -B'
lt_cv_path_mainfest_tool=no
lt_cv_prog_compiler_c_o=yes
lt_cv_prog_compiler_pic='-fPIC -DPIC'
lt_cv_prog_compiler_pic_works=yes
lt_cv_prog_compiler_rtti_exceptions=no
lt_cv_prog_compiler_static_works=yes
lt_cv_prog_gnu_ld=yes
lt_cv_sharedlib_from_linklib_cmd='printf %s\n'
lt_cv_shlibpath_overrides_runpath=no
lt_cv_sys_global_symbol_pipe='sed -n -e '\''s/^.*[	 ]\([ABCDGIRSTW][ABCDGIRSTW]*\)[	 ][	 ]*\([_A-Za-z][_A-Za-z0-9]*\)$/\1 \2 \2/p'\'' | sed '\''/ __gnu_lto/d'\'''
lt_cv_sys_global_symbol_to_c_name_address='sed -n -e '\''s/^: \([^ ]*\)[ ]*$/  {\"\1\", (void *) 0},/p'\'' -e '\''s/^[ABCDGIRSTW]* \([^ ]*\) \([^ ]*\)$/  {"\2", (void *) \&\2},/p'\'''
lt_cv_sys_global_symbol_to_c_name_address_lib_prefix='sed -n -e '\''s/^: \([^ ]*\)[ ]*$/  {\"\1\", (void *) 0},/p'\'' -e '\''s/^[ABCDGIRSTW]* \([^ ]*\) \(lib[^ ]*\)$/  {"\2", (void *) \&\2},/p'\'' -e '\''s/^[ABCDGIRSTW]* \([^ ]*\) \([^ ]*\)$/  {"lib\2", (void *) \&\2},/p'\'''
lt_cv_sys_global_symbol_to_cdecl='sed -n -e '\''s/^T .* \(.*\)$/extern int \1();/p'\'' -e '\''s/^[ABCDGIRSTW]* .* \(.*\)$/extern char \1;/p'\'''
lt_cv_sys_max_cmd_len=3458764513820540925
lt_cv_to_host_file_cmd=func_convert_file_noop
lt_cv_to_tool_file_cmd=func_convert_file_noop

## ----------------- ##
## Output variables. ##
## ----------------- ##

ACLOCAL='${SHELL} /home/jenkins/slave/workspace/BHR4_Release_Build_FiOS1.3_PROD/output/bhr4/libmnl-1.0.3/build-aux/missing --run aclocal-1.11'
AMDEPBACKSLASH='\'
AMDEP_FALSE='#'
AMDEP_TRUE=''
AMTAR='$${TAR-tar}'
AM_BACKSLASH='\'
AM_DEFAULT_V='$(AM_DEFAULT_VERBOSITY)'
AM_DEFAULT_VERBOSITY='0'
AM_V='$(V)'
AR='arm-greenwave-linux-gnueabihf-ar'
AUTOCONF='${SHELL} /home/jenkins/slave/workspace/BHR4_Release_Build_FiOS1.3_PROD/output/bhr4/libmnl-1.0.3/build-aux/missing --run autoconf'
AUTOHEADER='${SHELL} /home/jenkins/slave/workspace/BHR4_Release_Build_FiOS1.3_PROD/output/bhr4/libmnl-1.0.3/build-aux/missing --run autoheader'
AUTOMAKE='${SHELL} /home/jenkins/slave/workspace/BHR4_Release_Build_FiOS1.3_PROD/output/bhr4/libmnl-1.0.3/build-aux/missing --run automake-1.11'
AWK='gawk'
CC='arm-greenwave-linux-gnueabihf-gcc'
CCDEPMODE='depmode=gcc3'
CFLAGS='-O2 -g   -I/home/jenkins/slave/workspace/BHR4_Release_Build_FiOS1.3_PROD/output/bhr4/include -isystem /home/jenkins/slave/workspace/BHR4_Release_Build_FiOS1.3_PROD/output/bhr4/thirdparty-include -march=armv7-a -mcpu=cortex-a9 -mtune=cortex-a9 -mfpu=vfpv3-d16 -mfloat-abi=hard  '
CPP='arm-greenwave-linux-gnueabihf-gcc -E'
CPPFLAGS='-O2 -g   -I/home/jenkins/slave/workspace/BHR4_Release_Build_FiOS1.3_PROD/output/bhr4/include -isystem /home/jenkins/slave/workspace/BHR4_Release_Build_FiOS1.3_PROD/output/bhr4/thirdparty-include -march=armv7-a -mcpu=cortex-a9 -mtune=cortex-a9 -mfpu=vfpv3-d16 -mfloat-abi=hard  '
CYGPATH_W='echo'
DEFS='-DHAVE_CONFIG_H'
DEPDIR='.deps'
DLLTOOL='false'
DSYMUTIL=''
DUMPBIN=''
ECHO_C=''
ECHO_N='-n'
ECHO_T=''
EGREP='/bin/grep -E'
EXEEXT=''
FGREP='/bin/grep -F'
GCC_FVISIBILITY_HIDDEN='-fvisibility=hidden'
GREP='/bin/grep'
INSTALL_DATA='${INSTALL} -m 644'
INSTALL_PROGRAM='${INSTALL}'
INSTALL_SCRIPT='${INSTALL}'
INSTALL_STRIP_PROGRAM='$(install_sh) -c -s'
LD='/home/jenkins/slave/workspace/BHR4_Release_Build_FiOS1.3_PROD/output/toolchains/arm-cortex-a9_linaro-gcc47/arm-greenwave-linux-gnueabihf/bin/ld'
LDFLAGS='-L/home/jenkins/slave/workspace/BHR4_Release_Build_FiOS1.3_PROD/output/bhr4/lib -Wl,-O1 -Wl,--as-needed '
LIBOBJS=''
LIBS='-Wl,-rpath-link=/home/jenkins/slave/workspace/BHR4_Release_Build_FiOS1.3_PROD/output/bhr4/lib -Wl,-L/home/jenkins/slave/workspace/BHR4_Release_Build_FiOS1.3_PROD/output/bhr4/lib '
LIBTOOL='$(SHELL) $(top_builddir)/libtool'
LIPO=''
LN_S='ln -s'
LTLIBOBJS=''
MAKEINFO='${SHELL} /home/jenkins/slave/workspace/BHR4_Release_Build_FiOS1.3_PROD/output/bhr4/libmnl-1.0.3/build-aux/missing --run makeinfo'
MANIFEST_TOOL=':'
MKDIR_P='/bin/mkdir -p'
NM='/home/jenkins/slave/workspace/BHR4_Release_Build_FiOS1.3_PROD/output/toolchains/arm-cortex-a9_linaro-gcc47/bin/arm-greenwave-linux-gnueabihf-nm -B'
NMEDIT=''
OBJDUMP='arm-greenwave-linux-gnueabihf-objdump'
OBJEXT='o'
OTOOL64=''
OTOOL=''
PACKAGE='libmnl'
PACKAGE_BUGREPORT=''
PACKAGE_NAME='libmnl'
PACKAGE_STRING='libmnl 1.0.3'
PACKAGE_TARNAME='libmnl'
PACKAGE_URL=''
PACKAGE_VERSION='1.0.3'
PATH_SEPARATOR=':'
RANLIB='arm-greenwave-linux-gnueabihf-ranlib'
SED='/bin/sed'
SET_MAKE=''
SHELL='/bin/bash'
STRIP='arm-greenwave-linux-gnueabihf-strip'
VERSION='1.0.3'
ac_ct_AR=''
ac_ct_CC=''
ac_ct_DUMPBIN=''
am__EXEEXT_FALSE=''
am__EXEEXT_TRUE='#'
am__fastdepCC_FALSE='#'
am__fastdepCC_TRUE=''
am__include='include'
am__isrc=''
am__leading_dot='.'
am__nodep='_no'
am__quote=''
am__tar='tar --format=posix -chf - "$$tardir"'
am__untar='tar -xf -'
bindir='${exec_prefix}/bin'
build='x86_64-unknown-linux-gnu'
build_alias=''
build_cpu='x86_64'
build_os='linux-gnu'
build_vendor='unknown'
datadir='${datarootdir}'
datarootdir='${prefix}/share'
docdir='${datarootdir}/doc/${PACKAGE_TARNAME}'
dvidir='${docdir}'
exec_prefix='${prefix}'
host='arm-greenwave-linux-gnueabihf'
host_alias='arm-greenwave-linux-gnueabihf'
host_cpu='arm'
host_os='linux-gnueabihf'
host_vendor='greenwave'
htmldir='${docdir}'
includedir='${prefix}/include'
infodir='${datarootdir}/info'
install_sh='${SHELL} /home/jenkins/slave/workspace/BHR4_Release_Build_FiOS1.3_PROD/output/bhr4/libmnl-1.0.3/build-aux/install-sh'
libdir='${exec_prefix}/lib'
libexecdir='${exec_prefix}/libexec'
localedir='${datarootdir}/locale'
localstatedir='${prefix}/var'
mandir='${datarootdir}/man'
mkdir_p='/bin/mkdir -p'
oldincludedir='/usr/include'
pdfdir='${docdir}'
prefix=''
program_transform_name='s,x,x,'
psdir='${docdir}'
regular_CFLAGS='-Wall -Waggregate-return -Wmissing-declarations 	-Wmissing-prototypes -Wshadow -Wstrict-prototypes 	-Wformat=2 -pipe'
regular_CPPFLAGS='-D_FILE_OFFSET_BITS=64 -D_REENTRANT'
sbindir='${exec_prefix}/sbin'
sharedstatedir='${prefix}/com'
sysconfdir='${prefix}/etc'
target_alias='arm-greenwave-linux-gnueabihf'

## ----------- ##
## confdefs.h. ##
## ----------- ##

/* confdefs.h */
#define PACKAGE_NAME "libmnl"
#define PACKAGE_TARNAME "libmnl"
#define PACKAGE_VERSION "1.0.3"
#define PACKAGE_STRING "libmnl 1.0.3"
#define PACKAGE_BUGREPORT ""
#define PACKAGE_URL ""
#define PACKAGE "libmnl"
#define VERSION "1.0.3"
#define STDC_HEADERS 1
#define HAVE_SYS_TYPES_H 1
#define HAVE_SYS_STAT_H 1
#define HAVE_STDLIB_H 1
#define HAVE_STRING_H 1
#define HAVE_MEMORY_H 1
#define HAVE_STRINGS_H 1
#define HAVE_INTTYPES_H 1
#define HAVE_STDINT_H 1
#define HAVE_UNISTD_H 1
#define HAVE_DLFCN_H 1
#define LT_OBJDIR ".libs/"
#define HAVE_VISIBILITY_HIDDEN 1

configure: exit 0
