This file contains any messages produced by compilers while
running configure, to aid debugging if configure makes a mistake.

It was created by libnetfilter_acct configure 1.0.2, which was
generated by GNU Autoconf 2.69.  Invocation command line was

  $ ./configure --host=arm-greenwave-linux-gnueabihf --target=arm-greenwave-linux-gnueabihf --prefix=

## --------- ##
## Platform. ##
## --------- ##

hostname = sbuild2
uname -m = x86_64
uname -r = 3.19.0-31-generic
uname -s = Linux
uname -v = #36~14.04.1-Ubuntu SMP Thu Oct 8 10:21:08 UTC 2015

/usr/bin/uname -p = unknown
/bin/uname -X     = unknown

/bin/arch              = unknown
/usr/bin/arch -k       = unknown
/usr/convex/getsysinfo = unknown
/usr/bin/hostinfo      = unknown
/bin/machine           = unknown
/usr/bin/oslevel       = unknown
/bin/universe          = unknown

PATH: /home/jenkins/slave/workspace/BHR4_Release_Build_FiOS1.3_PROD/output/toolchains/arm-cortex-a9_linaro-gcc47/ccache
PATH: /home/jenkins/slave/workspace/BHR4_Release_Build_FiOS1.3_PROD/output/toolchains/arm-cortex-a9_linaro-gcc47/bin
PATH: /home/jenkins/slave/workspace/BHR4_Release_Build_FiOS1.3_PROD/output/bhr4/host_tools/bin
PATH: /home/jenkins/slave/workspace/BHR4_Release_Build_FiOS1.3_PROD/output/toolchains/arm-cortex-a9_linaro-gcc47/ccache
PATH: /home/jenkins/slave/workspace/BHR4_Release_Build_FiOS1.3_PROD/output/toolchains/arm-cortex-a9_linaro-gcc47/bin
PATH: /home/jenkins/slave/workspace/BHR4_Release_Build_FiOS1.3_PROD/output/bhr4/host_tools/bin
PATH: /home/jenkins/slave/workspace/BHR4_Release_Build_FiOS1.3_PROD/output/toolchains/arm-cortex-a9_linaro-gcc47/ccache
PATH: /home/jenkins/slave/workspace/BHR4_Release_Build_FiOS1.3_PROD/output/toolchains/arm-cortex-a9_linaro-gcc47/bin
PATH: /home/jenkins/slave/workspace/BHR4_Release_Build_FiOS1.3_PROD/output/bhr4/host_tools/bin
PATH: /usr/lib/ccache
PATH: /usr/local/sbin
PATH: /usr/local/bin
PATH: /usr/sbin
PATH: /usr/bin
PATH: /sbin
PATH: /bin
PATH: /usr/games
PATH: /usr/local/games
PATH: /home/jenkins/slave/workspace/BHR4_Release_Build_FiOS1.3_PROD/tools/bin
PATH: /home/jenkins/slave/workspace/BHR4_Release_Build_FiOS1.3_PROD/output/bhr4/host_tools/bin


## ----------- ##
## Core tests. ##
## ----------- ##

configure:2163: checking build system type
configure:2177: result: x86_64-unknown-linux-gnu
configure:2197: checking host system type
configure:2210: result: arm-greenwave-linux-gnueabihf
configure:2250: checking for a BSD-compatible install
configure:2318: result: /usr/bin/install -c
configure:2329: checking whether build environment is sane
configure:2379: result: yes
configure:2428: checking for arm-greenwave-linux-gnueabihf-strip
configure:2444: found /home/jenkins/slave/workspace/BHR4_Release_Build_FiOS1.3_PROD/output/toolchains/arm-cortex-a9_linaro-gcc47/bin/arm-greenwave-linux-gnueabihf-strip
configure:2455: result: arm-greenwave-linux-gnueabihf-strip
configure:2520: checking for a thread-safe mkdir -p
configure:2559: result: /bin/mkdir -p
configure:2572: checking for gawk
configure:2588: found /usr/bin/gawk
configure:2599: result: gawk
configure:2610: checking whether make sets $(MAKE)
configure:2632: result: yes
configure:2707: checking how to create a pax tar archive
configure:2720: tar --version
tar (GNU tar) 1.27.1
Copyright (C) 2013 Free Software Foundation, Inc.
License GPLv3+: GNU GPL version 3 or later <http://gnu.org/licenses/gpl.html>.
This is free software: you are free to change and redistribute it.
There is NO WARRANTY, to the extent permitted by law.

Written by John Gilmore and Jay Fenlason.
configure:2723: $? = 0
configure:2763: tardir=conftest.dir && eval tar --format=posix -chf - "$tardir" >conftest.tar
configure:2766: $? = 0
configure:2770: tar -xf - <conftest.tar
configure:2773: $? = 0
configure:2786: result: gnutar
configure:2805: checking for style of include used by make
configure:2833: result: GNU
configure:2864: checking for arm-greenwave-linux-gnueabihf-gcc
configure:2891: result: arm-greenwave-linux-gnueabihf-gcc
configure:3160: checking for C compiler version
configure:3169: arm-greenwave-linux-gnueabihf-gcc --version >&5
arm-greenwave-linux-gnueabihf-gcc (crosstool-NG 1.19.0 - Linaro gcc 4.7-2013.12) 4.7.4 20131207 (prerelease)
Copyright (C) 2012 Free Software Foundation, Inc.
This is free software; see the source for copying conditions.  There is NO
warranty; not even for MERCHANTABILITY or FITNESS FOR A PARTICULAR PURPOSE.

configure:3180: $? = 0
configure:3169: arm-greenwave-linux-gnueabihf-gcc -v >&5
Using built-in specs.
COLLECT_GCC=/home/jenkins/slave/workspace/BHR4_Release_Build_FiOS1.3_PROD/output/toolchains/arm-cortex-a9_linaro-gcc47/bin/arm-greenwave-linux-gnueabihf-gcc
COLLECT_LTO_WRAPPER=/home/jenkins/slave/workspace/BHR4_Release_Build_FiOS1.3_PROD/output/toolchains/arm-cortex-a9_linaro-gcc47/libexec/gcc/arm-greenwave-linux-gnueabihf/4.7.4/lto-wrapper
Target: arm-greenwave-linux-gnueabihf
Configured with: /home/jenkins/slave/workspace/BHR4_Release_Build_FiOS1.3_PROD/output/toolchains/build/arm-cortex-a9_linaro-gcc47/crosstool-ng-1.19.0/targets/src/gcc-linaro-4.7-2013.12/configure --build=x86_64-build_unknown-linux-gnu --host=x86_64-build_unknown-linux-gnu --target=arm-greenwave-linux-gnueabihf --prefix=/home/jenkins/slave/workspace/BHR4_Release_Build_FiOS1.3_PROD/output/toolchains/arm-cortex-a9_linaro-gcc47 --with-sysroot=/home/jenkins/slave/workspace/BHR4_Release_Build_FiOS1.3_PROD/output/toolchains/arm-cortex-a9_linaro-gcc47/arm-greenwave-linux-gnueabihf/sysroot --enable-languages=c,c++ --with-arch=armv7-a --with-cpu=cortex-a9 --with-tune=cortex-a9 --with-fpu=vfpv3-d16 --with-float=hard --with-pkgversion='crosstool-NG 1.19.0 - Linaro gcc 4.7-2013.12' --with-bugurl=kongen@greenwavereality.com --disable-sjlj-exceptions --enable-__cxa_atexit --disable-libmudflap --disable-libgomp --disable-libssp --disable-libquadmath --disable-libquadmath-support --with-gmp=/home/jenkins/slave/workspace/BHR4_Release_Build_FiOS1.3_PROD/output/toolchains/build/arm-cortex-a9_linaro-gcc47/crosstool-ng-1.19.0/targets/arm-greenwave-linux-gnueabihf/buildtools --with-mpfr=/home/jenkins/slave/workspace/BHR4_Release_Build_FiOS1.3_PROD/output/toolchains/build/arm-cortex-a9_linaro-gcc47/crosstool-ng-1.19.0/targets/arm-greenwave-linux-gnueabihf/buildtools --with-mpc=/home/jenkins/slave/workspace/BHR4_Release_Build_FiOS1.3_PROD/output/toolchains/build/arm-cortex-a9_linaro-gcc47/crosstool-ng-1.19.0/targets/arm-greenwave-linux-gnueabihf/buildtools --with-ppl=no --with-isl=no --with-cloog=no --with-libelf=no --enable-threads=posix --with-long-double-128 --enable-linker-build-id --with-linker-hash-style=gnu --enable-plugin --enable-gold --disable-nls --disable-multilib --with-local-prefix=/home/jenkins/slave/workspace/BHR4_Release_Build_FiOS1.3_PROD/output/toolchains/arm-cortex-a9_linaro-gcc47/arm-greenwave-linux-gnueabihf/sysroot --enable-c99 --enable-long-long --with-mode=thumb
Thread model: posix
gcc version 4.7.4 20131207 (prerelease) (crosstool-NG 1.19.0 - Linaro gcc 4.7-2013.12) 
configure:3180: $? = 0
configure:3169: arm-greenwave-linux-gnueabihf-gcc -V >&5
arm-greenwave-linux-gnueabihf-gcc: error: unrecognized command line option '-V'
arm-greenwave-linux-gnueabihf-gcc: fatal error: no input files
compilation terminated.
configure:3180: $? = 1
configure:3169: arm-greenwave-linux-gnueabihf-gcc -qversion >&5
arm-greenwave-linux-gnueabihf-gcc: error: unrecognized command line option '-qversion'
arm-greenwave-linux-gnueabihf-gcc: fatal error: no input files
compilation terminated.
configure:3180: $? = 1
configure:3200: checking whether the C compiler works
configure:3222: arm-greenwave-linux-gnueabihf-gcc -O2 -g   -I/home/jenkins/slave/workspace/BHR4_Release_Build_FiOS1.3_PROD/output/bhr4/include -isystem /home/jenkins/slave/workspace/BHR4_Release_Build_FiOS1.3_PROD/output/bhr4/thirdparty-include -march=armv7-a -mcpu=cortex-a9 -mtune=cortex-a9 -mfpu=vfpv3-d16 -mfloat-abi=hard   -O2 -g   -I/home/jenkins/slave/workspace/BHR4_Release_Build_FiOS1.3_PROD/output/bhr4/include -isystem /home/jenkins/slave/workspace/BHR4_Release_Build_FiOS1.3_PROD/output/bhr4/thirdparty-include -march=armv7-a -mcpu=cortex-a9 -mtune=cortex-a9 -mfpu=vfpv3-d16 -mfloat-abi=hard   -L/home/jenkins/slave/workspace/BHR4_Release_Build_FiOS1.3_PROD/output/bhr4/lib -Wl,-O1 -Wl,--as-needed  conftest.c -Wl,-rpath-link=/home/jenkins/slave/workspace/BHR4_Release_Build_FiOS1.3_PROD/output/bhr4/lib -Wl,-L/home/jenkins/slave/workspace/BHR4_Release_Build_FiOS1.3_PROD/output/bhr4/lib  >&5
configure:3226: $? = 0
configure:3274: result: yes
configure:3277: checking for C compiler default output file name
configure:3279: result: a.out
configure:3285: checking for suffix of executables
configure:3292: arm-greenwave-linux-gnueabihf-gcc -o conftest -O2 -g   -I/home/jenkins/slave/workspace/BHR4_Release_Build_FiOS1.3_PROD/output/bhr4/include -isystem /home/jenkins/slave/workspace/BHR4_Release_Build_FiOS1.3_PROD/output/bhr4/thirdparty-include -march=armv7-a -mcpu=cortex-a9 -mtune=cortex-a9 -mfpu=vfpv3-d16 -mfloat-abi=hard   -O2 -g   -I/home/jenkins/slave/workspace/BHR4_Release_Build_FiOS1.3_PROD/output/bhr4/include -isystem /home/jenkins/slave/workspace/BHR4_Release_Build_FiOS1.3_PROD/output/bhr4/thirdparty-include -march=armv7-a -mcpu=cortex-a9 -mtune=cortex-a9 -mfpu=vfpv3-d16 -mfloat-abi=hard   -L/home/jenkins/slave/workspace/BHR4_Release_Build_FiOS1.3_PROD/output/bhr4/lib -Wl,-O1 -Wl,--as-needed  conftest.c -Wl,-rpath-link=/home/jenkins/slave/workspace/BHR4_Release_Build_FiOS1.3_PROD/output/bhr4/lib -Wl,-L/home/jenkins/slave/workspace/BHR4_Release_Build_FiOS1.3_PROD/output/bhr4/lib  >&5
configure:3296: $? = 0
configure:3318: result: 
configure:3340: checking whether we are cross compiling
configure:3348: arm-greenwave-linux-gnueabihf-gcc -o conftest -O2 -g   -I/home/jenkins/slave/workspace/BHR4_Release_Build_FiOS1.3_PROD/output/bhr4/include -isystem /home/jenkins/slave/workspace/BHR4_Release_Build_FiOS1.3_PROD/output/bhr4/thirdparty-include -march=armv7-a -mcpu=cortex-a9 -mtune=cortex-a9 -mfpu=vfpv3-d16 -mfloat-abi=hard   -O2 -g   -I/home/jenkins/slave/workspace/BHR4_Release_Build_FiOS1.3_PROD/output/bhr4/include -isystem /home/jenkins/slave/workspace/BHR4_Release_Build_FiOS1.3_PROD/output/bhr4/thirdparty-include -march=armv7-a -mcpu=cortex-a9 -mtune=cortex-a9 -mfpu=vfpv3-d16 -mfloat-abi=hard   -L/home/jenkins/slave/workspace/BHR4_Release_Build_FiOS1.3_PROD/output/bhr4/lib -Wl,-O1 -Wl,--as-needed  conftest.c -Wl,-rpath-link=/home/jenkins/slave/workspace/BHR4_Release_Build_FiOS1.3_PROD/output/bhr4/lib -Wl,-L/home/jenkins/slave/workspace/BHR4_Release_Build_FiOS1.3_PROD/output/bhr4/lib  >&5
configure:3352: $? = 0
configure:3359: ./conftest
./configure: line 3361: ./conftest: cannot execute binary file: Exec format error
configure:3363: $? = 126
configure:3378: result: yes
configure:3383: checking for suffix of object files
configure:3405: arm-greenwave-linux-gnueabihf-gcc -c -O2 -g   -I/home/jenkins/slave/workspace/BHR4_Release_Build_FiOS1.3_PROD/output/bhr4/include -isystem /home/jenkins/slave/workspace/BHR4_Release_Build_FiOS1.3_PROD/output/bhr4/thirdparty-include -march=armv7-a -mcpu=cortex-a9 -mtune=cortex-a9 -mfpu=vfpv3-d16 -mfloat-abi=hard   -O2 -g   -I/home/jenkins/slave/workspace/BHR4_Release_Build_FiOS1.3_PROD/output/bhr4/include -isystem /home/jenkins/slave/workspace/BHR4_Release_Build_FiOS1.3_PROD/output/bhr4/thirdparty-include -march=armv7-a -mcpu=cortex-a9 -mtune=cortex-a9 -mfpu=vfpv3-d16 -mfloat-abi=hard   conftest.c >&5
configure:3409: $? = 0
configure:3430: result: o
configure:3434: checking whether we are using the GNU C compiler
configure:3453: arm-greenwave-linux-gnueabihf-gcc -c -O2 -g   -I/home/jenkins/slave/workspace/BHR4_Release_Build_FiOS1.3_PROD/output/bhr4/include -isystem /home/jenkins/slave/workspace/BHR4_Release_Build_FiOS1.3_PROD/output/bhr4/thirdparty-include -march=armv7-a -mcpu=cortex-a9 -mtune=cortex-a9 -mfpu=vfpv3-d16 -mfloat-abi=hard   -O2 -g   -I/home/jenkins/slave/workspace/BHR4_Release_Build_FiOS1.3_PROD/output/bhr4/include -isystem /home/jenkins/slave/workspace/BHR4_Release_Build_FiOS1.3_PROD/output/bhr4/thirdparty-include -march=armv7-a -mcpu=cortex-a9 -mtune=cortex-a9 -mfpu=vfpv3-d16 -mfloat-abi=hard   conftest.c >&5
configure:3453: $? = 0
configure:3462: result: yes
configure:3471: checking whether arm-greenwave-linux-gnueabihf-gcc accepts -g
configure:3491: arm-greenwave-linux-gnueabihf-gcc -c -g -O2 -g   -I/home/jenkins/slave/workspace/BHR4_Release_Build_FiOS1.3_PROD/output/bhr4/include -isystem /home/jenkins/slave/workspace/BHR4_Release_Build_FiOS1.3_PROD/output/bhr4/thirdparty-include -march=armv7-a -mcpu=cortex-a9 -mtune=cortex-a9 -mfpu=vfpv3-d16 -mfloat-abi=hard   conftest.c >&5
configure:3491: $? = 0
configure:3532: result: yes
configure:3549: checking for arm-greenwave-linux-gnueabihf-gcc option to accept ISO C89
configure:3612: arm-greenwave-linux-gnueabihf-gcc  -c -O2 -g   -I/home/jenkins/slave/workspace/BHR4_Release_Build_FiOS1.3_PROD/output/bhr4/include -isystem /home/jenkins/slave/workspace/BHR4_Release_Build_FiOS1.3_PROD/output/bhr4/thirdparty-include -march=armv7-a -mcpu=cortex-a9 -mtune=cortex-a9 -mfpu=vfpv3-d16 -mfloat-abi=hard   -O2 -g   -I/home/jenkins/slave/workspace/BHR4_Release_Build_FiOS1.3_PROD/output/bhr4/include -isystem /home/jenkins/slave/workspace/BHR4_Release_Build_FiOS1.3_PROD/output/bhr4/thirdparty-include -march=armv7-a -mcpu=cortex-a9 -mtune=cortex-a9 -mfpu=vfpv3-d16 -mfloat-abi=hard   conftest.c >&5
configure:3612: $? = 0
configure:3625: result: none needed
configure:3647: checking dependency style of arm-greenwave-linux-gnueabihf-gcc
configure:3758: result: gcc3
configure:3779: checking for arm-greenwave-linux-gnueabihf-ar
configure:3795: found /home/jenkins/slave/workspace/BHR4_Release_Build_FiOS1.3_PROD/output/toolchains/arm-cortex-a9_linaro-gcc47/bin/arm-greenwave-linux-gnueabihf-ar
configure:3806: result: arm-greenwave-linux-gnueabihf-ar
configure:3876: checking the archiver (arm-greenwave-linux-gnueabihf-ar) interface
configure:3886: arm-greenwave-linux-gnueabihf-gcc -c -O2 -g   -I/home/jenkins/slave/workspace/BHR4_Release_Build_FiOS1.3_PROD/output/bhr4/include -isystem /home/jenkins/slave/workspace/BHR4_Release_Build_FiOS1.3_PROD/output/bhr4/thirdparty-include -march=armv7-a -mcpu=cortex-a9 -mtune=cortex-a9 -mfpu=vfpv3-d16 -mfloat-abi=hard   -O2 -g   -I/home/jenkins/slave/workspace/BHR4_Release_Build_FiOS1.3_PROD/output/bhr4/include -isystem /home/jenkins/slave/workspace/BHR4_Release_Build_FiOS1.3_PROD/output/bhr4/thirdparty-include -march=armv7-a -mcpu=cortex-a9 -mtune=cortex-a9 -mfpu=vfpv3-d16 -mfloat-abi=hard   conftest.c >&5
configure:3886: $? = 0
configure:3888: arm-greenwave-linux-gnueabihf-ar cru libconftest.a conftest.o >&5
configure:3891: $? = 0
configure:3914: result: ar
configure:3946: checking whether make supports nested variables
configure:3963: result: yes
configure:3986: checking for arm-greenwave-linux-gnueabihf-pkg-config
configure:4019: result: no
configure:4029: checking for pkg-config
configure:4047: found /usr/bin/pkg-config
configure:4059: result: /usr/bin/pkg-config
configure:4071: WARNING: using cross tools not prefixed with host triplet
configure:4084: checking pkg-config is at least version 0.9.0
configure:4087: result: yes
configure:4097: checking for LIBMNL
configure:4104: $PKG_CONFIG --exists --print-errors "libmnl >= 1.0.0"
configure:4107: $? = 0
configure:4121: $PKG_CONFIG --exists --print-errors "libmnl >= 1.0.0"
configure:4124: $? = 0
configure:4182: result: yes
configure:4195: checking for arm-greenwave-linux-gnueabihf-gcc
configure:4222: result: arm-greenwave-linux-gnueabihf-gcc
configure:4491: checking for C compiler version
configure:4500: arm-greenwave-linux-gnueabihf-gcc --version >&5
arm-greenwave-linux-gnueabihf-gcc (crosstool-NG 1.19.0 - Linaro gcc 4.7-2013.12) 4.7.4 20131207 (prerelease)
Copyright (C) 2012 Free Software Foundation, Inc.
This is free software; see the source for copying conditions.  There is NO
warranty; not even for MERCHANTABILITY or FITNESS FOR A PARTICULAR PURPOSE.

configure:4511: $? = 0
configure:4500: arm-greenwave-linux-gnueabihf-gcc -v >&5
Using built-in specs.
COLLECT_GCC=/home/jenkins/slave/workspace/BHR4_Release_Build_FiOS1.3_PROD/output/toolchains/arm-cortex-a9_linaro-gcc47/bin/arm-greenwave-linux-gnueabihf-gcc
COLLECT_LTO_WRAPPER=/home/jenkins/slave/workspace/BHR4_Release_Build_FiOS1.3_PROD/output/toolchains/arm-cortex-a9_linaro-gcc47/libexec/gcc/arm-greenwave-linux-gnueabihf/4.7.4/lto-wrapper
Target: arm-greenwave-linux-gnueabihf
Configured with: /home/jenkins/slave/workspace/BHR4_Release_Build_FiOS1.3_PROD/output/toolchains/build/arm-cortex-a9_linaro-gcc47/crosstool-ng-1.19.0/targets/src/gcc-linaro-4.7-2013.12/configure --build=x86_64-build_unknown-linux-gnu --host=x86_64-build_unknown-linux-gnu --target=arm-greenwave-linux-gnueabihf --prefix=/home/jenkins/slave/workspace/BHR4_Release_Build_FiOS1.3_PROD/output/toolchains/arm-cortex-a9_linaro-gcc47 --with-sysroot=/home/jenkins/slave/workspace/BHR4_Release_Build_FiOS1.3_PROD/output/toolchains/arm-cortex-a9_linaro-gcc47/arm-greenwave-linux-gnueabihf/sysroot --enable-languages=c,c++ --with-arch=armv7-a --with-cpu=cortex-a9 --with-tune=cortex-a9 --with-fpu=vfpv3-d16 --with-float=hard --with-pkgversion='crosstool-NG 1.19.0 - Linaro gcc 4.7-2013.12' --with-bugurl=kongen@greenwavereality.com --disable-sjlj-exceptions --enable-__cxa_atexit --disable-libmudflap --disable-libgomp --disable-libssp --disable-libquadmath --disable-libquadmath-support --with-gmp=/home/jenkins/slave/workspace/BHR4_Release_Build_FiOS1.3_PROD/output/toolchains/build/arm-cortex-a9_linaro-gcc47/crosstool-ng-1.19.0/targets/arm-greenwave-linux-gnueabihf/buildtools --with-mpfr=/home/jenkins/slave/workspace/BHR4_Release_Build_FiOS1.3_PROD/output/toolchains/build/arm-cortex-a9_linaro-gcc47/crosstool-ng-1.19.0/targets/arm-greenwave-linux-gnueabihf/buildtools --with-mpc=/home/jenkins/slave/workspace/BHR4_Release_Build_FiOS1.3_PROD/output/toolchains/build/arm-cortex-a9_linaro-gcc47/crosstool-ng-1.19.0/targets/arm-greenwave-linux-gnueabihf/buildtools --with-ppl=no --with-isl=no --with-cloog=no --with-libelf=no --enable-threads=posix --with-long-double-128 --enable-linker-build-id --with-linker-hash-style=gnu --enable-plugin --enable-gold --disable-nls --disable-multilib --with-local-prefix=/home/jenkins/slave/workspace/BHR4_Release_Build_FiOS1.3_PROD/output/toolchains/arm-cortex-a9_linaro-gcc47/arm-greenwave-linux-gnueabihf/sysroot --enable-c99 --enable-long-long --with-mode=thumb
Thread model: posix
gcc version 4.7.4 20131207 (prerelease) (crosstool-NG 1.19.0 - Linaro gcc 4.7-2013.12) 
configure:4511: $? = 0
configure:4500: arm-greenwave-linux-gnueabihf-gcc -V >&5
arm-greenwave-linux-gnueabihf-gcc: error: unrecognized command line option '-V'
arm-greenwave-linux-gnueabihf-gcc: fatal error: no input files
compilation terminated.
configure:4511: $? = 1
configure:4500: arm-greenwave-linux-gnueabihf-gcc -qversion >&5
arm-greenwave-linux-gnueabihf-gcc: error: unrecognized command line option '-qversion'
arm-greenwave-linux-gnueabihf-gcc: fatal error: no input files
compilation terminated.
configure:4511: $? = 1
configure:4515: checking whether we are using the GNU C compiler
configure:4543: result: yes
configure:4552: checking whether arm-greenwave-linux-gnueabihf-gcc accepts -g
configure:4613: result: yes
configure:4630: checking for arm-greenwave-linux-gnueabihf-gcc option to accept ISO C89
configure:4706: result: none needed
configure:4728: checking dependency style of arm-greenwave-linux-gnueabihf-gcc
configure:4839: result: gcc3
configure:4855: checking whether arm-greenwave-linux-gnueabihf-gcc and cc understand -c and -o together
configure:4886: arm-greenwave-linux-gnueabihf-gcc -c conftest.c -o conftest2.o >&5
configure:4890: $? = 0
configure:4896: arm-greenwave-linux-gnueabihf-gcc -c conftest.c -o conftest2.o >&5
configure:4900: $? = 0
configure:4911: cc -c conftest.c >&5
configure:4915: $? = 0
configure:4923: cc -c conftest.c -o conftest2.o >&5
configure:4927: $? = 0
configure:4933: cc -c conftest.c -o conftest2.o >&5
configure:4937: $? = 0
configure:4955: result: yes
configure:5057: checking how to print strings
configure:5084: result: printf
configure:5105: checking for a sed that does not truncate output
configure:5169: result: /bin/sed
configure:5187: checking for grep that handles long lines and -e
configure:5245: result: /bin/grep
configure:5250: checking for egrep
configure:5312: result: /bin/grep -E
configure:5317: checking for fgrep
configure:5379: result: /bin/grep -F
configure:5414: checking for ld used by arm-greenwave-linux-gnueabihf-gcc
configure:5481: result: /home/jenkins/slave/workspace/BHR4_Release_Build_FiOS1.3_PROD/output/toolchains/arm-cortex-a9_linaro-gcc47/arm-greenwave-linux-gnueabihf/bin/ld
configure:5488: checking if the linker (/home/jenkins/slave/workspace/BHR4_Release_Build_FiOS1.3_PROD/output/toolchains/arm-cortex-a9_linaro-gcc47/arm-greenwave-linux-gnueabihf/bin/ld) is GNU ld
configure:5503: result: yes
configure:5515: checking for BSD- or MS-compatible name lister (nm)
configure:5564: result: /home/jenkins/slave/workspace/BHR4_Release_Build_FiOS1.3_PROD/output/toolchains/arm-cortex-a9_linaro-gcc47/bin/arm-greenwave-linux-gnueabihf-nm -B
configure:5694: checking the name lister (/home/jenkins/slave/workspace/BHR4_Release_Build_FiOS1.3_PROD/output/toolchains/arm-cortex-a9_linaro-gcc47/bin/arm-greenwave-linux-gnueabihf-nm -B) interface
configure:5701: arm-greenwave-linux-gnueabihf-gcc -c -O2 -g   -I/home/jenkins/slave/workspace/BHR4_Release_Build_FiOS1.3_PROD/output/bhr4/include -isystem /home/jenkins/slave/workspace/BHR4_Release_Build_FiOS1.3_PROD/output/bhr4/thirdparty-include -march=armv7-a -mcpu=cortex-a9 -mtune=cortex-a9 -mfpu=vfpv3-d16 -mfloat-abi=hard   -O2 -g   -I/home/jenkins/slave/workspace/BHR4_Release_Build_FiOS1.3_PROD/output/bhr4/include -isystem /home/jenkins/slave/workspace/BHR4_Release_Build_FiOS1.3_PROD/output/bhr4/thirdparty-include -march=armv7-a -mcpu=cortex-a9 -mtune=cortex-a9 -mfpu=vfpv3-d16 -mfloat-abi=hard   conftest.c >&5
configure:5704: /home/jenkins/slave/workspace/BHR4_Release_Build_FiOS1.3_PROD/output/toolchains/arm-cortex-a9_linaro-gcc47/bin/arm-greenwave-linux-gnueabihf-nm -B "conftest.o"
configure:5707: output
00000000 B some_variable
configure:5714: result: BSD nm
configure:5717: checking whether ln -s works
configure:5721: result: yes
configure:5729: checking the maximum length of command line arguments
configure:5859: result: 3458764513820540925
configure:5876: checking whether the shell understands some XSI constructs
configure:5886: result: yes
configure:5890: checking whether the shell understands "+="
configure:5896: result: yes
configure:5931: checking how to convert x86_64-unknown-linux-gnu file names to arm-greenwave-linux-gnueabihf format
configure:5971: result: func_convert_file_noop
configure:5978: checking how to convert x86_64-unknown-linux-gnu file names to toolchain format
configure:5998: result: func_convert_file_noop
configure:6005: checking for /home/jenkins/slave/workspace/BHR4_Release_Build_FiOS1.3_PROD/output/toolchains/arm-cortex-a9_linaro-gcc47/arm-greenwave-linux-gnueabihf/bin/ld option to reload object files
configure:6012: result: -r
configure:6046: checking for arm-greenwave-linux-gnueabihf-objdump
configure:6062: found /home/jenkins/slave/workspace/BHR4_Release_Build_FiOS1.3_PROD/output/toolchains/arm-cortex-a9_linaro-gcc47/bin/arm-greenwave-linux-gnueabihf-objdump
configure:6073: result: arm-greenwave-linux-gnueabihf-objdump
configure:6145: checking how to recognize dependent libraries
configure:6343: result: pass_all
configure:6388: checking for arm-greenwave-linux-gnueabihf-dlltool
configure:6418: result: no
configure:6428: checking for dlltool
configure:6458: result: no
configure:6488: checking how to associate runtime and link libraries
configure:6515: result: printf %s\n
configure:6531: checking for arm-greenwave-linux-gnueabihf-ar
configure:6558: result: arm-greenwave-linux-gnueabihf-ar
configure:6639: checking for archiver @FILE support
configure:6656: arm-greenwave-linux-gnueabihf-gcc -c -O2 -g   -I/home/jenkins/slave/workspace/BHR4_Release_Build_FiOS1.3_PROD/output/bhr4/include -isystem /home/jenkins/slave/workspace/BHR4_Release_Build_FiOS1.3_PROD/output/bhr4/thirdparty-include -march=armv7-a -mcpu=cortex-a9 -mtune=cortex-a9 -mfpu=vfpv3-d16 -mfloat-abi=hard   -O2 -g   -I/home/jenkins/slave/workspace/BHR4_Release_Build_FiOS1.3_PROD/output/bhr4/include -isystem /home/jenkins/slave/workspace/BHR4_Release_Build_FiOS1.3_PROD/output/bhr4/thirdparty-include -march=armv7-a -mcpu=cortex-a9 -mtune=cortex-a9 -mfpu=vfpv3-d16 -mfloat-abi=hard   conftest.c >&5
configure:6656: $? = 0
configure:6659: arm-greenwave-linux-gnueabihf-ar cru libconftest.a @conftest.lst >&5
configure:6662: $? = 0
configure:6667: arm-greenwave-linux-gnueabihf-ar cru libconftest.a @conftest.lst >&5
arm-greenwave-linux-gnueabihf-ar: conftest.o: No such file or directory
configure:6670: $? = 1
configure:6682: result: @
configure:6700: checking for arm-greenwave-linux-gnueabihf-strip
configure:6727: result: arm-greenwave-linux-gnueabihf-strip
configure:6799: checking for arm-greenwave-linux-gnueabihf-ranlib
configure:6815: found /home/jenkins/slave/workspace/BHR4_Release_Build_FiOS1.3_PROD/output/toolchains/arm-cortex-a9_linaro-gcc47/bin/arm-greenwave-linux-gnueabihf-ranlib
configure:6826: result: arm-greenwave-linux-gnueabihf-ranlib
configure:6968: checking command to parse /home/jenkins/slave/workspace/BHR4_Release_Build_FiOS1.3_PROD/output/toolchains/arm-cortex-a9_linaro-gcc47/bin/arm-greenwave-linux-gnueabihf-nm -B output from arm-greenwave-linux-gnueabihf-gcc object
configure:7088: arm-greenwave-linux-gnueabihf-gcc -c -O2 -g   -I/home/jenkins/slave/workspace/BHR4_Release_Build_FiOS1.3_PROD/output/bhr4/include -isystem /home/jenkins/slave/workspace/BHR4_Release_Build_FiOS1.3_PROD/output/bhr4/thirdparty-include -march=armv7-a -mcpu=cortex-a9 -mtune=cortex-a9 -mfpu=vfpv3-d16 -mfloat-abi=hard   -O2 -g   -I/home/jenkins/slave/workspace/BHR4_Release_Build_FiOS1.3_PROD/output/bhr4/include -isystem /home/jenkins/slave/workspace/BHR4_Release_Build_FiOS1.3_PROD/output/bhr4/thirdparty-include -march=armv7-a -mcpu=cortex-a9 -mtune=cortex-a9 -mfpu=vfpv3-d16 -mfloat-abi=hard   conftest.c >&5
configure:7091: $? = 0
configure:7095: /home/jenkins/slave/workspace/BHR4_Release_Build_FiOS1.3_PROD/output/toolchains/arm-cortex-a9_linaro-gcc47/bin/arm-greenwave-linux-gnueabihf-nm -B conftest.o \| sed -n -e 's/^.*[ ]\([ABCDGIRSTW][ABCDGIRSTW]*\)[ ][ ]*\([_A-Za-z][_A-Za-z0-9]*\)$/\1 \2 \2/p' | sed '/ __gnu_lto/d' \> conftest.nm
configure:7098: $? = 0
configure:7164: arm-greenwave-linux-gnueabihf-gcc -o conftest -O2 -g   -I/home/jenkins/slave/workspace/BHR4_Release_Build_FiOS1.3_PROD/output/bhr4/include -isystem /home/jenkins/slave/workspace/BHR4_Release_Build_FiOS1.3_PROD/output/bhr4/thirdparty-include -march=armv7-a -mcpu=cortex-a9 -mtune=cortex-a9 -mfpu=vfpv3-d16 -mfloat-abi=hard   -O2 -g   -I/home/jenkins/slave/workspace/BHR4_Release_Build_FiOS1.3_PROD/output/bhr4/include -isystem /home/jenkins/slave/workspace/BHR4_Release_Build_FiOS1.3_PROD/output/bhr4/thirdparty-include -march=armv7-a -mcpu=cortex-a9 -mtune=cortex-a9 -mfpu=vfpv3-d16 -mfloat-abi=hard   -L/home/jenkins/slave/workspace/BHR4_Release_Build_FiOS1.3_PROD/output/bhr4/lib -Wl,-O1 -Wl,--as-needed  conftest.c conftstm.o >&5
configure:7167: $? = 0
configure:7205: result: ok
configure:7242: checking for sysroot
configure:7272: result: no
configure:7488: checking for arm-greenwave-linux-gnueabihf-mt
configure:7518: result: no
configure:7528: checking for mt
configure:7544: found /bin/mt
configure:7555: result: mt
configure:7578: checking if mt is a manifest tool
configure:7584: mt '-?'
configure:7592: result: no
configure:8234: checking how to run the C preprocessor
configure:8265: arm-greenwave-linux-gnueabihf-gcc -E -O2 -g   -I/home/jenkins/slave/workspace/BHR4_Release_Build_FiOS1.3_PROD/output/bhr4/include -isystem /home/jenkins/slave/workspace/BHR4_Release_Build_FiOS1.3_PROD/output/bhr4/thirdparty-include -march=armv7-a -mcpu=cortex-a9 -mtune=cortex-a9 -mfpu=vfpv3-d16 -mfloat-abi=hard   conftest.c
configure:8265: $? = 0
configure:8279: arm-greenwave-linux-gnueabihf-gcc -E -O2 -g   -I/home/jenkins/slave/workspace/BHR4_Release_Build_FiOS1.3_PROD/output/bhr4/include -isystem /home/jenkins/slave/workspace/BHR4_Release_Build_FiOS1.3_PROD/output/bhr4/thirdparty-include -march=armv7-a -mcpu=cortex-a9 -mtune=cortex-a9 -mfpu=vfpv3-d16 -mfloat-abi=hard   conftest.c
conftest.c:11:28: fatal error: ac_nonexistent.h: No such file or directory
compilation terminated.
configure:8279: $? = 1
configure: failed program was:
| /* confdefs.h */
| #define PACKAGE_NAME "libnetfilter_acct"
| #define PACKAGE_TARNAME "libnetfilter_acct"
| #define PACKAGE_VERSION "1.0.2"
| #define PACKAGE_STRING "libnetfilter_acct 1.0.2"
| #define PACKAGE_BUGREPORT ""
| #define PACKAGE_URL ""
| #define PACKAGE "libnetfilter_acct"
| #define VERSION "1.0.2"
| /* end confdefs.h.  */
| #include <ac_nonexistent.h>
configure:8304: result: arm-greenwave-linux-gnueabihf-gcc -E
configure:8324: arm-greenwave-linux-gnueabihf-gcc -E -O2 -g   -I/home/jenkins/slave/workspace/BHR4_Release_Build_FiOS1.3_PROD/output/bhr4/include -isystem /home/jenkins/slave/workspace/BHR4_Release_Build_FiOS1.3_PROD/output/bhr4/thirdparty-include -march=armv7-a -mcpu=cortex-a9 -mtune=cortex-a9 -mfpu=vfpv3-d16 -mfloat-abi=hard   conftest.c
configure:8324: $? = 0
configure:8338: arm-greenwave-linux-gnueabihf-gcc -E -O2 -g   -I/home/jenkins/slave/workspace/BHR4_Release_Build_FiOS1.3_PROD/output/bhr4/include -isystem /home/jenkins/slave/workspace/BHR4_Release_Build_FiOS1.3_PROD/output/bhr4/thirdparty-include -march=armv7-a -mcpu=cortex-a9 -mtune=cortex-a9 -mfpu=vfpv3-d16 -mfloat-abi=hard   conftest.c
conftest.c:11:28: fatal error: ac_nonexistent.h: No such file or directory
compilation terminated.
configure:8338: $? = 1
configure: failed program was:
| /* confdefs.h */
| #define PACKAGE_NAME "libnetfilter_acct"
| #define PACKAGE_TARNAME "libnetfilter_acct"
| #define PACKAGE_VERSION "1.0.2"
| #define PACKAGE_STRING "libnetfilter_acct 1.0.2"
| #define PACKAGE_BUGREPORT ""
| #define PACKAGE_URL ""
| #define PACKAGE "libnetfilter_acct"
| #define VERSION "1.0.2"
| /* end confdefs.h.  */
| #include <ac_nonexistent.h>
configure:8367: checking for ANSI C header files
configure:8387: arm-greenwave-linux-gnueabihf-gcc -c -O2 -g   -I/home/jenkins/slave/workspace/BHR4_Release_Build_FiOS1.3_PROD/output/bhr4/include -isystem /home/jenkins/slave/workspace/BHR4_Release_Build_FiOS1.3_PROD/output/bhr4/thirdparty-include -march=armv7-a -mcpu=cortex-a9 -mtune=cortex-a9 -mfpu=vfpv3-d16 -mfloat-abi=hard   -O2 -g   -I/home/jenkins/slave/workspace/BHR4_Release_Build_FiOS1.3_PROD/output/bhr4/include -isystem /home/jenkins/slave/workspace/BHR4_Release_Build_FiOS1.3_PROD/output/bhr4/thirdparty-include -march=armv7-a -mcpu=cortex-a9 -mtune=cortex-a9 -mfpu=vfpv3-d16 -mfloat-abi=hard   conftest.c >&5
configure:8387: $? = 0
configure:8471: result: yes
configure:8484: checking for sys/types.h
configure:8484: arm-greenwave-linux-gnueabihf-gcc -c -O2 -g   -I/home/jenkins/slave/workspace/BHR4_Release_Build_FiOS1.3_PROD/output/bhr4/include -isystem /home/jenkins/slave/workspace/BHR4_Release_Build_FiOS1.3_PROD/output/bhr4/thirdparty-include -march=armv7-a -mcpu=cortex-a9 -mtune=cortex-a9 -mfpu=vfpv3-d16 -mfloat-abi=hard   -O2 -g   -I/home/jenkins/slave/workspace/BHR4_Release_Build_FiOS1.3_PROD/output/bhr4/include -isystem /home/jenkins/slave/workspace/BHR4_Release_Build_FiOS1.3_PROD/output/bhr4/thirdparty-include -march=armv7-a -mcpu=cortex-a9 -mtune=cortex-a9 -mfpu=vfpv3-d16 -mfloat-abi=hard   conftest.c >&5
configure:8484: $? = 0
configure:8484: result: yes
configure:8484: checking for sys/stat.h
configure:8484: arm-greenwave-linux-gnueabihf-gcc -c -O2 -g   -I/home/jenkins/slave/workspace/BHR4_Release_Build_FiOS1.3_PROD/output/bhr4/include -isystem /home/jenkins/slave/workspace/BHR4_Release_Build_FiOS1.3_PROD/output/bhr4/thirdparty-include -march=armv7-a -mcpu=cortex-a9 -mtune=cortex-a9 -mfpu=vfpv3-d16 -mfloat-abi=hard   -O2 -g   -I/home/jenkins/slave/workspace/BHR4_Release_Build_FiOS1.3_PROD/output/bhr4/include -isystem /home/jenkins/slave/workspace/BHR4_Release_Build_FiOS1.3_PROD/output/bhr4/thirdparty-include -march=armv7-a -mcpu=cortex-a9 -mtune=cortex-a9 -mfpu=vfpv3-d16 -mfloat-abi=hard   conftest.c >&5
configure:8484: $? = 0
configure:8484: result: yes
configure:8484: checking for stdlib.h
configure:8484: arm-greenwave-linux-gnueabihf-gcc -c -O2 -g   -I/home/jenkins/slave/workspace/BHR4_Release_Build_FiOS1.3_PROD/output/bhr4/include -isystem /home/jenkins/slave/workspace/BHR4_Release_Build_FiOS1.3_PROD/output/bhr4/thirdparty-include -march=armv7-a -mcpu=cortex-a9 -mtune=cortex-a9 -mfpu=vfpv3-d16 -mfloat-abi=hard   -O2 -g   -I/home/jenkins/slave/workspace/BHR4_Release_Build_FiOS1.3_PROD/output/bhr4/include -isystem /home/jenkins/slave/workspace/BHR4_Release_Build_FiOS1.3_PROD/output/bhr4/thirdparty-include -march=armv7-a -mcpu=cortex-a9 -mtune=cortex-a9 -mfpu=vfpv3-d16 -mfloat-abi=hard   conftest.c >&5
configure:8484: $? = 0
configure:8484: result: yes
configure:8484: checking for string.h
configure:8484: arm-greenwave-linux-gnueabihf-gcc -c -O2 -g   -I/home/jenkins/slave/workspace/BHR4_Release_Build_FiOS1.3_PROD/output/bhr4/include -isystem /home/jenkins/slave/workspace/BHR4_Release_Build_FiOS1.3_PROD/output/bhr4/thirdparty-include -march=armv7-a -mcpu=cortex-a9 -mtune=cortex-a9 -mfpu=vfpv3-d16 -mfloat-abi=hard   -O2 -g   -I/home/jenkins/slave/workspace/BHR4_Release_Build_FiOS1.3_PROD/output/bhr4/include -isystem /home/jenkins/slave/workspace/BHR4_Release_Build_FiOS1.3_PROD/output/bhr4/thirdparty-include -march=armv7-a -mcpu=cortex-a9 -mtune=cortex-a9 -mfpu=vfpv3-d16 -mfloat-abi=hard   conftest.c >&5
configure:8484: $? = 0
configure:8484: result: yes
configure:8484: checking for memory.h
configure:8484: arm-greenwave-linux-gnueabihf-gcc -c -O2 -g   -I/home/jenkins/slave/workspace/BHR4_Release_Build_FiOS1.3_PROD/output/bhr4/include -isystem /home/jenkins/slave/workspace/BHR4_Release_Build_FiOS1.3_PROD/output/bhr4/thirdparty-include -march=armv7-a -mcpu=cortex-a9 -mtune=cortex-a9 -mfpu=vfpv3-d16 -mfloat-abi=hard   -O2 -g   -I/home/jenkins/slave/workspace/BHR4_Release_Build_FiOS1.3_PROD/output/bhr4/include -isystem /home/jenkins/slave/workspace/BHR4_Release_Build_FiOS1.3_PROD/output/bhr4/thirdparty-include -march=armv7-a -mcpu=cortex-a9 -mtune=cortex-a9 -mfpu=vfpv3-d16 -mfloat-abi=hard   conftest.c >&5
configure:8484: $? = 0
configure:8484: result: yes
configure:8484: checking for strings.h
configure:8484: arm-greenwave-linux-gnueabihf-gcc -c -O2 -g   -I/home/jenkins/slave/workspace/BHR4_Release_Build_FiOS1.3_PROD/output/bhr4/include -isystem /home/jenkins/slave/workspace/BHR4_Release_Build_FiOS1.3_PROD/output/bhr4/thirdparty-include -march=armv7-a -mcpu=cortex-a9 -mtune=cortex-a9 -mfpu=vfpv3-d16 -mfloat-abi=hard   -O2 -g   -I/home/jenkins/slave/workspace/BHR4_Release_Build_FiOS1.3_PROD/output/bhr4/include -isystem /home/jenkins/slave/workspace/BHR4_Release_Build_FiOS1.3_PROD/output/bhr4/thirdparty-include -march=armv7-a -mcpu=cortex-a9 -mtune=cortex-a9 -mfpu=vfpv3-d16 -mfloat-abi=hard   conftest.c >&5
configure:8484: $? = 0
configure:8484: result: yes
configure:8484: checking for inttypes.h
configure:8484: arm-greenwave-linux-gnueabihf-gcc -c -O2 -g   -I/home/jenkins/slave/workspace/BHR4_Release_Build_FiOS1.3_PROD/output/bhr4/include -isystem /home/jenkins/slave/workspace/BHR4_Release_Build_FiOS1.3_PROD/output/bhr4/thirdparty-include -march=armv7-a -mcpu=cortex-a9 -mtune=cortex-a9 -mfpu=vfpv3-d16 -mfloat-abi=hard   -O2 -g   -I/home/jenkins/slave/workspace/BHR4_Release_Build_FiOS1.3_PROD/output/bhr4/include -isystem /home/jenkins/slave/workspace/BHR4_Release_Build_FiOS1.3_PROD/output/bhr4/thirdparty-include -march=armv7-a -mcpu=cortex-a9 -mtune=cortex-a9 -mfpu=vfpv3-d16 -mfloat-abi=hard   conftest.c >&5
configure:8484: $? = 0
configure:8484: result: yes
configure:8484: checking for stdint.h
configure:8484: arm-greenwave-linux-gnueabihf-gcc -c -O2 -g   -I/home/jenkins/slave/workspace/BHR4_Release_Build_FiOS1.3_PROD/output/bhr4/include -isystem /home/jenkins/slave/workspace/BHR4_Release_Build_FiOS1.3_PROD/output/bhr4/thirdparty-include -march=armv7-a -mcpu=cortex-a9 -mtune=cortex-a9 -mfpu=vfpv3-d16 -mfloat-abi=hard   -O2 -g   -I/home/jenkins/slave/workspace/BHR4_Release_Build_FiOS1.3_PROD/output/bhr4/include -isystem /home/jenkins/slave/workspace/BHR4_Release_Build_FiOS1.3_PROD/output/bhr4/thirdparty-include -march=armv7-a -mcpu=cortex-a9 -mtune=cortex-a9 -mfpu=vfpv3-d16 -mfloat-abi=hard   conftest.c >&5
configure:8484: $? = 0
configure:8484: result: yes
configure:8484: checking for unistd.h
configure:8484: arm-greenwave-linux-gnueabihf-gcc -c -O2 -g   -I/home/jenkins/slave/workspace/BHR4_Release_Build_FiOS1.3_PROD/output/bhr4/include -isystem /home/jenkins/slave/workspace/BHR4_Release_Build_FiOS1.3_PROD/output/bhr4/thirdparty-include -march=armv7-a -mcpu=cortex-a9 -mtune=cortex-a9 -mfpu=vfpv3-d16 -mfloat-abi=hard   -O2 -g   -I/home/jenkins/slave/workspace/BHR4_Release_Build_FiOS1.3_PROD/output/bhr4/include -isystem /home/jenkins/slave/workspace/BHR4_Release_Build_FiOS1.3_PROD/output/bhr4/thirdparty-include -march=armv7-a -mcpu=cortex-a9 -mtune=cortex-a9 -mfpu=vfpv3-d16 -mfloat-abi=hard   conftest.c >&5
configure:8484: $? = 0
configure:8484: result: yes
configure:8498: checking for dlfcn.h
configure:8498: arm-greenwave-linux-gnueabihf-gcc -c -O2 -g   -I/home/jenkins/slave/workspace/BHR4_Release_Build_FiOS1.3_PROD/output/bhr4/include -isystem /home/jenkins/slave/workspace/BHR4_Release_Build_FiOS1.3_PROD/output/bhr4/thirdparty-include -march=armv7-a -mcpu=cortex-a9 -mtune=cortex-a9 -mfpu=vfpv3-d16 -mfloat-abi=hard   -O2 -g   -I/home/jenkins/slave/workspace/BHR4_Release_Build_FiOS1.3_PROD/output/bhr4/include -isystem /home/jenkins/slave/workspace/BHR4_Release_Build_FiOS1.3_PROD/output/bhr4/thirdparty-include -march=armv7-a -mcpu=cortex-a9 -mtune=cortex-a9 -mfpu=vfpv3-d16 -mfloat-abi=hard   conftest.c >&5
configure:8498: $? = 0
configure:8498: result: yes
configure:8674: checking for objdir
configure:8689: result: .libs
configure:8960: checking if arm-greenwave-linux-gnueabihf-gcc supports -fno-rtti -fno-exceptions
configure:8978: arm-greenwave-linux-gnueabihf-gcc -c -O2 -g   -I/home/jenkins/slave/workspace/BHR4_Release_Build_FiOS1.3_PROD/output/bhr4/include -isystem /home/jenkins/slave/workspace/BHR4_Release_Build_FiOS1.3_PROD/output/bhr4/thirdparty-include -march=armv7-a -mcpu=cortex-a9 -mtune=cortex-a9 -mfpu=vfpv3-d16 -mfloat-abi=hard   -O2 -g   -I/home/jenkins/slave/workspace/BHR4_Release_Build_FiOS1.3_PROD/output/bhr4/include -isystem /home/jenkins/slave/workspace/BHR4_Release_Build_FiOS1.3_PROD/output/bhr4/thirdparty-include -march=armv7-a -mcpu=cortex-a9 -mtune=cortex-a9 -mfpu=vfpv3-d16 -mfloat-abi=hard   -fno-rtti -fno-exceptions conftest.c >&5
cc1: warning: command line option '-fno-rtti' is valid for C++/ObjC++ but not for C [enabled by default]
cc1: warning: command line option '-fno-rtti' is valid for C++/ObjC++ but not for C [enabled by default]
configure:8982: $? = 0
configure:8995: result: no
configure:9322: checking for arm-greenwave-linux-gnueabihf-gcc option to produce PIC
configure:9329: result: -fPIC -DPIC
configure:9337: checking if arm-greenwave-linux-gnueabihf-gcc PIC flag -fPIC -DPIC works
configure:9355: arm-greenwave-linux-gnueabihf-gcc -c -O2 -g   -I/home/jenkins/slave/workspace/BHR4_Release_Build_FiOS1.3_PROD/output/bhr4/include -isystem /home/jenkins/slave/workspace/BHR4_Release_Build_FiOS1.3_PROD/output/bhr4/thirdparty-include -march=armv7-a -mcpu=cortex-a9 -mtune=cortex-a9 -mfpu=vfpv3-d16 -mfloat-abi=hard   -O2 -g   -I/home/jenkins/slave/workspace/BHR4_Release_Build_FiOS1.3_PROD/output/bhr4/include -isystem /home/jenkins/slave/workspace/BHR4_Release_Build_FiOS1.3_PROD/output/bhr4/thirdparty-include -march=armv7-a -mcpu=cortex-a9 -mtune=cortex-a9 -mfpu=vfpv3-d16 -mfloat-abi=hard   -fPIC -DPIC -DPIC conftest.c >&5
configure:9359: $? = 0
configure:9372: result: yes
configure:9401: checking if arm-greenwave-linux-gnueabihf-gcc static flag -static works
configure:9429: result: yes
configure:9444: checking if arm-greenwave-linux-gnueabihf-gcc supports -c -o file.o
configure:9465: arm-greenwave-linux-gnueabihf-gcc -c -O2 -g   -I/home/jenkins/slave/workspace/BHR4_Release_Build_FiOS1.3_PROD/output/bhr4/include -isystem /home/jenkins/slave/workspace/BHR4_Release_Build_FiOS1.3_PROD/output/bhr4/thirdparty-include -march=armv7-a -mcpu=cortex-a9 -mtune=cortex-a9 -mfpu=vfpv3-d16 -mfloat-abi=hard   -O2 -g   -I/home/jenkins/slave/workspace/BHR4_Release_Build_FiOS1.3_PROD/output/bhr4/include -isystem /home/jenkins/slave/workspace/BHR4_Release_Build_FiOS1.3_PROD/output/bhr4/thirdparty-include -march=armv7-a -mcpu=cortex-a9 -mtune=cortex-a9 -mfpu=vfpv3-d16 -mfloat-abi=hard   -o out/conftest2.o conftest.c >&5
configure:9469: $? = 0
configure:9491: result: yes
configure:9499: checking if arm-greenwave-linux-gnueabihf-gcc supports -c -o file.o
configure:9546: result: yes
configure:9579: checking whether the arm-greenwave-linux-gnueabihf-gcc linker (/home/jenkins/slave/workspace/BHR4_Release_Build_FiOS1.3_PROD/output/toolchains/arm-cortex-a9_linaro-gcc47/arm-greenwave-linux-gnueabihf/bin/ld) supports shared libraries
configure:10736: result: yes
configure:10773: checking whether -lc should be explicitly linked in
configure:10781: arm-greenwave-linux-gnueabihf-gcc -c -O2 -g   -I/home/jenkins/slave/workspace/BHR4_Release_Build_FiOS1.3_PROD/output/bhr4/include -isystem /home/jenkins/slave/workspace/BHR4_Release_Build_FiOS1.3_PROD/output/bhr4/thirdparty-include -march=armv7-a -mcpu=cortex-a9 -mtune=cortex-a9 -mfpu=vfpv3-d16 -mfloat-abi=hard   -O2 -g   -I/home/jenkins/slave/workspace/BHR4_Release_Build_FiOS1.3_PROD/output/bhr4/include -isystem /home/jenkins/slave/workspace/BHR4_Release_Build_FiOS1.3_PROD/output/bhr4/thirdparty-include -march=armv7-a -mcpu=cortex-a9 -mtune=cortex-a9 -mfpu=vfpv3-d16 -mfloat-abi=hard   conftest.c >&5
configure:10784: $? = 0
configure:10799: arm-greenwave-linux-gnueabihf-gcc -shared  -fPIC -DPIC conftest.o  -v -Wl,-soname -Wl,conftest -o conftest 2\>\&1 \| /bin/grep  -lc  \>/dev/null 2\>\&1
configure:10802: $? = 0
configure:10816: result: no
configure:10976: checking dynamic linker characteristics
configure:11476: arm-greenwave-linux-gnueabihf-gcc -o conftest -O2 -g   -I/home/jenkins/slave/workspace/BHR4_Release_Build_FiOS1.3_PROD/output/bhr4/include -isystem /home/jenkins/slave/workspace/BHR4_Release_Build_FiOS1.3_PROD/output/bhr4/thirdparty-include -march=armv7-a -mcpu=cortex-a9 -mtune=cortex-a9 -mfpu=vfpv3-d16 -mfloat-abi=hard   -O2 -g   -I/home/jenkins/slave/workspace/BHR4_Release_Build_FiOS1.3_PROD/output/bhr4/include -isystem /home/jenkins/slave/workspace/BHR4_Release_Build_FiOS1.3_PROD/output/bhr4/thirdparty-include -march=armv7-a -mcpu=cortex-a9 -mtune=cortex-a9 -mfpu=vfpv3-d16 -mfloat-abi=hard   -L/home/jenkins/slave/workspace/BHR4_Release_Build_FiOS1.3_PROD/output/bhr4/lib -Wl,-O1 -Wl,--as-needed  -Wl,-rpath -Wl,/foo conftest.c -Wl,-rpath-link=/home/jenkins/slave/workspace/BHR4_Release_Build_FiOS1.3_PROD/output/bhr4/lib -Wl,-L/home/jenkins/slave/workspace/BHR4_Release_Build_FiOS1.3_PROD/output/bhr4/lib  >&5
configure:11476: $? = 0
configure:11710: result: GNU/Linux ld.so
configure:11817: checking how to hardcode library paths into programs
configure:11842: result: immediate
configure:12382: checking whether stripping libraries is possible
configure:12387: result: yes
configure:12422: checking if libtool supports shared libraries
configure:12424: result: yes
configure:12427: checking whether to build shared libraries
configure:12448: result: yes
configure:12451: checking whether to build static libraries
configure:12455: result: no
configure:12501: checking whether compiler accepts -fvisibility=hidden
configure:12510: arm-greenwave-linux-gnueabihf-gcc -c -O2 -g   -I/home/jenkins/slave/workspace/BHR4_Release_Build_FiOS1.3_PROD/output/bhr4/include -isystem /home/jenkins/slave/workspace/BHR4_Release_Build_FiOS1.3_PROD/output/bhr4/thirdparty-include -march=armv7-a -mcpu=cortex-a9 -mtune=cortex-a9 -mfpu=vfpv3-d16 -mfloat-abi=hard   -fvisibility=hidden -O2 -g   -I/home/jenkins/slave/workspace/BHR4_Release_Build_FiOS1.3_PROD/output/bhr4/include -isystem /home/jenkins/slave/workspace/BHR4_Release_Build_FiOS1.3_PROD/output/bhr4/thirdparty-include -march=armv7-a -mcpu=cortex-a9 -mtune=cortex-a9 -mfpu=vfpv3-d16 -mfloat-abi=hard   conftest.c >&5
configure:12510: $? = 0
configure:12518: result: yes
configure:12682: creating ./config.status

## ---------------------- ##
## Running config.status. ##
## ---------------------- ##

This file was extended by libnetfilter_acct config.status 1.0.2, which was
generated by GNU Autoconf 2.69.  Invocation command line was

  CONFIG_FILES    = 
  CONFIG_HEADERS  = 
  CONFIG_LINKS    = 
  CONFIG_COMMANDS = 
  $ ./config.status 

on sbuild2

config.status:1097: creating Makefile
config.status:1097: creating src/Makefile
config.status:1097: creating include/Makefile
config.status:1097: creating include/libnetfilter_acct/Makefile
config.status:1097: creating include/linux/Makefile
config.status:1097: creating include/linux/netfilter/Makefile
config.status:1097: creating examples/Makefile
config.status:1097: creating libnetfilter_acct.pc
config.status:1097: creating doxygen.cfg
config.status:1097: creating config.h
config.status:1326: executing depfiles commands
config.status:1326: executing libtool commands

## ---------------- ##
## Cache variables. ##
## ---------------- ##

ac_cv_build=x86_64-unknown-linux-gnu
ac_cv_c_compiler_gnu=yes
ac_cv_env_CC_set=set
ac_cv_env_CC_value=arm-greenwave-linux-gnueabihf-gcc
ac_cv_env_CFLAGS_set=set
ac_cv_env_CFLAGS_value='-O2 -g   -I/home/jenkins/slave/workspace/BHR4_Release_Build_FiOS1.3_PROD/output/bhr4/include -isystem /home/jenkins/slave/workspace/BHR4_Release_Build_FiOS1.3_PROD/output/bhr4/thirdparty-include -march=armv7-a -mcpu=cortex-a9 -mtune=cortex-a9 -mfpu=vfpv3-d16 -mfloat-abi=hard  '
ac_cv_env_CPPFLAGS_set=set
ac_cv_env_CPPFLAGS_value='-O2 -g   -I/home/jenkins/slave/workspace/BHR4_Release_Build_FiOS1.3_PROD/output/bhr4/include -isystem /home/jenkins/slave/workspace/BHR4_Release_Build_FiOS1.3_PROD/output/bhr4/thirdparty-include -march=armv7-a -mcpu=cortex-a9 -mtune=cortex-a9 -mfpu=vfpv3-d16 -mfloat-abi=hard  '
ac_cv_env_CPP_set=
ac_cv_env_CPP_value=
ac_cv_env_LDFLAGS_set=set
ac_cv_env_LDFLAGS_value='-L/home/jenkins/slave/workspace/BHR4_Release_Build_FiOS1.3_PROD/output/bhr4/lib -Wl,-O1 -Wl,--as-needed '
ac_cv_env_LIBMNL_CFLAGS_set=
ac_cv_env_LIBMNL_CFLAGS_value=
ac_cv_env_LIBMNL_LIBS_set=
ac_cv_env_LIBMNL_LIBS_value=
ac_cv_env_LIBS_set=set
ac_cv_env_LIBS_value='-Wl,-rpath-link=/home/jenkins/slave/workspace/BHR4_Release_Build_FiOS1.3_PROD/output/bhr4/lib -Wl,-L/home/jenkins/slave/workspace/BHR4_Release_Build_FiOS1.3_PROD/output/bhr4/lib '
ac_cv_env_PKG_CONFIG_LIBDIR_set=set
ac_cv_env_PKG_CONFIG_LIBDIR_value=/home/jenkins/slave/workspace/BHR4_Release_Build_FiOS1.3_PROD/output/bhr4/lib/pkgconfig
ac_cv_env_PKG_CONFIG_PATH_set=
ac_cv_env_PKG_CONFIG_PATH_value=
ac_cv_env_PKG_CONFIG_set=
ac_cv_env_PKG_CONFIG_value=
ac_cv_env_build_alias_set=
ac_cv_env_build_alias_value=
ac_cv_env_host_alias_set=set
ac_cv_env_host_alias_value=arm-greenwave-linux-gnueabihf
ac_cv_env_target_alias_set=set
ac_cv_env_target_alias_value=arm-greenwave-linux-gnueabihf
ac_cv_fvisibility_hidden=yes
ac_cv_header_dlfcn_h=yes
ac_cv_header_inttypes_h=yes
ac_cv_header_memory_h=yes
ac_cv_header_stdc=yes
ac_cv_header_stdint_h=yes
ac_cv_header_stdlib_h=yes
ac_cv_header_string_h=yes
ac_cv_header_strings_h=yes
ac_cv_header_sys_stat_h=yes
ac_cv_header_sys_types_h=yes
ac_cv_header_unistd_h=yes
ac_cv_host=arm-greenwave-linux-gnueabihf
ac_cv_objext=o
ac_cv_path_EGREP='/bin/grep -E'
ac_cv_path_FGREP='/bin/grep -F'
ac_cv_path_GREP=/bin/grep
ac_cv_path_SED=/bin/sed
ac_cv_path_ac_pt_PKG_CONFIG=/usr/bin/pkg-config
ac_cv_path_install='/usr/bin/install -c'
ac_cv_path_mkdir=/bin/mkdir
ac_cv_prog_AR=arm-greenwave-linux-gnueabihf-ar
ac_cv_prog_AWK=gawk
ac_cv_prog_CC=arm-greenwave-linux-gnueabihf-gcc
ac_cv_prog_CPP='arm-greenwave-linux-gnueabihf-gcc -E'
ac_cv_prog_OBJDUMP=arm-greenwave-linux-gnueabihf-objdump
ac_cv_prog_RANLIB=arm-greenwave-linux-gnueabihf-ranlib
ac_cv_prog_STRIP=arm-greenwave-linux-gnueabihf-strip
ac_cv_prog_ac_ct_MANIFEST_TOOL=mt
ac_cv_prog_cc_arm_greenwave_linux_gnueabihf_gcc_c_o=yes
ac_cv_prog_cc_c89=
ac_cv_prog_cc_g=yes
ac_cv_prog_make_make_set=yes
am_cv_CC_dependencies_compiler_type=gcc3
am_cv_ar_interface=ar
am_cv_make_support_nested_variables=yes
am_cv_prog_tar_pax=gnutar
lt_cv_ar_at_file=@
lt_cv_archive_cmds_need_lc=no
lt_cv_deplibs_check_method=pass_all
lt_cv_file_magic_cmd='$MAGIC_CMD'
lt_cv_file_magic_test_file=
lt_cv_ld_reload_flag=-r
lt_cv_nm_interface='BSD nm'
lt_cv_objdir=.libs
lt_cv_path_LD=/home/jenkins/slave/workspace/BHR4_Release_Build_FiOS1.3_PROD/output/toolchains/arm-cortex-a9_linaro-gcc47/arm-greenwave-linux-gnueabihf/bin/ld
lt_cv_path_NM='/home/jenkins/slave/workspace/BHR4_Release_Build_FiOS1.3_PROD/output/toolchains/arm-cortex-a9_linaro-gcc47/bin/arm-greenwave-linux-gnueabihf-nm -B'
lt_cv_path_mainfest_tool=no
lt_cv_prog_compiler_c_o=yes
lt_cv_prog_compiler_pic='-fPIC -DPIC'
lt_cv_prog_compiler_pic_works=yes
lt_cv_prog_compiler_rtti_exceptions=no
lt_cv_prog_compiler_static_works=yes
lt_cv_prog_gnu_ld=yes
lt_cv_sharedlib_from_linklib_cmd='printf %s\n'
lt_cv_shlibpath_overrides_runpath=no
lt_cv_sys_global_symbol_pipe='sed -n -e '\''s/^.*[	 ]\([ABCDGIRSTW][ABCDGIRSTW]*\)[	 ][	 ]*\([_A-Za-z][_A-Za-z0-9]*\)$/\1 \2 \2/p'\'' | sed '\''/ __gnu_lto/d'\'''
lt_cv_sys_global_symbol_to_c_name_address='sed -n -e '\''s/^: \([^ ]*\)[ ]*$/  {\"\1\", (void *) 0},/p'\'' -e '\''s/^[ABCDGIRSTW]* \([^ ]*\) \([^ ]*\)$/  {"\2", (void *) \&\2},/p'\'''
lt_cv_sys_global_symbol_to_c_name_address_lib_prefix='sed -n -e '\''s/^: \([^ ]*\)[ ]*$/  {\"\1\", (void *) 0},/p'\'' -e '\''s/^[ABCDGIRSTW]* \([^ ]*\) \(lib[^ ]*\)$/  {"\2", (void *) \&\2},/p'\'' -e '\''s/^[ABCDGIRSTW]* \([^ ]*\) \([^ ]*\)$/  {"lib\2", (void *) \&\2},/p'\'''
lt_cv_sys_global_symbol_to_cdecl='sed -n -e '\''s/^T .* \(.*\)$/extern int \1();/p'\'' -e '\''s/^[ABCDGIRSTW]* .* \(.*\)$/extern char \1;/p'\'''
lt_cv_sys_max_cmd_len=3458764513820540925
lt_cv_to_host_file_cmd=func_convert_file_noop
lt_cv_to_tool_file_cmd=func_convert_file_noop
pkg_cv_LIBMNL_CFLAGS='-I/include  '
pkg_cv_LIBMNL_LIBS='-lmnl  '

## ----------------- ##
## Output variables. ##
## ----------------- ##

ACLOCAL='${SHELL} /home/jenkins/slave/workspace/BHR4_Release_Build_FiOS1.3_PROD/output/bhr4/libnetfilter_acct-1.0.2/build-aux/missing --run aclocal-1.11'
AMDEPBACKSLASH='\'
AMDEP_FALSE='#'
AMDEP_TRUE=''
AMTAR='$${TAR-tar}'
AM_BACKSLASH='\'
AM_DEFAULT_V='$(AM_DEFAULT_VERBOSITY)'
AM_DEFAULT_VERBOSITY='0'
AM_V='$(V)'
AR='arm-greenwave-linux-gnueabihf-ar'
AUTOCONF='${SHELL} /home/jenkins/slave/workspace/BHR4_Release_Build_FiOS1.3_PROD/output/bhr4/libnetfilter_acct-1.0.2/build-aux/missing --run autoconf'
AUTOHEADER='${SHELL} /home/jenkins/slave/workspace/BHR4_Release_Build_FiOS1.3_PROD/output/bhr4/libnetfilter_acct-1.0.2/build-aux/missing --run autoheader'
AUTOMAKE='${SHELL} /home/jenkins/slave/workspace/BHR4_Release_Build_FiOS1.3_PROD/output/bhr4/libnetfilter_acct-1.0.2/build-aux/missing --run automake-1.11'
AWK='gawk'
CC='arm-greenwave-linux-gnueabihf-gcc'
CCDEPMODE='depmode=gcc3'
CFLAGS='-O2 -g   -I/home/jenkins/slave/workspace/BHR4_Release_Build_FiOS1.3_PROD/output/bhr4/include -isystem /home/jenkins/slave/workspace/BHR4_Release_Build_FiOS1.3_PROD/output/bhr4/thirdparty-include -march=armv7-a -mcpu=cortex-a9 -mtune=cortex-a9 -mfpu=vfpv3-d16 -mfloat-abi=hard  '
CPP='arm-greenwave-linux-gnueabihf-gcc -E'
CPPFLAGS='-O2 -g   -I/home/jenkins/slave/workspace/BHR4_Release_Build_FiOS1.3_PROD/output/bhr4/include -isystem /home/jenkins/slave/workspace/BHR4_Release_Build_FiOS1.3_PROD/output/bhr4/thirdparty-include -march=armv7-a -mcpu=cortex-a9 -mtune=cortex-a9 -mfpu=vfpv3-d16 -mfloat-abi=hard  '
CYGPATH_W='echo'
DEFS='-DHAVE_CONFIG_H'
DEPDIR='.deps'
DLLTOOL='false'
DSYMUTIL=''
DUMPBIN=''
ECHO_C=''
ECHO_N='-n'
ECHO_T=''
EGREP='/bin/grep -E'
EXEEXT=''
FGREP='/bin/grep -F'
GCC_FVISIBILITY_HIDDEN='-fvisibility=hidden'
GREP='/bin/grep'
INSTALL_DATA='${INSTALL} -m 644'
INSTALL_PROGRAM='${INSTALL}'
INSTALL_SCRIPT='${INSTALL}'
INSTALL_STRIP_PROGRAM='$(install_sh) -c -s'
LD='/home/jenkins/slave/workspace/BHR4_Release_Build_FiOS1.3_PROD/output/toolchains/arm-cortex-a9_linaro-gcc47/arm-greenwave-linux-gnueabihf/bin/ld'
LDFLAGS='-L/home/jenkins/slave/workspace/BHR4_Release_Build_FiOS1.3_PROD/output/bhr4/lib -Wl,-O1 -Wl,--as-needed '
LIBMNL_CFLAGS='-I/include  '
LIBMNL_LIBS='-lmnl  '
LIBOBJS=''
LIBS='-Wl,-rpath-link=/home/jenkins/slave/workspace/BHR4_Release_Build_FiOS1.3_PROD/output/bhr4/lib -Wl,-L/home/jenkins/slave/workspace/BHR4_Release_Build_FiOS1.3_PROD/output/bhr4/lib '
LIBTOOL='$(SHELL) $(top_builddir)/libtool'
LIPO=''
LN_S='ln -s'
LTLIBOBJS=''
MAKEINFO='${SHELL} /home/jenkins/slave/workspace/BHR4_Release_Build_FiOS1.3_PROD/output/bhr4/libnetfilter_acct-1.0.2/build-aux/missing --run makeinfo'
MANIFEST_TOOL=':'
MKDIR_P='/bin/mkdir -p'
NM='/home/jenkins/slave/workspace/BHR4_Release_Build_FiOS1.3_PROD/output/toolchains/arm-cortex-a9_linaro-gcc47/bin/arm-greenwave-linux-gnueabihf-nm -B'
NMEDIT=''
OBJDUMP='arm-greenwave-linux-gnueabihf-objdump'
OBJEXT='o'
OTOOL64=''
OTOOL=''
PACKAGE='libnetfilter_acct'
PACKAGE_BUGREPORT=''
PACKAGE_NAME='libnetfilter_acct'
PACKAGE_STRING='libnetfilter_acct 1.0.2'
PACKAGE_TARNAME='libnetfilter_acct'
PACKAGE_URL=''
PACKAGE_VERSION='1.0.2'
PATH_SEPARATOR=':'
PKG_CONFIG='/usr/bin/pkg-config'
PKG_CONFIG_LIBDIR='/home/jenkins/slave/workspace/BHR4_Release_Build_FiOS1.3_PROD/output/bhr4/lib/pkgconfig'
PKG_CONFIG_PATH=''
RANLIB='arm-greenwave-linux-gnueabihf-ranlib'
SED='/bin/sed'
SET_MAKE=''
SHELL='/bin/bash'
STRIP='arm-greenwave-linux-gnueabihf-strip'
VERSION='1.0.2'
ac_ct_AR=''
ac_ct_CC=''
ac_ct_DUMPBIN=''
am__EXEEXT_FALSE=''
am__EXEEXT_TRUE='#'
am__fastdepCC_FALSE='#'
am__fastdepCC_TRUE=''
am__include='include'
am__isrc=''
am__leading_dot='.'
am__nodep='_no'
am__quote=''
am__tar='tar --format=posix -chf - "$$tardir"'
am__untar='tar -xf -'
bindir='${exec_prefix}/bin'
build='x86_64-unknown-linux-gnu'
build_alias=''
build_cpu='x86_64'
build_os='linux-gnu'
build_vendor='unknown'
datadir='${datarootdir}'
datarootdir='${prefix}/share'
docdir='${datarootdir}/doc/${PACKAGE_TARNAME}'
dvidir='${docdir}'
exec_prefix='${prefix}'
host='arm-greenwave-linux-gnueabihf'
host_alias='arm-greenwave-linux-gnueabihf'
host_cpu='arm'
host_os='linux-gnueabihf'
host_vendor='greenwave'
htmldir='${docdir}'
includedir='${prefix}/include'
infodir='${datarootdir}/info'
install_sh='${SHELL} /home/jenkins/slave/workspace/BHR4_Release_Build_FiOS1.3_PROD/output/bhr4/libnetfilter_acct-1.0.2/build-aux/install-sh'
libdir='${exec_prefix}/lib'
libexecdir='${exec_prefix}/libexec'
localedir='${datarootdir}/locale'
localstatedir='${prefix}/var'
mandir='${datarootdir}/man'
mkdir_p='/bin/mkdir -p'
oldincludedir='/usr/include'
pdfdir='${docdir}'
prefix=''
program_transform_name='s,x,x,'
psdir='${docdir}'
regular_CFLAGS='-Wall -Waggregate-return -Wmissing-declarations 	-Wmissing-prototypes -Wshadow -Wstrict-prototypes 	-Wformat=2 -pipe'
regular_CPPFLAGS='-D_FILE_OFFSET_BITS=64 -D_REENTRANT'
sbindir='${exec_prefix}/sbin'
sharedstatedir='${prefix}/com'
sysconfdir='${prefix}/etc'
target_alias='arm-greenwave-linux-gnueabihf'

## ----------- ##
## confdefs.h. ##
## ----------- ##

/* confdefs.h */
#define PACKAGE_NAME "libnetfilter_acct"
#define PACKAGE_TARNAME "libnetfilter_acct"
#define PACKAGE_VERSION "1.0.2"
#define PACKAGE_STRING "libnetfilter_acct 1.0.2"
#define PACKAGE_BUGREPORT ""
#define PACKAGE_URL ""
#define PACKAGE "libnetfilter_acct"
#define VERSION "1.0.2"
#define STDC_HEADERS 1
#define HAVE_SYS_TYPES_H 1
#define HAVE_SYS_STAT_H 1
#define HAVE_STDLIB_H 1
#define HAVE_STRING_H 1
#define HAVE_MEMORY_H 1
#define HAVE_STRINGS_H 1
#define HAVE_INTTYPES_H 1
#define HAVE_STDINT_H 1
#define HAVE_UNISTD_H 1
#define HAVE_DLFCN_H 1
#define LT_OBJDIR ".libs/"
#define HAVE_VISIBILITY_HIDDEN 1

configure: exit 0
